#
# A fatal error has been detected by the Java Runtime Environment:
#
#  SIGSEGV (0xb) at pc=0x000000010d758d31, pid=1963, tid=36099
#
# JRE version: OpenJDK Runtime Environment (11.0.15) (build 11.0.15+0-b2043.56-8887301)
# Java VM: OpenJDK 64-Bit Server VM (11.0.15+0-b2043.56-8887301, mixed mode, tiered, compressed oops, g1 gc, bsd-amd64)
# Problematic frame:
# V  [libjvm.dylib+0x758d31]  SymbolTable::buckets_unlink(int, int, BasicHashtable<(MemoryType)9>::BucketUnlinkContext*)+0x53
#
# No core dump will be written. Core dumps have been disabled. To enable core dumping, try "ulimit -c unlimited" before starting Java again
#
# If you would like to submit a bug report, please visit:
#   https://bugreport.java.com/bugreport/crash.jsp
#

---------------  S U M M A R Y ------------

Command Line: --add-opens=java.base/java.util=ALL-UNNAMED --add-opens=java.base/java.lang=ALL-UNNAMED --add-opens=java.base/java.lang.invoke=ALL-UNNAMED --add-opens=java.base/java.util=ALL-UNNAMED --add-opens=java.prefs/java.util.prefs=ALL-UNNAMED --add-opens=java.prefs/java.util.prefs=ALL-UNNAMED --add-opens=java.base/java.nio.charset=ALL-UNNAMED --add-opens=java.base/java.net=ALL-UNNAMED --add-opens=java.base/java.util.concurrent.atomic=ALL-UNNAMED -Xmx2048m -Dfile.encoding=UTF-8 -Duser.country=IN -Duser.language=en -Duser.variant org.gradle.launcher.daemon.bootstrap.GradleDaemon 7.3.3

Host: MacBookPro9,1 x86_64 2300 MHz, 8 cores, 8G, Darwin 19.6.0
Time: Mon Nov 20 10:30:39 2023 IST elapsed time: 2.178153 seconds (0d 0h 0m 2s)

---------------  T H R E A D  ---------------

Current thread (0x00007fba72afc800):  GCTaskThread "GC Thread#5" [stack: 0x000070000f1c3000,0x000070000f2c3000] [id=36099]

Stack: [0x000070000f1c3000,0x000070000f2c3000],  sp=0x000070000f2c2e10,  free space=1023k
Native frames: (J=compiled Java code, A=aot compiled Java code, j=interpreted, Vv=VM code, C=native code)
V  [libjvm.dylib+0x758d31]  SymbolTable::buckets_unlink(int, int, BasicHashtable<(MemoryType)9>::BucketUnlinkContext*)+0x53
V  [libjvm.dylib+0x758e47]  SymbolTable::possibly_parallel_unlink(int*, int*)+0x59
V  [libjvm.dylib+0x31c508]  G1StringAndSymbolCleaningTask::work(unsigned int)+0x74
V  [libjvm.dylib+0x31c16a]  G1ParallelCleaningTask::work(unsigned int)+0x38
V  [libjvm.dylib+0x7f7483]  GangWorker::loop()+0x43
V  [libjvm.dylib+0x787a46]  Thread::call_run()+0x68
V  [libjvm.dylib+0x631dbb]  thread_native_entry(Thread*)+0x12d
C  [libsystem_pthread.dylib+0x6109]  _pthread_start+0x94
C  [libsystem_pthread.dylib+0x1b8b]  thread_start+0xf


siginfo: si_signo: 11 (SIGSEGV), si_code: 1 (SEGV_MAPERR), si_addr: 0x00007fb87589c25a

Register to memory mapping:

RAX=0x0 is NULL
RBX=0x00007fba718b3518 points into unknown readable memory: 0x74726570073cc322 | 22 c3 3c 07 70 65 72 74
RCX=0x0 is NULL
RDX=0x000070000f2c2e50 points into unknown readable memory: 0x0000000300001c1d | 1d 1c 00 00 03 00 00 00
RSP=0x000070000f2c2e10 points into unknown readable memory: 0x0000000000000000 | 00 00 00 00 00 00 00 00
RBP=0x000070000f2c2e40 points into unknown readable memory: 0x000070000f2c2e90 | 90 2e 2c 0f 00 70 00 00
RSI=0x0000000000003e20 is an unknown value
RDI=0x00007fb87589c258 is an unknown value
R8 =0x0000000000002f92 is an unknown value
R9 =0x0000000000000007 is an unknown value
R10=0x00007fba71400000 points into unknown readable memory: 0x0000000000000000 | 00 00 00 00 00 00 00 00
R11=0x0 is NULL
R12=0x0000000000003e11 is an unknown value
R13=0x00007fba75bc0af8 points into unknown readable memory: 0x00007fba718b3518 | 18 35 8b 71 ba 7f 00 00
R14=0x0000000000003e20 is an unknown value
R15=0x000070000f2c2e50 points into unknown readable memory: 0x0000000300001c1d | 1d 1c 00 00 03 00 00 00


Registers:
RAX=0x0000000000000000, RBX=0x00007fba718b3518, RCX=0x0000000000000000, RDX=0x000070000f2c2e50
RSP=0x000070000f2c2e10, RBP=0x000070000f2c2e40, RSI=0x0000000000003e20, RDI=0x00007fb87589c258
R8 =0x0000000000002f92, R9 =0x0000000000000007, R10=0x00007fba71400000, R11=0x0000000000000000
R12=0x0000000000003e11, R13=0x00007fba75bc0af8, R14=0x0000000000003e20, R15=0x000070000f2c2e50
RIP=0x000000010d758d31, EFLAGS=0x0000000000010206, ERR=0x0000000000000004
  TRAPNO=0x000000000000000e

Top of Stack: (sp=0x000070000f2c2e10)
0x000070000f2c2e10:   0000000000000000 0000000000004e2b
0x000070000f2c2e20:   000070000f2c2e50 000000010d9e8ba0
0x000070000f2c2e30:   000070000f2c2eac 000070000f2c2ea8
0x000070000f2c2e40:   000070000f2c2e90 000000010d758e47
0x000070000f2c2e50:   0000000300001c1d 00007fba72f49f40
0x000070000f2c2e60:   00007fba71d1fe58 000070000d66b4b8
0x000070000f2c2e70:   000070000f2c2eac 0000000000000000
0x000070000f2c2e80:   0000000000000002 000070000f2c2ea8
0x000070000f2c2e90:   000070000f2c2ed0 000000010d31c508
0x000070000f2c2ea0:   0000000000000000 0000000000000000
0x000070000f2c2eb0:   000070000d66b4a0 000070000d66b4a0
0x000070000f2c2ec0:   0000000000000002 000070000d66b538
0x000070000f2c2ed0:   000070000f2c2f00 000000010d31c16a
0x000070000f2c2ee0:   000070000d66b4a0 0000000000000002
0x000070000f2c2ef0:   000070000f2c2f18 00007fba72afc800
0x000070000f2c2f00:   000070000f2c2f40 000000010d7f7483
0x000070000f2c2f10:   00007fba72afc800 00007fbaffffffff
0x000070000f2c2f20:   00007fba72afc800 00007fba730fbbc0
0x000070000f2c2f30:   00007fba72afc800 000000000000902e
0x000070000f2c2f40:   000070000f2c2f60 000000010d787a46
0x000070000f2c2f50:   0000000000000000 00007fba730fbb50
0x000070000f2c2f60:   000070000f2c2fb0 000000010d631dbb
0x000070000f2c2f70:   000000000000902e 000070000f2c30e0
0x000070000f2c2f80:   000070000f2c3180 0000000600000000
0x000070000f2c2f90:   000070000f2c3000 0000000000000000
0x000070000f2c2fa0:   0000000000000000 0000000000000000
0x000070000f2c2fb0:   000070000f2c2fd0 00007fff71de8109
0x000070000f2c2fc0:   0000000000000000 0000000000000000
0x000070000f2c2fd0:   000070000f2c2ff0 00007fff71de3b8b
0x000070000f2c2fe0:   0000000000000000 0000000000000000
0x000070000f2c2ff0:   0000000000000000 0000000000000000
0x000070000f2c3000:   f54e63863905eea0 0000000000000000 

Instructions: (pc=0x000000010d758d31)
0x000000010d758c31:   48 8b 5b 08 48 83 e3 fe 75 e9 49 ff c7 4d 39 f7
0x000000010d758c41:   74 09 48 8b 05 0e ff 28 00 eb cb 5b 41 5c 41 5e
0x000000010d758c51:   41 5f 5d c3 90 55 48 89 e5 41 57 41 56 41 55 41
0x000000010d758c61:   54 53 48 83 ec 18 48 8b 05 ea fe 28 00 8b 08 48
0x000000010d758c71:   89 4d d0 85 c9 7e 56 48 89 fb 45 31 e4 4c 8d 2d
0x000000010d758c81:   5b 12 21 00 4c 8d 75 c0 48 8b 40 08 4e 8b 3c e0
0x000000010d758c91:   4d 85 ff 74 26 49 8d 47 10 4c 89 6d c0 48 89 45
0x000000010d758ca1:   c8 48 89 df 4c 89 f6 ba 02 00 00 00 e8 e8 9d e8
0x000000010d758cb1:   ff 4d 8b 7f 08 49 83 e7 fe 75 da 49 ff c4 4c 3b
0x000000010d758cc1:   65 d0 74 09 48 8b 05 8c fe 28 00 eb bb 48 83 c4
0x000000010d758cd1:   18 5b 41 5c 41 5d 41 5e 41 5f 5d c3 90 55 48 89
0x000000010d758ce1:   e5 41 57 41 56 41 55 41 54 53 50 39 f7 0f 8d 80
0x000000010d758cf1:   00 00 00 49 89 d7 41 89 f6 4c 63 e7 48 8b 05 54
0x000000010d758d01:   fe 28 00 48 8b 40 08 4a 8b 1c e0 48 85 db 74 5b
0x000000010d758d11:   4e 8d 2c e0 83 3d b4 93 25 00 00 75 0c 48 8b 43
0x000000010d758d21:   08 83 e0 01 48 85 c0 75 42 48 8b 7b 10 41 ff 07
0x000000010d758d31:   66 83 7f 02 00 74 09 48 83 c3 08 49 89 dd eb 21
0x000000010d758d41:   48 85 ff 74 05 e8 0f f2 ff ff 48 8b 43 08 48 83
0x000000010d758d51:   e0 fe 49 89 45 00 4c 89 ff 48 89 de e8 34 13 c3
0x000000010d758d61:   ff 49 8b 5d 00 48 83 e3 fe 75 a9 49 ff c4 45 39
0x000000010d758d71:   f4 75 89 48 83 c4 08 5b 41 5c 41 5d 41 5e 41 5f
0x000000010d758d81:   5d c3 90 55 48 89 e5 41 57 41 56 53 48 83 ec 18
0x000000010d758d91:   49 89 f6 49 89 ff 0f 57 c0 48 8d 5d d0 0f 29 03
0x000000010d758da1:   48 c7 43 10 00 00 00 00 48 8b 05 a8 fd 28 00 8b
0x000000010d758db1:   30 31 ff 48 89 da e8 22 ff ff ff 48 8b 3d 95 fd
0x000000010d758dc1:   28 00 48 89 de e8 eb 12 c3 ff 8b 03 41 89 07 8b
0x000000010d758dd1:   4b 04 41 89 0e 89 0d bc fd 28 00 89 05 ba fd 28
0x000000010d758de1:   00 48 83 c4 18 5b 41 5e 41 5f 5d c3 90 55 48 89
0x000000010d758df1:   e5 41 57 41 56 41 55 41 54 53 48 83 ec 18 49 89
0x000000010d758e01:   f6 49 89 ff 48 8b 05 4c fd 28 00 8b 18 0f 57 c0
0x000000010d758e11:   0f 29 45 c0 48 c7 45 d0 00 00 00 00 4c 8d 2d 7c
0x000000010d758e21:   fd 28 00 bf 20 00 00 00 f0 41 0f c1 7d 00 39 df 


Stack slot to memory mapping:
stack at sp + 0 slots: 0x0 is NULL
stack at sp + 1 slots: 0x0000000000004e2b is an unknown value
stack at sp + 2 slots: 0x000070000f2c2e50 points into unknown readable memory: 0x0000000300001c1d | 1d 1c 00 00 03 00 00 00
stack at sp + 3 slots: 0x000000010d9e8ba0: _ZN11SymbolTable21_parallel_claimed_idxE+0 in /Applications/Android Studio.app/Contents/jbr/Contents/Home/lib/server/libjvm.dylib at 0x000000010d000000
stack at sp + 4 slots: 0x000070000f2c2eac points into unknown readable memory: 00 00 00 00
stack at sp + 5 slots: 0x000070000f2c2ea8 points into unknown readable memory: 0x0000000000000000 | 00 00 00 00 00 00 00 00
stack at sp + 6 slots: 0x000070000f2c2e90 points into unknown readable memory: 0x000070000f2c2ed0 | d0 2e 2c 0f 00 70 00 00
stack at sp + 7 slots: 0x000000010d758e47: _ZN11SymbolTable24possibly_parallel_unlinkEPiS0_+0x59 in /Applications/Android Studio.app/Contents/jbr/Contents/Home/lib/server/libjvm.dylib at 0x000000010d000000


---------------  P R O C E S S  ---------------

Threads class SMR info:
_java_thread_list=0x00007fba730f7b20, length=22, elements={
0x00007fba71812800, 0x00007fba7580c800, 0x00007fba75813000, 0x00007fba7580f000,
0x00007fba728af800, 0x00007fba75820000, 0x00007fba75821000, 0x00007fba75822000,
0x00007fba71826800, 0x00007fba728d9800, 0x00007fba75dda000, 0x00007fba7246b800,
0x00007fba75f61800, 0x00007fba71d18800, 0x00007fba7189d000, 0x00007fba71d19800,
0x00007fba7246e000, 0x00007fba75f65000, 0x00007fba728f8800, 0x00007fba7245a800,
0x00007fba726f7000, 0x00007fba72925000
}

Java Threads: ( => current thread )
  0x00007fba71812800 JavaThread "main" [_thread_blocked, id=10243, stack(0x000070000cf5a000,0x000070000d05a000)]
  0x00007fba7580c800 JavaThread "Reference Handler" daemon [_thread_blocked, id=18179, stack(0x000070000d66f000,0x000070000d76f000)]
  0x00007fba75813000 JavaThread "Finalizer" daemon [_thread_blocked, id=17667, stack(0x000070000d772000,0x000070000d872000)]
  0x00007fba7580f000 JavaThread "Signal Dispatcher" daemon [_thread_blocked, id=15619, stack(0x000070000d97b000,0x000070000da7b000)]
  0x00007fba728af800 JavaThread "Service Thread" daemon [_thread_blocked, id=43267, stack(0x000070000da7e000,0x000070000db7e000)]
  0x00007fba75820000 JavaThread "C2 CompilerThread0" daemon [_thread_blocked, id=43011, stack(0x000070000db81000,0x000070000dc81000)]
  0x00007fba75821000 JavaThread "C1 CompilerThread0" daemon [_thread_blocked, id=22787, stack(0x000070000dc84000,0x000070000dd84000)]
  0x00007fba75822000 JavaThread "Sweeper thread" daemon [_thread_blocked, id=41987, stack(0x000070000dd87000,0x000070000de87000)]
  0x00007fba71826800 JavaThread "Common-Cleaner" daemon [_thread_blocked, id=41475, stack(0x000070000de8a000,0x000070000df8a000)]
  0x00007fba728d9800 JavaThread "Daemon health stats" [_thread_blocked, id=24579, stack(0x000070000e296000,0x000070000e396000)]
  0x00007fba75dda000 JavaThread "Incoming local TCP Connector on port 52529" [_thread_in_native, id=25091, stack(0x000070000e399000,0x000070000e499000)]
  0x00007fba7246b800 JavaThread "Daemon periodic checks" [_thread_blocked, id=25859, stack(0x000070000e49c000,0x000070000e59c000)]
  0x00007fba75f61800 JavaThread "Daemon" [_thread_blocked, id=39939, stack(0x000070000e59f000,0x000070000e69f000)]
  0x00007fba71d18800 JavaThread "Handler for socket connection from /127.0.0.1:52529 to /127.0.0.1:52530" [_thread_in_native, id=39427, stack(0x000070000e6a2000,0x000070000e7a2000)]
  0x00007fba7189d000 JavaThread "Cancel handler" [_thread_blocked, id=27139, stack(0x000070000e7a5000,0x000070000e8a5000)]
  0x00007fba71d19800 JavaThread "Daemon worker" [_thread_blocked, id=27651, stack(0x000070000e8a8000,0x000070000e9a8000)]
  0x00007fba7246e000 JavaThread "Asynchronous log dispatcher for DefaultDaemonConnection: socket connection from /127.0.0.1:52529 to /127.0.0.1:52530" [_thread_blocked, id=28163, stack(0x000070000e9ab000,0x000070000eaab000)]
  0x00007fba75f65000 JavaThread "Stdin handler" [_thread_blocked, id=38659, stack(0x000070000eaae000,0x000070000ebae000)]
  0x00007fba728f8800 JavaThread "Daemon client event forwarder" [_thread_blocked, id=38147, stack(0x000070000ebb1000,0x000070000ecb1000)]
  0x00007fba7245a800 JavaThread "Cache worker for journal cache (/Users/alauddinansari/.gradle/caches/journal-1)" [_thread_blocked, id=29699, stack(0x000070000ecb4000,0x000070000edb4000)]
  0x00007fba726f7000 JavaThread "File lock request listener" [_thread_in_native, id=29955, stack(0x000070000edb7000,0x000070000eeb7000)]
  0x00007fba72925000 JavaThread "Cache worker for file hash cache (/Users/alauddinansari/.gradle/caches/7.3.3/fileHashes)" [_thread_blocked, id=36867, stack(0x000070000eeba000,0x000070000efba000)]

Other Threads:
  0x00007fba75812800 VMThread "VM Thread" [stack: 0x000070000d56c000,0x000070000d66c000] [id=13315]
  0x00007fba7182c000 WatcherThread [stack: 0x000070000df8d000,0x000070000e08d000] [id=23555]
  0x00007fba71814800 GCTaskThread "GC Thread#0" [stack: 0x000070000d05d000,0x000070000d15d000] [id=20995]
  0x00007fba7291e000 GCTaskThread "GC Thread#1" [stack: 0x000070000e090000,0x000070000e190000] [id=40963]
  0x00007fba7202e000 GCTaskThread "GC Thread#2" [stack: 0x000070000e193000,0x000070000e293000] [id=40707]
  0x00007fba72c2f800 GCTaskThread "GC Thread#3" [stack: 0x000070000efbd000,0x000070000f0bd000] [id=30467]
  0x00007fba72c30800 GCTaskThread "GC Thread#4" [stack: 0x000070000f0c0000,0x000070000f1c0000] [id=36611]
=>0x00007fba72afc800 GCTaskThread "GC Thread#5" [stack: 0x000070000f1c3000,0x000070000f2c3000] [id=36099]
  0x00007fba72afd800 GCTaskThread "GC Thread#6" [stack: 0x000070000f2c6000,0x000070000f3c6000] [id=30979]
  0x00007fba78a9d800 GCTaskThread "GC Thread#7" [stack: 0x000070000f3c9000,0x000070000f4c9000] [id=35587]
  0x00007fba72829000 ConcurrentGCThread "G1 Main Marker" [stack: 0x000070000d160000,0x000070000d260000] [id=11779]
  0x00007fba7282a000 ConcurrentGCThread "G1 Conc#0" [stack: 0x000070000d263000,0x000070000d363000] [id=19971]
  0x00007fba788ea000 ConcurrentGCThread "G1 Conc#1" [stack: 0x000070000f4cc000,0x000070000f5cc000] [id=35331]
  0x00007fba7288a800 ConcurrentGCThread "G1 Refine#0" [stack: 0x000070000d366000,0x000070000d466000] [id=19459]
  0x00007fba72014000 ConcurrentGCThread "G1 Young RemSet Sampling" [stack: 0x000070000d469000,0x000070000d569000] [id=19203]

Threads with active compile tasks:
C2 CompilerThread0     2197 1621  s!   4       jdk.internal.loader.URLClassPath::getLoader (194 bytes)
C1 CompilerThread0     2197 1785       3       sun.invoke.util.BytecodeDescriptor::unparseMethod (66 bytes)

VM state:at safepoint (normal execution)

VM Mutex/Monitor currently owned by a thread:  ([mutex/lock_event])
[0x00007fba714101f0] Threads_lock - owner thread: 0x00007fba75812800
[0x00007fba714108f0] Heap_lock - owner thread: 0x00007fba72829000

Heap address: 0x0000000780000000, size: 2048 MB, Compressed Oops mode: Zero based, Oop shift amount: 3
Narrow klass base: 0x0000000800000000, Narrow klass shift: 0
Compressed class space size: 1073741824 Address: 0x0000000800000000

Heap:
 garbage-first heap   total 131072K, used 17553K [0x0000000780000000, 0x0000000800000000)
  region size 1024K, 4 young (4096K), 3 survivors (3072K)
 Metaspace       used 20803K, capacity 21308K, committed 21552K, reserved 1069056K
  class space    used 2517K, capacity 2687K, committed 2688K, reserved 1048576K
Heap Regions: E=young(eden), S=young(survivor), O=old, HS=humongous(starts), HC=humongous(continues), CS=collection set, F=free, A=archive, TAMS=top-at-mark-start (previous, next)
|   0|0x0000000780000000, 0x0000000780100000, 0x0000000780100000|100%| O|  |TAMS 0x0000000780000000, 0x0000000780100000| Untracked 
|   1|0x0000000780100000, 0x0000000780200000, 0x0000000780200000|100%| O|  |TAMS 0x0000000780100000, 0x0000000780200000| Untracked 
|   2|0x0000000780200000, 0x0000000780300000, 0x0000000780300000|100%| O|  |TAMS 0x0000000780200000, 0x0000000780300000| Untracked 
|   3|0x0000000780300000, 0x0000000780400000, 0x0000000780400000|100%|HS|  |TAMS 0x0000000780300000, 0x0000000780400000| Complete 
|   4|0x0000000780400000, 0x0000000780500000, 0x0000000780500000|100%|HC|  |TAMS 0x0000000780400000, 0x0000000780500000| Complete 
|   5|0x0000000780500000, 0x0000000780600000, 0x0000000780600000|100%|HC|  |TAMS 0x0000000780500000, 0x0000000780600000| Complete 
|   6|0x0000000780600000, 0x0000000780700000, 0x0000000780700000|100%| O|  |TAMS 0x0000000780600000, 0x0000000780700000| Untracked 
|   7|0x0000000780700000, 0x0000000780800000, 0x0000000780800000|100%| O|  |TAMS 0x0000000780700000, 0x0000000780800000| Untracked 
|   8|0x0000000780800000, 0x0000000780900000, 0x0000000780900000|100%| O|  |TAMS 0x0000000780800000, 0x0000000780900000| Untracked 
|   9|0x0000000780900000, 0x0000000780a00000, 0x0000000780a00000|100%| O|  |TAMS 0x0000000780900000, 0x0000000780a00000| Untracked 
|  10|0x0000000780a00000, 0x0000000780b00000, 0x0000000780b00000|100%| O|  |TAMS 0x0000000780a00000, 0x0000000780b00000| Untracked 
|  11|0x0000000780b00000, 0x0000000780c00000, 0x0000000780c00000|100%| O|  |TAMS 0x0000000780b00000, 0x0000000780c00000| Untracked 
|  12|0x0000000780c00000, 0x0000000780d00000, 0x0000000780d00000|100%| O|  |TAMS 0x0000000780c00000, 0x0000000780d00000| Untracked 
|  13|0x0000000780d00000, 0x0000000780e00000, 0x0000000780e00000|100%| O|  |TAMS 0x0000000780d00000, 0x0000000780e00000| Untracked 
|  14|0x0000000780e00000, 0x0000000780e35000, 0x0000000780f00000| 20%| O|  |TAMS 0x0000000780e00000, 0x0000000780e35000| Untracked 
|  15|0x0000000780f00000, 0x0000000780f00000, 0x0000000781000000|  0%| F|  |TAMS 0x0000000780f00000, 0x0000000780f00000| Untracked 
|  16|0x0000000781000000, 0x0000000781000000, 0x0000000781100000|  0%| F|  |TAMS 0x0000000781000000, 0x0000000781000000| Untracked 
|  17|0x0000000781100000, 0x0000000781100000, 0x0000000781200000|  0%| F|  |TAMS 0x0000000781100000, 0x0000000781100000| Untracked 
|  18|0x0000000781200000, 0x0000000781200000, 0x0000000781300000|  0%| F|  |TAMS 0x0000000781200000, 0x0000000781200000| Untracked 
|  19|0x0000000781300000, 0x0000000781300000, 0x0000000781400000|  0%| F|  |TAMS 0x0000000781300000, 0x0000000781300000| Untracked 
|  20|0x0000000781400000, 0x0000000781400000, 0x0000000781500000|  0%| F|  |TAMS 0x0000000781400000, 0x0000000781400000| Untracked 
|  21|0x0000000781500000, 0x0000000781500000, 0x0000000781600000|  0%| F|  |TAMS 0x0000000781500000, 0x0000000781500000| Untracked 
|  22|0x0000000781600000, 0x0000000781600000, 0x0000000781700000|  0%| F|  |TAMS 0x0000000781600000, 0x0000000781600000| Untracked 
|  23|0x0000000781700000, 0x0000000781700000, 0x0000000781800000|  0%| F|  |TAMS 0x0000000781700000, 0x0000000781700000| Untracked 
|  24|0x0000000781800000, 0x0000000781800000, 0x0000000781900000|  0%| F|  |TAMS 0x0000000781800000, 0x0000000781800000| Untracked 
|  25|0x0000000781900000, 0x0000000781900000, 0x0000000781a00000|  0%| F|  |TAMS 0x0000000781900000, 0x0000000781900000| Untracked 
|  26|0x0000000781a00000, 0x0000000781a00000, 0x0000000781b00000|  0%| F|  |TAMS 0x0000000781a00000, 0x0000000781a00000| Untracked 
|  27|0x0000000781b00000, 0x0000000781b00000, 0x0000000781c00000|  0%| F|  |TAMS 0x0000000781b00000, 0x0000000781b00000| Untracked 
|  28|0x0000000781c00000, 0x0000000781c00000, 0x0000000781d00000|  0%| F|  |TAMS 0x0000000781c00000, 0x0000000781c00000| Untracked 
|  29|0x0000000781d00000, 0x0000000781d00000, 0x0000000781e00000|  0%| F|  |TAMS 0x0000000781d00000, 0x0000000781d00000| Untracked 
|  30|0x0000000781e00000, 0x0000000781e00000, 0x0000000781f00000|  0%| F|  |TAMS 0x0000000781e00000, 0x0000000781e00000| Untracked 
|  31|0x0000000781f00000, 0x0000000781f00000, 0x0000000782000000|  0%| F|  |TAMS 0x0000000781f00000, 0x0000000781f00000| Untracked 
|  32|0x0000000782000000, 0x0000000782000000, 0x0000000782100000|  0%| F|  |TAMS 0x0000000782000000, 0x0000000782000000| Untracked 
|  33|0x0000000782100000, 0x0000000782100000, 0x0000000782200000|  0%| F|  |TAMS 0x0000000782100000, 0x0000000782100000| Untracked 
|  34|0x0000000782200000, 0x0000000782200000, 0x0000000782300000|  0%| F|  |TAMS 0x0000000782200000, 0x0000000782200000| Untracked 
|  35|0x0000000782300000, 0x0000000782300000, 0x0000000782400000|  0%| F|  |TAMS 0x0000000782300000, 0x0000000782300000| Untracked 
|  36|0x0000000782400000, 0x0000000782400000, 0x0000000782500000|  0%| F|  |TAMS 0x0000000782400000, 0x0000000782400000| Untracked 
|  37|0x0000000782500000, 0x0000000782500000, 0x0000000782600000|  0%| F|  |TAMS 0x0000000782500000, 0x0000000782500000| Untracked 
|  38|0x0000000782600000, 0x0000000782600000, 0x0000000782700000|  0%| F|  |TAMS 0x0000000782600000, 0x0000000782600000| Untracked 
|  39|0x0000000782700000, 0x0000000782700000, 0x0000000782800000|  0%| F|  |TAMS 0x0000000782700000, 0x0000000782700000| Untracked 
|  40|0x0000000782800000, 0x0000000782800000, 0x0000000782900000|  0%| F|  |TAMS 0x0000000782800000, 0x0000000782800000| Untracked 
|  41|0x0000000782900000, 0x0000000782900000, 0x0000000782a00000|  0%| F|  |TAMS 0x0000000782900000, 0x0000000782900000| Untracked 
|  42|0x0000000782a00000, 0x0000000782a00000, 0x0000000782b00000|  0%| F|  |TAMS 0x0000000782a00000, 0x0000000782a00000| Untracked 
|  43|0x0000000782b00000, 0x0000000782b00000, 0x0000000782c00000|  0%| F|  |TAMS 0x0000000782b00000, 0x0000000782b00000| Untracked 
|  44|0x0000000782c00000, 0x0000000782c00000, 0x0000000782d00000|  0%| F|  |TAMS 0x0000000782c00000, 0x0000000782c00000| Untracked 
|  45|0x0000000782d00000, 0x0000000782d00000, 0x0000000782e00000|  0%| F|  |TAMS 0x0000000782d00000, 0x0000000782d00000| Untracked 
|  46|0x0000000782e00000, 0x0000000782e00000, 0x0000000782f00000|  0%| F|  |TAMS 0x0000000782e00000, 0x0000000782e00000| Untracked 
|  47|0x0000000782f00000, 0x0000000782f00000, 0x0000000783000000|  0%| F|  |TAMS 0x0000000782f00000, 0x0000000782f00000| Untracked 
|  48|0x0000000783000000, 0x0000000783000000, 0x0000000783100000|  0%| F|  |TAMS 0x0000000783000000, 0x0000000783000000| Untracked 
|  49|0x0000000783100000, 0x0000000783100000, 0x0000000783200000|  0%| F|  |TAMS 0x0000000783100000, 0x0000000783100000| Untracked 
|  50|0x0000000783200000, 0x0000000783200000, 0x0000000783300000|  0%| F|  |TAMS 0x0000000783200000, 0x0000000783200000| Untracked 
|  51|0x0000000783300000, 0x0000000783300000, 0x0000000783400000|  0%| F|  |TAMS 0x0000000783300000, 0x0000000783300000| Untracked 
|  52|0x0000000783400000, 0x0000000783400000, 0x0000000783500000|  0%| F|  |TAMS 0x0000000783400000, 0x0000000783400000| Untracked 
|  53|0x0000000783500000, 0x0000000783500000, 0x0000000783600000|  0%| F|  |TAMS 0x0000000783500000, 0x0000000783500000| Untracked 
|  54|0x0000000783600000, 0x0000000783600000, 0x0000000783700000|  0%| F|  |TAMS 0x0000000783600000, 0x0000000783600000| Untracked 
|  55|0x0000000783700000, 0x0000000783700000, 0x0000000783800000|  0%| F|  |TAMS 0x0000000783700000, 0x0000000783700000| Untracked 
|  56|0x0000000783800000, 0x0000000783800000, 0x0000000783900000|  0%| F|  |TAMS 0x0000000783800000, 0x0000000783800000| Untracked 
|  57|0x0000000783900000, 0x0000000783900000, 0x0000000783a00000|  0%| F|  |TAMS 0x0000000783900000, 0x0000000783900000| Untracked 
|  58|0x0000000783a00000, 0x0000000783a00000, 0x0000000783b00000|  0%| F|  |TAMS 0x0000000783a00000, 0x0000000783a00000| Untracked 
|  59|0x0000000783b00000, 0x0000000783b00000, 0x0000000783c00000|  0%| F|  |TAMS 0x0000000783b00000, 0x0000000783b00000| Untracked 
|  60|0x0000000783c00000, 0x0000000783c00000, 0x0000000783d00000|  0%| F|  |TAMS 0x0000000783c00000, 0x0000000783c00000| Untracked 
|  61|0x0000000783d00000, 0x0000000783d00000, 0x0000000783e00000|  0%| F|  |TAMS 0x0000000783d00000, 0x0000000783d00000| Untracked 
|  62|0x0000000783e00000, 0x0000000783e00000, 0x0000000783f00000|  0%| F|  |TAMS 0x0000000783e00000, 0x0000000783e00000| Untracked 
|  63|0x0000000783f00000, 0x0000000783f00000, 0x0000000784000000|  0%| F|  |TAMS 0x0000000783f00000, 0x0000000783f00000| Untracked 
|  64|0x0000000784000000, 0x0000000784000000, 0x0000000784100000|  0%| F|  |TAMS 0x0000000784000000, 0x0000000784000000| Untracked 
|  65|0x0000000784100000, 0x0000000784100000, 0x0000000784200000|  0%| F|  |TAMS 0x0000000784100000, 0x0000000784100000| Untracked 
|  66|0x0000000784200000, 0x0000000784200000, 0x0000000784300000|  0%| F|  |TAMS 0x0000000784200000, 0x0000000784200000| Untracked 
|  67|0x0000000784300000, 0x0000000784300000, 0x0000000784400000|  0%| F|  |TAMS 0x0000000784300000, 0x0000000784300000| Untracked 
|  68|0x0000000784400000, 0x0000000784400000, 0x0000000784500000|  0%| F|  |TAMS 0x0000000784400000, 0x0000000784400000| Untracked 
|  69|0x0000000784500000, 0x0000000784500000, 0x0000000784600000|  0%| F|  |TAMS 0x0000000784500000, 0x0000000784500000| Untracked 
|  70|0x0000000784600000, 0x0000000784600000, 0x0000000784700000|  0%| F|  |TAMS 0x0000000784600000, 0x0000000784600000| Untracked 
|  71|0x0000000784700000, 0x0000000784700000, 0x0000000784800000|  0%| F|  |TAMS 0x0000000784700000, 0x0000000784700000| Untracked 
|  72|0x0000000784800000, 0x0000000784800000, 0x0000000784900000|  0%| F|  |TAMS 0x0000000784800000, 0x0000000784800000| Untracked 
|  73|0x0000000784900000, 0x0000000784900000, 0x0000000784a00000|  0%| F|  |TAMS 0x0000000784900000, 0x0000000784900000| Untracked 
|  74|0x0000000784a00000, 0x0000000784a00000, 0x0000000784b00000|  0%| F|  |TAMS 0x0000000784a00000, 0x0000000784a00000| Untracked 
|  75|0x0000000784b00000, 0x0000000784b00000, 0x0000000784c00000|  0%| F|  |TAMS 0x0000000784b00000, 0x0000000784b00000| Untracked 
|  76|0x0000000784c00000, 0x0000000784c00000, 0x0000000784d00000|  0%| F|  |TAMS 0x0000000784c00000, 0x0000000784c00000| Untracked 
|  77|0x0000000784d00000, 0x0000000784d00000, 0x0000000784e00000|  0%| F|  |TAMS 0x0000000784d00000, 0x0000000784d00000| Untracked 
|  78|0x0000000784e00000, 0x0000000784e00000, 0x0000000784f00000|  0%| F|  |TAMS 0x0000000784e00000, 0x0000000784e00000| Untracked 
|  79|0x0000000784f00000, 0x0000000784f00000, 0x0000000785000000|  0%| F|  |TAMS 0x0000000784f00000, 0x0000000784f00000| Untracked 
|  80|0x0000000785000000, 0x0000000785000000, 0x0000000785100000|  0%| F|  |TAMS 0x0000000785000000, 0x0000000785000000| Untracked 
|  81|0x0000000785100000, 0x0000000785100000, 0x0000000785200000|  0%| F|  |TAMS 0x0000000785100000, 0x0000000785100000| Untracked 
|  82|0x0000000785200000, 0x0000000785200000, 0x0000000785300000|  0%| F|  |TAMS 0x0000000785200000, 0x0000000785200000| Untracked 
|  83|0x0000000785300000, 0x0000000785300000, 0x0000000785400000|  0%| F|  |TAMS 0x0000000785300000, 0x0000000785300000| Untracked 
|  84|0x0000000785400000, 0x0000000785400000, 0x0000000785500000|  0%| F|  |TAMS 0x0000000785400000, 0x0000000785400000| Untracked 
|  85|0x0000000785500000, 0x0000000785500000, 0x0000000785600000|  0%| F|  |TAMS 0x0000000785500000, 0x0000000785500000| Untracked 
|  86|0x0000000785600000, 0x0000000785600000, 0x0000000785700000|  0%| F|  |TAMS 0x0000000785600000, 0x0000000785600000| Untracked 
|  87|0x0000000785700000, 0x0000000785700000, 0x0000000785800000|  0%| F|  |TAMS 0x0000000785700000, 0x0000000785700000| Untracked 
|  88|0x0000000785800000, 0x0000000785800000, 0x0000000785900000|  0%| F|  |TAMS 0x0000000785800000, 0x0000000785800000| Untracked 
|  89|0x0000000785900000, 0x0000000785900000, 0x0000000785a00000|  0%| F|  |TAMS 0x0000000785900000, 0x0000000785900000| Untracked 
|  90|0x0000000785a00000, 0x0000000785a00000, 0x0000000785b00000|  0%| F|  |TAMS 0x0000000785a00000, 0x0000000785a00000| Untracked 
|  91|0x0000000785b00000, 0x0000000785b00000, 0x0000000785c00000|  0%| F|  |TAMS 0x0000000785b00000, 0x0000000785b00000| Untracked 
|  92|0x0000000785c00000, 0x0000000785c00000, 0x0000000785d00000|  0%| F|  |TAMS 0x0000000785c00000, 0x0000000785c00000| Untracked 
|  93|0x0000000785d00000, 0x0000000785d00000, 0x0000000785e00000|  0%| F|  |TAMS 0x0000000785d00000, 0x0000000785d00000| Untracked 
|  94|0x0000000785e00000, 0x0000000785e00000, 0x0000000785f00000|  0%| F|  |TAMS 0x0000000785e00000, 0x0000000785e00000| Untracked 
|  95|0x0000000785f00000, 0x0000000785f00000, 0x0000000786000000|  0%| F|  |TAMS 0x0000000785f00000, 0x0000000785f00000| Untracked 
|  96|0x0000000786000000, 0x0000000786000000, 0x0000000786100000|  0%| F|  |TAMS 0x0000000786000000, 0x0000000786000000| Untracked 
|  97|0x0000000786100000, 0x0000000786100000, 0x0000000786200000|  0%| F|  |TAMS 0x0000000786100000, 0x0000000786100000| Untracked 
|  98|0x0000000786200000, 0x0000000786200000, 0x0000000786300000|  0%| F|  |TAMS 0x0000000786200000, 0x0000000786200000| Untracked 
|  99|0x0000000786300000, 0x0000000786300000, 0x0000000786400000|  0%| F|  |TAMS 0x0000000786300000, 0x0000000786300000| Untracked 
| 100|0x0000000786400000, 0x0000000786400000, 0x0000000786500000|  0%| F|  |TAMS 0x0000000786400000, 0x0000000786400000| Untracked 
| 101|0x0000000786500000, 0x0000000786500000, 0x0000000786600000|  0%| F|  |TAMS 0x0000000786500000, 0x0000000786500000| Untracked 
| 102|0x0000000786600000, 0x0000000786600000, 0x0000000786700000|  0%| F|  |TAMS 0x0000000786600000, 0x0000000786600000| Untracked 
| 103|0x0000000786700000, 0x0000000786700000, 0x0000000786800000|  0%| F|  |TAMS 0x0000000786700000, 0x0000000786700000| Untracked 
| 104|0x0000000786800000, 0x0000000786800000, 0x0000000786900000|  0%| F|  |TAMS 0x0000000786800000, 0x0000000786800000| Untracked 
| 105|0x0000000786900000, 0x0000000786900000, 0x0000000786a00000|  0%| F|  |TAMS 0x0000000786900000, 0x0000000786900000| Untracked 
| 106|0x0000000786a00000, 0x0000000786a00000, 0x0000000786b00000|  0%| F|  |TAMS 0x0000000786a00000, 0x0000000786a00000| Untracked 
| 107|0x0000000786b00000, 0x0000000786b00000, 0x0000000786c00000|  0%| F|  |TAMS 0x0000000786b00000, 0x0000000786b00000| Untracked 
| 108|0x0000000786c00000, 0x0000000786c00000, 0x0000000786d00000|  0%| F|  |TAMS 0x0000000786c00000, 0x0000000786c00000| Untracked 
| 109|0x0000000786d00000, 0x0000000786d00000, 0x0000000786e00000|  0%| F|  |TAMS 0x0000000786d00000, 0x0000000786d00000| Untracked 
| 110|0x0000000786e00000, 0x0000000786e00000, 0x0000000786f00000|  0%| F|  |TAMS 0x0000000786e00000, 0x0000000786e00000| Untracked 
| 111|0x0000000786f00000, 0x0000000786f00000, 0x0000000787000000|  0%| F|  |TAMS 0x0000000786f00000, 0x0000000786f00000| Untracked 
| 112|0x0000000787000000, 0x0000000787000000, 0x0000000787100000|  0%| F|  |TAMS 0x0000000787000000, 0x0000000787000000| Untracked 
| 113|0x0000000787100000, 0x0000000787100000, 0x0000000787200000|  0%| F|  |TAMS 0x0000000787100000, 0x0000000787100000| Untracked 
| 114|0x0000000787200000, 0x0000000787200000, 0x0000000787300000|  0%| F|  |TAMS 0x0000000787200000, 0x0000000787200000| Untracked 
| 115|0x0000000787300000, 0x0000000787300000, 0x0000000787400000|  0%| F|  |TAMS 0x0000000787300000, 0x0000000787300000| Untracked 
| 116|0x0000000787400000, 0x0000000787400000, 0x0000000787500000|  0%| F|  |TAMS 0x0000000787400000, 0x0000000787400000| Untracked 
| 117|0x0000000787500000, 0x0000000787500000, 0x0000000787600000|  0%| F|  |TAMS 0x0000000787500000, 0x0000000787500000| Untracked 
| 118|0x0000000787600000, 0x0000000787600000, 0x0000000787700000|  0%| F|  |TAMS 0x0000000787600000, 0x0000000787600000| Untracked 
| 119|0x0000000787700000, 0x0000000787700000, 0x0000000787800000|  0%| F|  |TAMS 0x0000000787700000, 0x0000000787700000| Untracked 
| 120|0x0000000787800000, 0x0000000787800000, 0x0000000787900000|  0%| F|  |TAMS 0x0000000787800000, 0x0000000787800000| Untracked 
| 121|0x0000000787900000, 0x0000000787900000, 0x0000000787a00000|  0%| F|  |TAMS 0x0000000787900000, 0x0000000787900000| Untracked 
| 122|0x0000000787a00000, 0x0000000787a00000, 0x0000000787b00000|  0%| F|  |TAMS 0x0000000787a00000, 0x0000000787a00000| Untracked 
| 123|0x0000000787b00000, 0x0000000787bef790, 0x0000000787c00000| 93%| S|CS|TAMS 0x0000000787b00000, 0x0000000787b00000| Complete 
| 124|0x0000000787c00000, 0x0000000787d00000, 0x0000000787d00000|100%| S|CS|TAMS 0x0000000787c00000, 0x0000000787c00000| Complete 
| 125|0x0000000787d00000, 0x0000000787e00000, 0x0000000787e00000|100%| S|CS|TAMS 0x0000000787d00000, 0x0000000787d00000| Complete 
| 126|0x0000000787e00000, 0x0000000787e00000, 0x0000000787f00000|  0%| F|  |TAMS 0x0000000787e00000, 0x0000000787e00000| Untracked 
| 127|0x0000000787f00000, 0x0000000787fbeba0, 0x0000000788000000| 74%| E|  |TAMS 0x0000000787f00000, 0x0000000787f00000| Complete 

Card table byte_map: [0x0000000120c64000,0x0000000121064000] _byte_map_base: 0x000000011d064000

Marking Bits (Prev, Next): (CMBitMap*) 0x00007fba72820818, (CMBitMap*) 0x00007fba72820850
 Prev Bits: [0x0000000121464000, 0x0000000123464000)
 Next Bits: [0x0000000123464000, 0x0000000125464000)

Polling page: 0x000000010b68b000

Metaspace:

Usage:
  Non-class:     18.18 MB capacity,    17.86 MB ( 98%) used,   299.35 KB (  2%) free+waste,    35.44 KB ( <1%) overhead. 
      Class:      2.62 MB capacity,     2.46 MB ( 94%) used,   152.95 KB (  6%) free+waste,    16.94 KB ( <1%) overhead. 
       Both:     20.81 MB capacity,    20.32 MB ( 98%) used,   452.30 KB (  2%) free+waste,    52.38 KB ( <1%) overhead. 

Virtual space:
  Non-class space:       20.00 MB reserved,      18.42 MB ( 92%) committed 
      Class space:        1.00 GB reserved,       2.62 MB ( <1%) committed 
             Both:        1.02 GB reserved,      21.05 MB (  2%) committed 

Chunk freelists:
   Non-Class:  99.00 KB
       Class:  1.00 KB
        Both:  100.00 KB

MaxMetaspaceSize: unlimited
CompressedClassSpaceSize: 1.00 GB
Initial GC threshold: 20.80 MB
Current GC threshold: 21.12 MB
CDS: off

CodeHeap 'non-profiled nmethods': size=120032Kb used=663Kb max_used=663Kb free=119369Kb
 bounds [0x000000011972c000, 0x000000011999c000, 0x0000000120c64000]
CodeHeap 'profiled nmethods': size=120028Kb used=3631Kb max_used=3631Kb free=116396Kb
 bounds [0x00000001121f5000, 0x0000000112585000, 0x000000011972c000]
CodeHeap 'non-nmethods': size=5700Kb used=1190Kb max_used=1241Kb free=4509Kb
 bounds [0x0000000111c64000, 0x0000000111ed4000, 0x00000001121f5000]
 total_blobs=2228 nmethods=1763 adapters=379
 compilation: enabled
              stopped_count=0, restarted_count=0
 full_count=0

Compilation events (20 events):
Event: 2.129 Thread 0x00007fba75821000 nmethod 1775 0x0000000112579790 code [0x0000000112579960, 0x0000000112579c30]
Event: 2.133 Thread 0x00007fba75821000 1776       3       org.gradle.internal.file.FilePathUtil::sizeOfCommonPrefix (142 bytes)
Event: 2.136 Thread 0x00007fba75821000 nmethod 1776 0x0000000112579d10 code [0x000000011257a160, 0x000000011257c370]
Event: 2.136 Thread 0x00007fba75821000 1779       3       org.gradle.internal.file.FileHierarchySet$Node::sizeOfCommonPrefix (10 bytes)
Event: 2.136 Thread 0x00007fba75821000 nmethod 1779 0x000000011257d090 code [0x000000011257d260, 0x000000011257d3e0]
Event: 2.136 Thread 0x00007fba75821000 1780       3       org.gradle.internal.file.FilePathUtil::sizeOfCommonPrefix (10 bytes)
Event: 2.143 Thread 0x00007fba75821000 nmethod 1780 0x000000011257d490 code [0x000000011257d640, 0x000000011257d740]
Event: 2.143 Thread 0x00007fba75821000 1777       3       com.google.common.collect.AbstractIndexedListIterator::hasNext (17 bytes)
Event: 2.144 Thread 0x00007fba75821000 nmethod 1777 0x000000011257d810 code [0x000000011257d9c0, 0x000000011257db10]
Event: 2.144 Thread 0x00007fba75821000 1778       3       com.google.common.collect.AbstractIndexedListIterator::next (31 bytes)
Event: 2.144 Thread 0x00007fba75821000 nmethod 1778 0x000000011257db90 code [0x000000011257dd80, 0x000000011257e110]
Event: 2.144 Thread 0x00007fba75821000 1781       3       java.lang.ref.ReferenceQueue::reallyPoll (65 bytes)
Event: 2.144 Thread 0x00007fba75821000 nmethod 1781 0x000000011257e210 code [0x000000011257e400, 0x000000011257e930]
Event: 2.146 Thread 0x00007fba75821000 1782       3       java.io.UnixFileSystem::normalize (75 bytes)
Event: 2.147 Thread 0x00007fba75821000 nmethod 1782 0x000000011257ea10 code [0x000000011257ec60, 0x000000011257f590]
Event: 2.154 Thread 0x00007fba75821000 1783       3       java.lang.String::substring (68 bytes)
Event: 2.154 Thread 0x00007fba75821000 nmethod 1783 0x000000011257f990 code [0x000000011257fbe0, 0x0000000112580330]
Event: 2.156 Thread 0x00007fba75821000 1784       3       sun.nio.cs.UTF_8$Decoder::decodeLoop (28 bytes)
Event: 2.156 Thread 0x00007fba75821000 nmethod 1784 0x0000000112580610 code [0x0000000112580800, 0x0000000112580bf0]
Event: 2.171 Thread 0x00007fba75821000 1785       3       sun.invoke.util.BytecodeDescriptor::unparseMethod (66 bytes)

GC Heap History (8 events):
Event: 0.762 GC heap before
{Heap before GC invocations=0 (full 0):
 garbage-first heap   total 131072K, used 29696K [0x0000000780000000, 0x0000000800000000)
  region size 1024K, 24 young (24576K), 0 survivors (0K)
 Metaspace       used 10092K, capacity 10379K, committed 10624K, reserved 1058816K
  class space    used 1038K, capacity 1141K, committed 1152K, reserved 1048576K
}
Event: 0.770 GC heap after
{Heap after GC invocations=1 (full 0):
 garbage-first heap   total 131072K, used 9515K [0x0000000780000000, 0x0000000800000000)
  region size 1024K, 3 young (3072K), 3 survivors (3072K)
 Metaspace       used 10092K, capacity 10379K, committed 10624K, reserved 1058816K
  class space    used 1038K, capacity 1141K, committed 1152K, reserved 1048576K
}
Event: 1.199 GC heap before
{Heap before GC invocations=1 (full 0):
 garbage-first heap   total 131072K, used 53547K [0x0000000780000000, 0x0000000800000000)
  region size 1024K, 46 young (47104K), 3 survivors (3072K)
 Metaspace       used 12069K, capacity 12354K, committed 12800K, reserved 1060864K
  class space    used 1306K, capacity 1415K, committed 1536K, reserved 1048576K
}
Event: 1.207 GC heap after
{Heap after GC invocations=2 (full 0):
 garbage-first heap   total 131072K, used 14677K [0x0000000780000000, 0x0000000800000000)
  region size 1024K, 6 young (6144K), 6 survivors (6144K)
 Metaspace       used 12069K, capacity 12354K, committed 12800K, reserved 1060864K
  class space    used 1306K, capacity 1415K, committed 1536K, reserved 1048576K
}
Event: 2.136 GC heap before
{Heap before GC invocations=2 (full 0):
 garbage-first heap   total 131072K, used 63829K [0x0000000780000000, 0x0000000800000000)
  region size 1024K, 54 young (55296K), 6 survivors (6144K)
 Metaspace       used 20597K, capacity 21017K, committed 21120K, reserved 1067008K
  class space    used 2492K, capacity 2654K, committed 2688K, reserved 1048576K
}
Event: 2.143 GC heap after
{Heap after GC invocations=3 (full 0):
 garbage-first heap   total 131072K, used 17523K [0x0000000780000000, 0x0000000800000000)
  region size 1024K, 3 young (3072K), 3 survivors (3072K)
 Metaspace       used 20597K, capacity 21017K, committed 21120K, reserved 1067008K
  class space    used 2492K, capacity 2654K, committed 2688K, reserved 1048576K
}
Event: 2.161 GC heap before
{Heap before GC invocations=3 (full 0):
 garbage-first heap   total 131072K, used 18547K [0x0000000780000000, 0x0000000800000000)
  region size 1024K, 5 young (5120K), 3 survivors (3072K)
 Metaspace       used 20773K, capacity 21145K, committed 21296K, reserved 1069056K
  class space    used 2510K, capacity 2654K, committed 2688K, reserved 1048576K
}
Event: 2.165 GC heap after
{Heap after GC invocations=4 (full 0):
 garbage-first heap   total 131072K, used 17553K [0x0000000780000000, 0x0000000800000000)
  region size 1024K, 3 young (3072K), 3 survivors (3072K)
 Metaspace       used 20773K, capacity 21145K, committed 21296K, reserved 1069056K
  class space    used 2510K, capacity 2654K, committed 2688K, reserved 1048576K
}

Deoptimization events (20 events):
Event: 1.616 Thread 0x00007fba71d19800 DEOPT PACKING pc=0x00000001197572c4 sp=0x000070000e9a6260
Event: 1.616 Thread 0x00007fba71d19800 DEOPT UNPACKING pc=0x0000000111cadea5 sp=0x000070000e9a61f0 mode 2
Event: 1.662 Thread 0x00007fba71d19800 DEOPT PACKING pc=0x00000001122a989f sp=0x000070000e9a2690
Event: 1.662 Thread 0x00007fba71d19800 DEOPT UNPACKING pc=0x0000000111cae64a sp=0x000070000e9a1c28 mode 0
Event: 2.146 Thread 0x00007fba71d19800 Uncommon trap: trap_request=0xffffff4d fr.pc=0x0000000119753338 relative=0x0000000000000198
Event: 2.146 Thread 0x00007fba71d19800 Uncommon trap: reason=unstable_if action=reinterpret pc=0x0000000119753338 method=java.io.UnixFileSystem.normalize(Ljava/lang/String;)Ljava/lang/String; @ 60 c2
Event: 2.146 Thread 0x00007fba71d19800 DEOPT PACKING pc=0x0000000119753338 sp=0x000070000e9a40a0
Event: 2.146 Thread 0x00007fba71d19800 DEOPT UNPACKING pc=0x0000000111cadea5 sp=0x000070000e9a4038 mode 2
Event: 2.146 Thread 0x00007fba71d19800 Uncommon trap: trap_request=0xffffffc6 fr.pc=0x0000000119792924 relative=0x0000000000000084
Event: 2.146 Thread 0x00007fba71d19800 Uncommon trap: reason=bimorphic_or_optimized_type_check action=maybe_recompile pc=0x0000000119792924 method=java.util.AbstractList$Itr.hasNext()Z @ 8 c2
Event: 2.146 Thread 0x00007fba71d19800 DEOPT PACKING pc=0x0000000119792924 sp=0x000070000e9a38e0
Event: 2.146 Thread 0x00007fba71d19800 DEOPT UNPACKING pc=0x0000000111cadea5 sp=0x000070000e9a3898 mode 2
Event: 2.146 Thread 0x00007fba71d19800 Uncommon trap: trap_request=0xffffffc6 fr.pc=0x0000000119792d04 relative=0x0000000000000144
Event: 2.146 Thread 0x00007fba71d19800 Uncommon trap: reason=bimorphic_or_optimized_type_check action=maybe_recompile pc=0x0000000119792d04 method=java.util.AbstractList$Itr.next()Ljava/lang/Object; @ 14 c2
Event: 2.146 Thread 0x00007fba71d19800 DEOPT PACKING pc=0x0000000119792d04 sp=0x000070000e9a38d0
Event: 2.146 Thread 0x00007fba71d19800 DEOPT UNPACKING pc=0x0000000111cadea5 sp=0x000070000e9a3888 mode 2
Event: 2.147 Thread 0x00007fba71d19800 Uncommon trap: trap_request=0xffffff4d fr.pc=0x000000011978f80c relative=0x000000000000044c
Event: 2.147 Thread 0x00007fba71d19800 Uncommon trap: reason=unstable_if action=reinterpret pc=0x000000011978f80c method=java.lang.String.substring(I)Ljava/lang/String; @ 34 c2
Event: 2.147 Thread 0x00007fba71d19800 DEOPT PACKING pc=0x000000011978f80c sp=0x000070000e9a3e80
Event: 2.147 Thread 0x00007fba71d19800 DEOPT UNPACKING pc=0x0000000111cadea5 sp=0x000070000e9a3e48 mode 2

Classes redefined (0 events):
No events

Internal exceptions (20 events):
Event: 0.205 Thread 0x00007fba71812800 Exception <a 'java/lang/NoSuchMethodError'{0x0000000787d1d630}: 'int java.lang.invoke.DirectMethodHandle$Holder.invokeStaticInit(java.lang.Object, java.lang.Object)'> (0x0000000787d1d630) thrown at [src/hotspot/share/interpreter/linkResolver.cpp, line 773]
Event: 0.236 Thread 0x00007fba71812800 Exception <a 'java/lang/NoSuchMethodError'{0x0000000787c02f10}: 'int java.lang.invoke.DirectMethodHandle$Holder.invokeSpecial(java.lang.Object, java.lang.Object, java.lang.Object, java.lang.Object)'> (0x0000000787c02f10) thrown at [src/hotspot/share/interpreter/linkResolver.cpp, line 773]
Event: 0.242 Thread 0x00007fba71812800 Exception <a 'java/lang/NoSuchMethodError'{0x0000000787c418b8}: 'int java.lang.invoke.DirectMethodHandle$Holder.invokeSpecialIFC(java.lang.Object, java.lang.Object, int)'> (0x0000000787c418b8) thrown at [src/hotspot/share/interpreter/linkResolver.cpp, line 773]
Event: 0.458 Thread 0x00007fba71812800 Exception <a 'java/lang/NoClassDefFoundError'{0x0000000787191eb8}: org/slf4j/impl/StaticMarkerBinder> (0x0000000787191eb8) thrown at [src/hotspot/share/classfile/systemDictionary.cpp, line 219]
Event: 0.539 Thread 0x00007fba71812800 Exception <a 'java/lang/NoSuchMethodError'{0x0000000786ee7450}: 'java.lang.Object java.lang.invoke.DirectMethodHandle$Holder.invokeVirtual(java.lang.Object, java.lang.Object, java.lang.Object, java.lang.Object, java.lang.Object, java.lang.Object, java.lang.Object)'> (0x0000000786ee7450) thrown at [src/hotspot/share/interpreter/linkResolver.cpp, line 773]
Event: 0.541 Thread 0x00007fba71812800 Exception <a 'java/lang/NoSuchMethodError'{0x0000000786efbd68}: 'java.lang.Object java.lang.invoke.Invokers$Holder.invoker(java.lang.Object, java.lang.Object, java.lang.Object)'> (0x0000000786efbd68) thrown at [src/hotspot/share/interpreter/linkResolver.cpp, line 773]
Event: 0.545 Thread 0x00007fba71812800 Exception <a 'java/lang/NoSuchMethodError'{0x0000000786d0d2a8}: 'void java.lang.invoke.DelegatingMethodHandle$Holder.delegate(java.lang.Object, java.lang.Object, int, java.lang.Object)'> (0x0000000786d0d2a8) thrown at [src/hotspot/share/interpreter/linkResolver.cpp, line 773]
Event: 1.042 Thread 0x00007fba71812800 Exception <a 'java/security/PrivilegedActionException'{0x000000078607b098}> (0x000000078607b098) thrown at [src/hotspot/share/prims/jvm.cpp, line 1306]
Event: 1.042 Thread 0x00007fba71812800 Exception <a 'java/security/PrivilegedActionException'{0x000000078607b610}> (0x000000078607b610) thrown at [src/hotspot/share/prims/jvm.cpp, line 1306]
Event: 1.265 Thread 0x00007fba71812800 Exception <a 'java/lang/NoSuchMethodError'{0x0000000787fd4388}: 'java.lang.Object java.lang.invoke.DirectMethodHandle$Holder.invokeStaticInit(java.lang.Object, java.lang.Object, java.lang.Object)'> (0x0000000787fd4388) thrown at [src/hotspot/share/interpreter/linkResolver.cpp, line 773]
Event: 1.561 Thread 0x00007fba71d18800 Exception <a 'java/lang/NoSuchMethodError'{0x00000007874e49b0}: <clinit>> (0x00000007874e49b0) thrown at [src/hotspot/share/prims/jni.cpp, line 1367]
Event: 1.564 Thread 0x00007fba71d18800 Exception <a 'java/lang/NoSuchMethodError'{0x00000007874fca70}: <clinit>> (0x00000007874fca70) thrown at [src/hotspot/share/prims/jni.cpp, line 1367]
Event: 1.565 Thread 0x00007fba71d18800 Exception <a 'java/lang/NoSuchMethodError'{0x0000000787306cb8}: <clinit>> (0x0000000787306cb8) thrown at [src/hotspot/share/prims/jni.cpp, line 1367]
Event: 1.567 Thread 0x00007fba71d18800 Exception <a 'java/lang/NoSuchMethodError'{0x000000078731c098}: <clinit>> (0x000000078731c098) thrown at [src/hotspot/share/prims/jni.cpp, line 1367]
Event: 1.644 Thread 0x00007fba71d19800 Exception <a 'java/lang/NoSuchMethodError'{0x00000007870ce4a0}: 'long java.lang.invoke.DirectMethodHandle$Holder.invokeInterface(java.lang.Object, java.lang.Object)'> (0x00000007870ce4a0) thrown at [src/hotspot/share/interpreter/linkResolver.cpp, line 773]
Event: 1.646 Thread 0x00007fba71d19800 Exception <a 'java/lang/NoSuchMethodError'{0x00000007870db540}: 'void java.lang.invoke.DelegatingMethodHandle$Holder.reinvoke_L(java.lang.Object, java.lang.Object, java.lang.Object, java.lang.Object, java.lang.Object, java.lang.Object, java.lang.Object)'> (0x00000007870db540) thrown at [src/hotspot/share/interpreter/linkResolver.cpp, line 773]
Event: 1.995 Thread 0x00007fba71d19800 Exception <a 'java/lang/NoSuchMethodError'{0x0000000785417790}: 'void java.lang.invoke.DirectMethodHandle$Holder.invokeStaticInit(java.lang.Object)'> (0x0000000785417790) thrown at [src/hotspot/share/interpreter/linkResolver.cpp, line 773]
Event: 2.009 Thread 0x00007fba71d19800 Exception <a 'java/lang/NoSuchMethodError'{0x00000007854c4900}: 'java.lang.Object java.lang.invoke.DirectMethodHandle$Holder.invokeStatic(java.lang.Object, java.lang.Object, java.lang.Object, int)'> (0x00000007854c4900) thrown at [src/hotspot/share/interpreter/linkResolver.cpp, line 773]
Event: 2.009 Thread 0x00007fba71d19800 Exception <a 'java/lang/NoSuchMethodError'{0x00000007854c9018}: 'java.lang.Object java.lang.invoke.DirectMethodHandle$Holder.invokeSpecial(java.lang.Object, java.lang.Object, java.lang.Object, java.lang.Object, int)'> (0x00000007854c9018) thrown at [src/hotspot/share/interpreter/linkResolver.cpp, line 773]
Event: 2.009 Thread 0x00007fba71d19800 Exception <a 'java/lang/NoSuchMethodError'{0x00000007854ccf50}: 'java.lang.Object java.lang.invoke.Invokers$Holder.linkToTargetMethod(java.lang.Object, java.lang.Object, int, java.lang.Object)'> (0x00000007854ccf50) thrown at [src/hotspot/share/interpreter/linkResolver.cpp, line 773]

Events (20 events):
Event: 2.167 loading class org/gradle/internal/vfs/impl/DefaultSnapshotHierarchy done
Event: 2.167 loading class org/gradle/internal/snapshot/SnapshotHierarchy
Event: 2.167 loading class org/gradle/internal/snapshot/SnapshotHierarchy done
Event: 2.168 loading class org/gradle/internal/snapshot/ReadOnlyFileSystemNode
Event: 2.168 loading class org/gradle/internal/snapshot/ReadOnlyFileSystemNode done
Event: 2.169 loading class org/gradle/internal/vfs/impl/DefaultSnapshotHierarchy$1
Event: 2.169 loading class org/gradle/internal/vfs/impl/DefaultSnapshotHierarchy$1 done
Event: 2.169 loading class org/gradle/internal/vfs/impl/DefaultSnapshotHierarchy$EmptySnapshotHierarchy
Event: 2.169 loading class org/gradle/internal/vfs/impl/DefaultSnapshotHierarchy$EmptySnapshotHierarchy done
Event: 2.169 loading class org/gradle/internal/snapshot/ChildMap
Event: 2.169 loading class org/gradle/internal/snapshot/ChildMap done
Event: 2.170 loading class org/gradle/internal/snapshot/FileSystemNode
Event: 2.170 loading class org/gradle/internal/snapshot/FileSystemNode done
Event: 2.170 loading class org/gradle/cache/GlobalCacheLocations
Event: 2.170 loading class org/gradle/cache/GlobalCacheLocations done
Event: 2.171 loading class org/gradle/cache/GlobalCacheLocations
Event: 2.171 loading class org/gradle/cache/GlobalCacheLocations done
Event: 2.171 loading class org/gradle/internal/watch/registry/impl/DarwinFileWatcherRegistryFactory
Event: 2.171 loading class org/gradle/internal/watch/registry/impl/DarwinFileWatcherRegistryFactory done
Event: 2.171 Executing VM operation: CGC_Operation


Dynamic libraries:
0x00007fff37bc7000 	/System/Library/Frameworks/Cocoa.framework/Versions/A/Cocoa
0x00007fff451dc000 	/System/Library/Frameworks/Security.framework/Versions/A/Security
0x00007fff36b2d000 	/System/Library/Frameworks/ApplicationServices.framework/Versions/A/ApplicationServices
0x000000010b5ed000 	/Applications/Android Studio.app/Contents/jbr/Contents/Home/lib/jli/libjli.dylib
0x00007fff6eb34000 	/usr/lib/libSystem.B.dylib
0x00007fff35d1f000 	/System/Library/Frameworks/AppKit.framework/Versions/C/AppKit
0x00007fff384f9000 	/System/Library/Frameworks/CoreData.framework/Versions/A/CoreData
0x00007fff3b10d000 	/System/Library/Frameworks/Foundation.framework/Versions/C/Foundation
0x00007fff68edf000 	/System/Library/PrivateFrameworks/UIFoundation.framework/Versions/A/UIFoundation
0x00007fff646f5000 	/System/Library/PrivateFrameworks/RemoteViewServices.framework/Versions/A/RemoteViewServices
0x00007fff6b6a4000 	/System/Library/PrivateFrameworks/XCTTargetBootstrap.framework/Versions/A/XCTTargetBootstrap
0x00007fff388f5000 	/System/Library/Frameworks/CoreDisplay.framework/Versions/A/CoreDisplay
0x00007fff3dfcc000 	/System/Library/Frameworks/Metal.framework/Versions/A/Metal
0x00007fff5288d000 	/System/Library/PrivateFrameworks/DesktopServicesPriv.framework/Versions/A/DesktopServicesPriv
0x00007fff6fd08000 	/usr/lib/liblangid.dylib
0x00007fff51b22000 	/System/Library/PrivateFrameworks/CoreSVG.framework/Versions/A/CoreSVG
0x00007fff670cf000 	/System/Library/PrivateFrameworks/SkyLight.framework/Versions/A/SkyLight
0x00007fff38eaa000 	/System/Library/Frameworks/CoreGraphics.framework/Versions/A/CoreGraphics
0x00007fff3468e000 	/System/Library/Frameworks/Accelerate.framework/Versions/A/Accelerate
0x00007fff70ff1000 	/usr/lib/libxml2.2.dylib
0x00007fff5d819000 	/System/Library/PrivateFrameworks/IconServices.framework/Versions/A/IconServices
0x00007fff3b8ec000 	/System/Library/Frameworks/IOSurface.framework/Versions/A/IOSurface
0x00007fff6e65e000 	/usr/lib/libDiagnosticMessagesClient.dylib
0x00007fff71100000 	/usr/lib/libz.1.dylib
0x00007fff526e7000 	/System/Library/PrivateFrameworks/DFRFoundation.framework/Versions/A/DFRFoundation
0x00007fff6fa97000 	/usr/lib/libicucore.A.dylib
0x00007fff36e5f000 	/System/Library/Frameworks/AudioToolbox.framework/Versions/A/AudioToolbox
0x00007fff36f42000 	/System/Library/Frameworks/AudioUnit.framework/Versions/A/AudioUnit
0x00007fff6edcc000 	/usr/lib/libauto.dylib
0x00007fff52789000 	/System/Library/PrivateFrameworks/DataDetectorsCore.framework/Versions/A/DataDetectorsCore
0x00007fff376e8000 	/System/Library/Frameworks/Carbon.framework/Versions/A/Frameworks/HIToolbox.framework/Versions/A/HIToolbox
0x00007fff443d5000 	/System/Library/Frameworks/QuartzCore.framework/Versions/A/QuartzCore
0x00007fff37a27000 	/System/Library/Frameworks/Carbon.framework/Versions/A/Frameworks/SpeechRecognition.framework/Versions/A/SpeechRecognition
0x00007fff521fb000 	/System/Library/PrivateFrameworks/CoreUI.framework/Versions/A/CoreUI
0x00007fff37fb6000 	/System/Library/Frameworks/CoreAudio.framework/Versions/A/CoreAudio
0x00007fff3adcb000 	/System/Library/Frameworks/DiskArbitration.framework/Versions/A/DiskArbitration
0x00007fff5f6ce000 	/System/Library/PrivateFrameworks/MultitouchSupport.framework/Versions/A/MultitouchSupport
0x00007fff6f95c000 	/usr/lib/libenergytrace.dylib
0x00007fff3b846000 	/System/Library/Frameworks/IOKit.framework/Versions/A/IOKit
0x00007fff39e35000 	/System/Library/Frameworks/CoreServices.framework/Versions/A/CoreServices
0x00007fff61888000 	/System/Library/PrivateFrameworks/PerformanceAnalysis.framework/Versions/A/PerformanceAnalysis
0x00007fff43408000 	/System/Library/Frameworks/OpenGL.framework/Versions/A/OpenGL
0x00007fff70a2d000 	/usr/lib/libobjc.A.dylib
0x00007fff37bd5000 	/System/Library/Frameworks/ColorSync.framework/Versions/A/ColorSync
0x00007fff38a28000 	/System/Library/Frameworks/CoreFoundation.framework/Versions/A/CoreFoundation
0x00007fff39550000 	/System/Library/Frameworks/CoreImage.framework/Versions/A/CoreImage
0x00007fff3a8a9000 	/System/Library/Frameworks/CoreText.framework/Versions/A/CoreText
0x00007fff3b97c000 	/System/Library/Frameworks/ImageIO.framework/Versions/A/ImageIO
0x00007fff6eeb0000 	/usr/lib/libc++.1.dylib
0x00007fff6ef2c000 	/usr/lib/libcompression.dylib
0x00007fff6e9a2000 	/usr/lib/libMobileGestalt.dylib
0x00007fff68c49000 	/System/Library/PrivateFrameworks/TextureIO.framework/Versions/A/TextureIO
0x00007fff6ec99000 	/usr/lib/libate.dylib
0x00007fff5da22000 	/System/Library/PrivateFrameworks/InternationalSupport.framework/Versions/A/InternationalSupport
0x00007fff719c1000 	/usr/lib/system/libcache.dylib
0x00007fff719c7000 	/usr/lib/system/libcommonCrypto.dylib
0x00007fff719d3000 	/usr/lib/system/libcompiler_rt.dylib
0x00007fff719db000 	/usr/lib/system/libcopyfile.dylib
0x00007fff719e5000 	/usr/lib/system/libcorecrypto.dylib
0x00007fff71b84000 	/usr/lib/system/libdispatch.dylib
0x00007fff71bc5000 	/usr/lib/system/libdyld.dylib
0x00007fff71bfc000 	/usr/lib/system/libkeymgr.dylib
0x00007fff71c0a000 	/usr/lib/system/liblaunch.dylib
0x00007fff71c0b000 	/usr/lib/system/libmacho.dylib
0x00007fff71c11000 	/usr/lib/system/libquarantine.dylib
0x00007fff71c14000 	/usr/lib/system/libremovefile.dylib
0x00007fff71c16000 	/usr/lib/system/libsystem_asl.dylib
0x00007fff71c2e000 	/usr/lib/system/libsystem_blocks.dylib
0x00007fff71c2f000 	/usr/lib/system/libsystem_c.dylib
0x00007fff71cb7000 	/usr/lib/system/libsystem_configuration.dylib
0x00007fff71cbb000 	/usr/lib/system/libsystem_coreservices.dylib
0x00007fff71cbf000 	/usr/lib/system/libsystem_darwin.dylib
0x00007fff71cc8000 	/usr/lib/system/libsystem_dnssd.dylib
0x00007fff71cd0000 	/usr/lib/system/libsystem_featureflags.dylib
0x00007fff71cd2000 	/usr/lib/system/libsystem_info.dylib
0x00007fff71d4d000 	/usr/lib/system/libsystem_m.dylib
0x00007fff71d99000 	/usr/lib/system/libsystem_malloc.dylib
0x00007fff71dc1000 	/usr/lib/system/libsystem_networkextension.dylib
0x00007fff71dcf000 	/usr/lib/system/libsystem_notify.dylib
0x00007fff71ded000 	/usr/lib/system/libsystem_sandbox.dylib
0x00007fff71df2000 	/usr/lib/system/libsystem_secinit.dylib
0x00007fff71d20000 	/usr/lib/system/libsystem_kernel.dylib
0x00007fff71dd9000 	/usr/lib/system/libsystem_platform.dylib
0x00007fff71de2000 	/usr/lib/system/libsystem_pthread.dylib
0x00007fff71df5000 	/usr/lib/system/libsystem_symptoms.dylib
0x00007fff71dfd000 	/usr/lib/system/libsystem_trace.dylib
0x00007fff71e15000 	/usr/lib/system/libunwind.dylib
0x00007fff71e1b000 	/usr/lib/system/libxpc.dylib
0x00007fff6ef03000 	/usr/lib/libc++abi.dylib
0x00007fff6fd0a000 	/usr/lib/liblzma.5.dylib
0x00007fff6f985000 	/usr/lib/libfakelink.dylib
0x00007fff6ec26000 	/usr/lib/libarchive.2.dylib
0x00007fff4628f000 	/System/Library/Frameworks/SystemConfiguration.framework/Versions/A/SystemConfiguration
0x00007fff6e591000 	/usr/lib/libCRFSuite.dylib
0x00007fff372d9000 	/System/Library/Frameworks/CFNetwork.framework/Versions/A/CFNetwork
0x00007fff6ee92000 	/usr/lib/libbsm.0.dylib
0x00007fff71bfd000 	/usr/lib/system/libkxld.dylib
0x00007fff4c049000 	/System/Library/PrivateFrameworks/AppleFSCompression.framework/Versions/A/AppleFSCompression
0x00007fff6f21e000 	/usr/lib/libcoretls.dylib
0x00007fff6f235000 	/usr/lib/libcoretls_cfhelpers.dylib
0x00007fff70a72000 	/usr/lib/libpam.2.dylib
0x00007fff70ba7000 	/usr/lib/libsqlite3.dylib
0x00007fff70fde000 	/usr/lib/libxar.1.dylib
0x00007fff6eea3000 	/usr/lib/libbz2.1.0.dylib
0x00007fff6f9a6000 	/usr/lib/libiconv.2.dylib
0x00007fff6ef19000 	/usr/lib/libcharset.1.dylib
0x00007fff70510000 	/usr/lib/libnetwork.dylib
0x00007fff70a79000 	/usr/lib/libpcap.A.dylib
0x00007fff6ebdb000 	/usr/lib/libapple_nghttp2.dylib
0x00007fff3a1ec000 	/System/Library/Frameworks/CoreServices.framework/Versions/A/Frameworks/FSEvents.framework/Versions/A/FSEvents
0x00007fff39ebc000 	/System/Library/Frameworks/CoreServices.framework/Versions/A/Frameworks/CarbonCore.framework/Versions/A/CarbonCore
0x00007fff3a431000 	/System/Library/Frameworks/CoreServices.framework/Versions/A/Frameworks/Metadata.framework/Versions/A/Metadata
0x00007fff3a4ca000 	/System/Library/Frameworks/CoreServices.framework/Versions/A/Frameworks/OSServices.framework/Versions/A/OSServices
0x00007fff3a4f8000 	/System/Library/Frameworks/CoreServices.framework/Versions/A/Frameworks/SearchKit.framework/Versions/A/SearchKit
0x00007fff39e36000 	/System/Library/Frameworks/CoreServices.framework/Versions/A/Frameworks/AE.framework/Versions/A/AE
0x00007fff3a1f5000 	/System/Library/Frameworks/CoreServices.framework/Versions/A/Frameworks/LaunchServices.framework/Versions/A/LaunchServices
0x00007fff3a19e000 	/System/Library/Frameworks/CoreServices.framework/Versions/A/Frameworks/DictionaryServices.framework/Versions/A/DictionaryServices
0x00007fff3a560000 	/System/Library/Frameworks/CoreServices.framework/Versions/A/Frameworks/SharedFileList.framework/Versions/A/SharedFileList
0x00007fff3f227000 	/System/Library/Frameworks/NetFS.framework/Versions/A/NetFS
0x00007fff5fbfe000 	/System/Library/PrivateFrameworks/NetAuth.framework/Versions/A/NetAuth
0x00007fff6ba71000 	/System/Library/PrivateFrameworks/login.framework/Versions/A/Frameworks/loginsupport.framework/Versions/A/loginsupport
0x00007fff68714000 	/System/Library/PrivateFrameworks/TCC.framework/Versions/A/TCC
0x00007fff50c7f000 	/System/Library/PrivateFrameworks/CoreNLP.framework/Versions/A/CoreNLP
0x00007fff5f289000 	/System/Library/PrivateFrameworks/MetadataUtilities.framework/Versions/A/MetadataUtilities
0x00007fff6fde2000 	/usr/lib/libmecabra.dylib
0x00007fff6fd3a000 	/usr/lib/libmecab.dylib
0x00007fff6f996000 	/usr/lib/libgermantok.dylib
0x00007fff6ebc2000 	/usr/lib/libThaiTokenizer.dylib
0x00007fff6e5c8000 	/usr/lib/libChineseTokenizer.dylib
0x00007fff346a7000 	/System/Library/Frameworks/Accelerate.framework/Versions/A/Frameworks/vImage.framework/Versions/A/vImage
0x00007fff35b75000 	/System/Library/Frameworks/Accelerate.framework/Versions/A/Frameworks/vecLib.framework/Versions/A/vecLib
0x00007fff359f6000 	/System/Library/Frameworks/Accelerate.framework/Versions/A/Frameworks/vecLib.framework/Versions/A/libvMisc.dylib
0x00007fff35863000 	/System/Library/Frameworks/Accelerate.framework/Versions/A/Frameworks/vecLib.framework/Versions/A/libvDSP.dylib
0x00007fff34f43000 	/System/Library/Frameworks/Accelerate.framework/Versions/A/Frameworks/vecLib.framework/Versions/A/libBLAS.dylib
0x00007fff3541b000 	/System/Library/Frameworks/Accelerate.framework/Versions/A/Frameworks/vecLib.framework/Versions/A/libLAPACK.dylib
0x00007fff357c3000 	/System/Library/Frameworks/Accelerate.framework/Versions/A/Frameworks/vecLib.framework/Versions/A/libLinearAlgebra.dylib
0x00007fff35850000 	/System/Library/Frameworks/Accelerate.framework/Versions/A/Frameworks/vecLib.framework/Versions/A/libSparseBLAS.dylib
0x00007fff357d9000 	/System/Library/Frameworks/Accelerate.framework/Versions/A/Frameworks/vecLib.framework/Versions/A/libQuadrature.dylib
0x00007fff350d9000 	/System/Library/Frameworks/Accelerate.framework/Versions/A/Frameworks/vecLib.framework/Versions/A/libBNNS.dylib
0x00007fff357df000 	/System/Library/Frameworks/Accelerate.framework/Versions/A/Frameworks/vecLib.framework/Versions/A/libSparse.dylib
0x00007fff5ddfd000 	/System/Library/PrivateFrameworks/LanguageModeling.framework/Versions/A/LanguageModeling
0x00007fff5062e000 	/System/Library/PrivateFrameworks/CoreEmoji.framework/Versions/A/CoreEmoji
0x00007fff5df1b000 	/System/Library/PrivateFrameworks/LinguisticData.framework/Versions/A/LinguisticData
0x00007fff5decc000 	/System/Library/PrivateFrameworks/Lexicon.framework/Versions/A/Lexicon
0x00007fff6ef1a000 	/usr/lib/libcmph.dylib
0x00007fff41e16000 	/System/Library/Frameworks/OpenDirectory.framework/Versions/A/Frameworks/CFOpenDirectory.framework/Versions/A/CFOpenDirectory
0x00007fff41e33000 	/System/Library/Frameworks/OpenDirectory.framework/Versions/A/OpenDirectory
0x00007fff4a279000 	/System/Library/PrivateFrameworks/APFS.framework/Versions/A/APFS
0x00007fff45528000 	/System/Library/Frameworks/SecurityFoundation.framework/Versions/A/SecurityFoundation
0x00007fff70fda000 	/usr/lib/libutil.dylib
0x00007fff51b7a000 	/System/Library/PrivateFrameworks/CoreServicesStore.framework/Versions/A/CoreServicesStore
0x00007fff455df000 	/System/Library/Frameworks/ServiceManagement.framework/Versions/A/ServiceManagement
0x00007fff4d81b000 	/System/Library/PrivateFrameworks/BackgroundTaskManagement.framework/Versions/A/BackgroundTaskManagement
0x00007fff710d7000 	/usr/lib/libxslt.1.dylib
0x00007fff4c6bd000 	/System/Library/PrivateFrameworks/AppleSystemInfo.framework/Versions/A/AppleSystemInfo
0x00007fff3bb9b000 	/System/Library/Frameworks/ImageIO.framework/Versions/A/Resources/libJPEG.dylib
0x00007fff3be5a000 	/System/Library/Frameworks/ImageIO.framework/Versions/A/Resources/libTIFF.dylib
0x00007fff3be3d000 	/System/Library/Frameworks/ImageIO.framework/Versions/A/Resources/libPng.dylib
0x00007fff3badd000 	/System/Library/Frameworks/ImageIO.framework/Versions/A/Resources/libGIF.dylib
0x00007fff3bae1000 	/System/Library/Frameworks/ImageIO.framework/Versions/A/Resources/libJP2.dylib
0x00007fff3be58000 	/System/Library/Frameworks/ImageIO.framework/Versions/A/Resources/libRadiance.dylib
0x00007fff6f95d000 	/usr/lib/libexpat.1.dylib
0x00007fff4c1a4000 	/System/Library/PrivateFrameworks/AppleJPEG.framework/Versions/A/AppleJPEG
0x00007fff54e79000 	/System/Library/PrivateFrameworks/FontServices.framework/libFontParser.dylib
0x00007fff6abc3000 	/System/Library/PrivateFrameworks/WatchdogClient.framework/Versions/A/WatchdogClient
0x00007fff5d465000 	/System/Library/PrivateFrameworks/IOAccelerator.framework/Versions/A/IOAccelerator
0x00007fff3e367000 	/System/Library/Frameworks/MetalPerformanceShaders.framework/Versions/A/MetalPerformanceShaders
0x00007fff59bf5000 	/System/Library/PrivateFrameworks/GPUWrangler.framework/Versions/A/GPUWrangler
0x00007fff5d47a000 	/System/Library/PrivateFrameworks/IOPresentment.framework/Versions/A/IOPresentment
0x00007fff526fa000 	/System/Library/PrivateFrameworks/DSExternalDisplay.framework/Versions/A/DSExternalDisplay
0x00007fff427a7000 	/System/Library/Frameworks/OpenGL.framework/Versions/A/Libraries/libCoreFSCache.dylib
0x00007fff3e0b3000 	/System/Library/Frameworks/MetalPerformanceShaders.framework/Frameworks/MPSCore.framework/Versions/A/MPSCore
0x00007fff3e0f1000 	/System/Library/Frameworks/MetalPerformanceShaders.framework/Frameworks/MPSImage.framework/Versions/A/MPSImage
0x00007fff3e1b8000 	/System/Library/Frameworks/MetalPerformanceShaders.framework/Frameworks/MPSNeuralNetwork.framework/Versions/A/MPSNeuralNetwork
0x00007fff3e17c000 	/System/Library/Frameworks/MetalPerformanceShaders.framework/Frameworks/MPSMatrix.framework/Versions/A/MPSMatrix
0x00007fff3e317000 	/System/Library/Frameworks/MetalPerformanceShaders.framework/Frameworks/MPSRayIntersector.framework/Versions/A/MPSRayIntersector
0x00007fff3e1a2000 	/System/Library/Frameworks/MetalPerformanceShaders.framework/Frameworks/MPSNDArray.framework/Versions/A/MPSNDArray
0x00007fff5f2d6000 	/System/Library/PrivateFrameworks/MetalTools.framework/Versions/A/MetalTools
0x00007fff4b453000 	/System/Library/PrivateFrameworks/AggregateDictionary.framework/Versions/A/AggregateDictionary
0x00007fff50075000 	/System/Library/PrivateFrameworks/CoreAnalytics.framework/Versions/A/CoreAnalytics
0x00007fff4c5db000 	/System/Library/PrivateFrameworks/AppleSauce.framework/Versions/A/AppleSauce
0x00007fff6e884000 	/usr/lib/libIOReport.dylib
0x00007fff3aa62000 	/System/Library/Frameworks/CoreVideo.framework/Versions/A/CoreVideo
0x00007fff5b06e000 	/System/Library/PrivateFrameworks/GraphVisualizer.framework/Versions/A/GraphVisualizer
0x00007fff543bf000 	/System/Library/PrivateFrameworks/FaceCore.framework/Versions/A/FaceCore
0x00007fff41dbd000 	/System/Library/Frameworks/OpenCL.framework/Versions/A/OpenCL
0x00007fff6e6a6000 	/usr/lib/libFosl_dynamic.dylib
0x00007fff60620000 	/System/Library/PrivateFrameworks/OTSVG.framework/Versions/A/OTSVG
0x00007fff36c32000 	/System/Library/Frameworks/ApplicationServices.framework/Versions/A/Frameworks/ATS.framework/Versions/A/Resources/libFontRegistry.dylib
0x00007fff55049000 	/System/Library/PrivateFrameworks/FontServices.framework/libhvf.dylib
0x00007fff427b2000 	/System/Library/Frameworks/OpenGL.framework/Versions/A/Libraries/libGFXShared.dylib
0x00007fff42990000 	/System/Library/Frameworks/OpenGL.framework/Versions/A/Libraries/libGLU.dylib
0x00007fff427bb000 	/System/Library/Frameworks/OpenGL.framework/Versions/A/Libraries/libGL.dylib
0x00007fff427c6000 	/System/Library/Frameworks/OpenGL.framework/Versions/A/Libraries/libGLImage.dylib
0x00007fff427a4000 	/System/Library/Frameworks/OpenGL.framework/Versions/A/Libraries/libCVMSPluginSupport.dylib
0x00007fff427ad000 	/System/Library/Frameworks/OpenGL.framework/Versions/A/Libraries/libCoreVMClient.dylib
0x00007fff703b1000 	/usr/lib/libncurses.5.4.dylib
0x00007fff36b2e000 	/System/Library/Frameworks/ApplicationServices.framework/Versions/A/Frameworks/ATS.framework/Versions/A/ATS
0x00007fff36cfb000 	/System/Library/Frameworks/ApplicationServices.framework/Versions/A/Frameworks/ColorSyncLegacy.framework/Versions/A/ColorSyncLegacy
0x00007fff36d99000 	/System/Library/Frameworks/ApplicationServices.framework/Versions/A/Frameworks/HIServices.framework/Versions/A/HIServices
0x00007fff36df1000 	/System/Library/Frameworks/ApplicationServices.framework/Versions/A/Frameworks/LangAnalysis.framework/Versions/A/LangAnalysis
0x00007fff36e00000 	/System/Library/Frameworks/ApplicationServices.framework/Versions/A/Frameworks/PrintCore.framework/Versions/A/PrintCore
0x00007fff36e46000 	/System/Library/Frameworks/ApplicationServices.framework/Versions/A/Frameworks/QD.framework/Versions/A/QD
0x00007fff36e51000 	/System/Library/Frameworks/ApplicationServices.framework/Versions/A/Frameworks/SpeechSynthesis.framework/Versions/A/SpeechSynthesis
0x00007fff36ccb000 	/System/Library/Frameworks/ApplicationServices.framework/Versions/A/Frameworks/ATSUI.framework/Versions/A/ATSUI
0x00007fff6f7f3000 	/usr/lib/libcups.2.dylib
0x00007fff3d402000 	/System/Library/Frameworks/Kerberos.framework/Versions/A/Kerberos
0x00007fff3b53f000 	/System/Library/Frameworks/GSS.framework/Versions/A/GSS
0x00007fff70b33000 	/usr/lib/libresolv.9.dylib
0x00007fff5b21b000 	/System/Library/PrivateFrameworks/Heimdal.framework/Versions/A/Heimdal
0x00007fff3d415000 	/System/Library/Frameworks/Kerberos.framework/Versions/A/Libraries/libHeimdalProxy.dylib
0x00007fff6f99c000 	/usr/lib/libheimdal-asn1.dylib
0x00007fff4f50d000 	/System/Library/PrivateFrameworks/CommonAuth.framework/Versions/A/CommonAuth
0x00007fff4c75a000 	/System/Library/PrivateFrameworks/AssertionServices.framework/Versions/A/AssertionServices
0x00007fff4d2fd000 	/System/Library/PrivateFrameworks/AudioToolboxCore.framework/Versions/A/AudioToolboxCore
0x00007fff6b721000 	/System/Library/PrivateFrameworks/caulk.framework/Versions/A/caulk
0x00007fff4d8c7000 	/System/Library/PrivateFrameworks/BaseBoard.framework/Versions/A/BaseBoard
0x00007fff64883000 	/System/Library/PrivateFrameworks/RunningBoardServices.framework/Versions/A/RunningBoardServices
0x00007fff61894000 	/System/Library/PrivateFrameworks/PersistentConnection.framework/Versions/A/PersistentConnection
0x00007fff6427c000 	/System/Library/PrivateFrameworks/ProtocolBuffer.framework/Versions/A/ProtocolBuffer
0x00007fff4f531000 	/System/Library/PrivateFrameworks/CommonUtilities.framework/Versions/A/CommonUtilities
0x00007fff4da55000 	/System/Library/PrivateFrameworks/Bom.framework/Versions/A/Bom
0x00007fff6e557000 	/usr/lib/libAudioToolboxUtility.dylib
0x00007fff4d825000 	/System/Library/PrivateFrameworks/Backup.framework/Versions/A/Backup
0x00007fff5261b000 	/System/Library/PrivateFrameworks/CrashReporterSupport.framework/Versions/A/CrashReporterSupport
0x00007fff65b93000 	/System/Library/PrivateFrameworks/Sharing.framework/Versions/A/Sharing
0x00007fff4bd67000 	/System/Library/PrivateFrameworks/Apple80211.framework/Versions/A/Apple80211
0x00007fff4d542000 	/System/Library/PrivateFrameworks/AuthKit.framework/Versions/A/AuthKit
0x00007fff52328000 	/System/Library/PrivateFrameworks/CoreUtils.framework/Versions/A/CoreUtils
0x00007fff3aaa7000 	/System/Library/Frameworks/CoreWLAN.framework/Versions/A/CoreWLAN
0x00007fff3b6cc000 	/System/Library/Frameworks/IOBluetooth.framework/Versions/A/IOBluetooth
0x00007fff5f44d000 	/System/Library/PrivateFrameworks/MobileKeyBag.framework/Versions/A/MobileKeyBag
0x00007fff51117000 	/System/Library/PrivateFrameworks/CorePhoneNumbers.framework/Versions/A/CorePhoneNumbers
0x00007fff4c157000 	/System/Library/PrivateFrameworks/AppleIDAuthSupport.framework/Versions/A/AppleIDAuthSupport
0x00007fff3f234000 	/System/Library/Frameworks/Network.framework/Versions/A/Network
0x00007fff5dca9000 	/System/Library/PrivateFrameworks/KeychainCircle.framework/Versions/A/KeychainCircle
0x00007fff384c0000 	/System/Library/Frameworks/CoreBluetooth.framework/Versions/A/CoreBluetooth
0x00007fff67c12000 	/System/Library/PrivateFrameworks/SpeechRecognitionCore.framework/Versions/A/SpeechRecognitionCore
0x000000010d000000 	/Applications/Android Studio.app/Contents/jbr/Contents/Home/lib/server/libjvm.dylib
0x000000010b627000 	/Applications/Android Studio.app/Contents/jbr/Contents/Home/lib/libverify.dylib
0x000000010b63b000 	/Applications/Android Studio.app/Contents/jbr/Contents/Home/lib/libjava.dylib
0x000000010b677000 	/Applications/Android Studio.app/Contents/jbr/Contents/Home/lib/libjimage.dylib
0x000000010b6d5000 	/Applications/Android Studio.app/Contents/jbr/Contents/Home/lib/libzip.dylib
0x000000010bd78000 	/Applications/Android Studio.app/Contents/jbr/Contents/Home/lib/libnio.dylib
0x000000010bd94000 	/Applications/Android Studio.app/Contents/jbr/Contents/Home/lib/libnet.dylib
0x000000010bdb8000 	/Users/alauddinansari/.gradle/native/e1d6ef7f7dcc3fd88c89a11ec53ec762bb8ba0a96d01ffa2cd45eb1d1d8dd5c5/osx-amd64/libnative-platform.dylib
0x000000010bdbf000 	/Users/alauddinansari/.gradle/native/5664cfc778a61ccfe75a443a1ab52a65af34e5dc3c78e0209fed803814484fcb/osx-amd64/libnative-platform-file-events.dylib
0x000000010be2c000 	/Applications/Android Studio.app/Contents/jbr/Contents/Home/lib/libmanagement.dylib
0x000000010be40000 	/Applications/Android Studio.app/Contents/jbr/Contents/Home/lib/libmanagement_ext.dylib
0x000000010be50000 	/Applications/Android Studio.app/Contents/jbr/Contents/Home/lib/libextnet.dylib


VM Arguments:
jvm_args: --add-opens=java.base/java.util=ALL-UNNAMED --add-opens=java.base/java.lang=ALL-UNNAMED --add-opens=java.base/java.lang.invoke=ALL-UNNAMED --add-opens=java.base/java.util=ALL-UNNAMED --add-opens=java.prefs/java.util.prefs=ALL-UNNAMED --add-opens=java.prefs/java.util.prefs=ALL-UNNAMED --add-opens=java.base/java.nio.charset=ALL-UNNAMED --add-opens=java.base/java.net=ALL-UNNAMED --add-opens=java.base/java.util.concurrent.atomic=ALL-UNNAMED -Xmx2048m -Dfile.encoding=UTF-8 -Duser.country=IN -Duser.language=en -Duser.variant 
java_command: org.gradle.launcher.daemon.bootstrap.GradleDaemon 7.3.3
java_class_path (initial): /Users/alauddinansari/.gradle/wrapper/dists/gradle-7.3.3-bin/6a41zxkdtcxs8rphpq6y0069z/gradle-7.3.3/lib/gradle-launcher-7.3.3.jar
Launcher Type: SUN_STANDARD

[Global flags]
     intx CICompilerCount                          = 4                                         {product} {ergonomic}
     uint ConcGCThreads                            = 2                                         {product} {ergonomic}
     uint G1ConcRefinementThreads                  = 8                                         {product} {ergonomic}
   size_t G1HeapRegionSize                         = 1048576                                   {product} {ergonomic}
    uintx GCDrainStackTargetSize                   = 64                                        {product} {ergonomic}
   size_t InitialHeapSize                          = 134217728                                 {product} {ergonomic}
   size_t MarkStackSize                            = 4194304                                   {product} {ergonomic}
   size_t MaxHeapSize                              = 2147483648                                {product} {command line}
   size_t MaxNewSize                               = 1287651328                                {product} {ergonomic}
   size_t MinHeapDeltaBytes                        = 1048576                                   {product} {ergonomic}
    uintx NonNMethodCodeHeapSize                   = 5836300                                {pd product} {ergonomic}
    uintx NonProfiledCodeHeapSize                  = 122910970                              {pd product} {ergonomic}
    uintx ProfiledCodeHeapSize                     = 122910970                              {pd product} {ergonomic}
    uintx ReservedCodeCacheSize                    = 251658240                              {pd product} {ergonomic}
     bool SegmentedCodeCache                       = true                                      {product} {ergonomic}
     bool UseCompressedClassPointers               = true                                 {lp64_product} {ergonomic}
     bool UseCompressedOops                        = true                                 {lp64_product} {ergonomic}
     bool UseG1GC                                  = true                                      {product} {ergonomic}

Logging:
Log output configuration:
 #0: stdout all=warning uptime,level,tags
 #1: stderr all=off uptime,level,tags

Environment Variables:
PATH=/usr/local/bin:/usr/bin:/bin:/usr/sbin:/sbin:/Library/Apple/usr/bin
SHELL=/bin/zsh
LC_CTYPE=en_IN.UTF-8

Signal Handlers:
SIGSEGV: [libjvm.dylib+0x7d0a90], sa_mask[0]=11111111011111110111111111111111, sa_flags=SA_ONSTACK|SA_RESTART|SA_SIGINFO
SIGBUS: [libjvm.dylib+0x7d0a90], sa_mask[0]=11111111011111110111111111111111, sa_flags=SA_RESTART|SA_SIGINFO
SIGFPE: [libjvm.dylib+0x7d0a90], sa_mask[0]=11111111011111110111111111111111, sa_flags=SA_RESTART|SA_SIGINFO
SIGPIPE: [libjvm.dylib+0x633f66], sa_mask[0]=11111111011111110111111111111111, sa_flags=SA_RESTART|SA_SIGINFO
SIGXFSZ: [libjvm.dylib+0x633f66], sa_mask[0]=11111111011111110111111111111111, sa_flags=SA_RESTART|SA_SIGINFO
SIGILL: [libjvm.dylib+0x7d0a90], sa_mask[0]=11111111011111110111111111111111, sa_flags=SA_RESTART|SA_SIGINFO
SIGUSR2: [libjvm.dylib+0x634544], sa_mask[0]=00100000000000000000000000000000, sa_flags=SA_RESTART|SA_SIGINFO
SIGHUP: [libjvm.dylib+0x633089], sa_mask[0]=11111111011111110111111111111111, sa_flags=SA_RESTART|SA_SIGINFO
SIGINT: [libjvm.dylib+0x633089], sa_mask[0]=11111111011111110111111111111111, sa_flags=SA_RESTART|SA_SIGINFO
SIGTERM: [libjvm.dylib+0x633089], sa_mask[0]=11111111011111110111111111111111, sa_flags=SA_RESTART|SA_SIGINFO
SIGQUIT: [libjvm.dylib+0x633089], sa_mask[0]=11111111011111110111111111111111, sa_flags=SA_RESTART|SA_SIGINFO


---------------  S Y S T E M  ---------------

OS:uname:Darwin 19.6.0 Darwin Kernel Version 19.6.0: Tue Jun 21 21:18:39 PDT 2022; root:xnu-6153.141.66~1/RELEASE_X86_64 x86_64
OS uptime: 0 days 1:23 hours
rlimit (soft/hard): STACK 8192k/65532k , CORE 0k/infinity , NPROC 1392/2088 , NOFILE 10240/infinity , AS infinity/infinity , CPU infinity/infinity , DATA infinity/infinity , FSIZE infinity/infinity , MEMLOCK infinity/infinity , RSS infinity/infinity
load average:3.87 2.70 2.28

CPU:total 8 (initial active 8) (4 cores per cpu, 2 threads per core) family 6 model 58 stepping 9 microcode 0x21, cmov, cx8, fxsr, mmx, sse, sse2, sse3, ssse3, sse4.1, sse4.2, popcnt, avx, aes, clmul, erms, ht, tsc, tscinvbit, tscinv

Memory: 4k page, physical 8388608k(30724k free), swap 2097152k(934144k free)

vm_info: OpenJDK 64-Bit Server VM (11.0.15+0-b2043.56-8887301) for bsd-amd64 JRE (11.0.15+0-b2043.56-8887301), built on Jul 29 2022 15:23:02 by "androidbuild" with gcc Android (7284624, based on r416183b) Clang 12.0.5 (https://android.googlesource.com/toolchain/llvm-project c935d99d7cf2016289302412d708641d52d2f7ee)

END.
