#
# A fatal error has been detected by the Java Runtime Environment:
#
#  SIGSEGV (0xb) at pc=0x000000010354bdf0, pid=28378, tid=24067
#
# JRE version: OpenJDK Runtime Environment (11.0.15) (build 11.0.15+0-b2043.56-8887301)
# Java VM: OpenJDK 64-Bit Server VM (11.0.15+0-b2043.56-8887301, mixed mode, tiered, compressed oops, g1 gc, bsd-amd64)
# Problematic frame:
# V  [libjvm.dylib+0x34bdf0]  void G1ParScanThreadState::update_rs<unsigned int>(HeapRegion*, unsigned int*, oopDesc*)+0x30
#
# No core dump will be written. Core dumps have been disabled. To enable core dumping, try "ulimit -c unlimited" before starting Java again
#
# If you would like to submit a bug report, please visit:
#   https://bugreport.java.com/bugreport/crash.jsp
#

---------------  S U M M A R Y ------------

Command Line: org.jetbrains.kotlin.cli.jvm.K2JVMCompiler @/Users/alauddinansari/StudioProjects/EHCF/app/build/20231220_1852028156043559841.compiler.options

Host: MacBookPro9,1 x86_64 2300 MHz, 8 cores, 8G, Darwin 19.6.0
Time: Wed Dec 20 12:31:01 2023 IST elapsed time: 7.085468 seconds (0d 0h 0m 7s)

---------------  T H R E A D  ---------------

Current thread (0x00007fbc358ae000):  GCTaskThread "GC Thread#1" [stack: 0x0000700001a46000,0x0000700001b46000] [id=24067]

Stack: [0x0000700001a46000,0x0000700001b46000],  sp=0x0000700001b45d20,  free space=1023k
Native frames: (J=compiled Java code, A=aot compiled Java code, j=interpreted, Vv=VM code, C=native code)
V  [libjvm.dylib+0x34bdf0]  void G1ParScanThreadState::update_rs<unsigned int>(HeapRegion*, unsigned int*, oopDesc*)+0x30
V  [libjvm.dylib+0x3451f2]  G1ParScanThreadState::trim_queue_to_threshold(unsigned int)+0x14e
V  [libjvm.dylib+0x34507c]  G1ParScanThreadState::trim_queue()+0x1a
V  [libjvm.dylib+0x31a3d6]  G1ParEvacuateFollowersClosure::do_void()+0x20
V  [libjvm.dylib+0x31d151]  G1ParTask::work(unsigned int)+0x137
V  [libjvm.dylib+0x7f7483]  GangWorker::loop()+0x43
V  [libjvm.dylib+0x787a46]  Thread::call_run()+0x68
V  [libjvm.dylib+0x631dbb]  thread_native_entry(Thread*)+0x12d
C  [libsystem_pthread.dylib+0x6109]  _pthread_start+0x94
C  [libsystem_pthread.dylib+0x1b8b]  thread_start+0xf


siginfo: si_signo: 11 (SIGSEGV), si_code: 0 (unknown), si_addr: 0x0000000000000000

Register to memory mapping:

RAX=0x00000f0ff589bfff is an unknown value
RBX=0x00000007821c70dc is pointing into object: org.jetbrains.kotlin.com.intellij.psi.impl.source.tree.CompositeElement 
{0x00000007821c70c0} - klass: 'org/jetbrains/kotlin/com/intellij/psi/impl/source/tree/CompositeElement'
RCX=0x00007fbc30fdb000 points into unknown readable memory: 0x00007fbc339ceea8 | a8 ee 9c 33 bc 7f 00 00
RDX=0x00007fbc3080b800 points into unknown readable memory: 0x0000000103b6d268 | 68 d2 b6 03 01 00 00 00
RSP=0x0000700001b45d20 points into unknown readable memory: 0x00007fbc320525e0 | e0 25 05 32 bc 7f 00 00
RBP=0x0000700001b45d30 points into unknown readable memory: 0x0000700001b45d80 | 80 5d b4 01 00 70 00 00
RSI=0x00007fbc304246d0 points into unknown readable memory: 0x0000000103b710b0 | b0 10 b7 03 01 00 00 00
RDI=0x00007fbc320525e0 points into unknown readable memory: 0x0000000103b6eef0 | f0 ee b6 03 01 00 00 00
R8 =0x0000000000000003 is an unknown value
R9 =0x0000000000000005 is an unknown value
R10=0x0000000119077000 points into unknown readable memory: 0x0000000000000001 | 01 00 00 00 00 00 00 00
R11=0xfffffffffa21a7d8 is an unknown value
R12=0x00007fbc320525e0 points into unknown readable memory: 0x0000000103b6eef0 | f0 ee b6 03 01 00 00 00
R13=0x0 is NULL
R14=0x00007fbc320525e0 points into unknown readable memory: 0x0000000103b6eef0 | f0 ee b6 03 01 00 00 00
R15=0x000000000001ffff is an unknown value


Registers:
RAX=0x00000f0ff589bfff, RBX=0x00000007821c70dc, RCX=0x00007fbc30fdb000, RDX=0x00007fbc3080b800
RSP=0x0000700001b45d20, RBP=0x0000700001b45d30, RSI=0x00007fbc304246d0, RDI=0x00007fbc320525e0
R8 =0x0000000000000003, R9 =0x0000000000000005, R10=0x0000000119077000, R11=0xfffffffffa21a7d8
R12=0x00007fbc320525e0, R13=0x0000000000000000, R14=0x00007fbc320525e0, R15=0x000000000001ffff
RIP=0x000000010354bdf0, EFLAGS=0x0000000000010a07, ERR=0x0000000000000000
  TRAPNO=0x000000000000000d

Top of Stack: (sp=0x0000700001b45d20)
0x0000700001b45d20:   00007fbc320525e0 0000000000000000
0x0000700001b45d30:   0000700001b45d80 00000001035451f2
0x0000700001b45d40:   0000000100000000 00000007821c70dd
0x0000700001b45d50:   0000000000000000 0000000000000000
0x0000700001b45d60:   00007fbc320525e0 00007fbc320525e0
0x0000700001b45d70:   000000000001ffff 00007fbc320525e0
0x0000700001b45d80:   0000700001b45da0 000000010354507c
0x0000700001b45d90:   0000700001b45e08 0000000000000000
0x0000700001b45da0:   0000700001b45df0 000000010351a3d6
0x0000700001b45db0:   00007fbc3080b800 00007fbc320525e0
0x0000700001b45dc0:   0000000000000000 0000700001b45e08
0x0000700001b45dd0:   00007000010214e0 0000000000000000
0x0000700001b45de0:   0000000000000000 00007fbc320525e0
0x0000700001b45df0:   0000700001b45f00 000000010351d151
0x0000700001b45e00:   0000700001a42b48 0000000103b6d518
0x0000700001b45e10:   0000000000000000 0000000000000000
0x0000700001b45e20:   0000000000000000 00007fbc3080b800
0x0000700001b45e30:   00007fbc320525e0 00007fbc30606f30
0x0000700001b45e40:   0000700001021518 00007fbc358ae000
0x0000700001b45e50:   00007fbc320262e0 00007fbc32026320
0x0000700001b45e60:   00007fbc32026330 00007fbc32026408
0x0000700001b45e70:   00000000000000d8 00007fbc32026500
0x0000700001b45e80:   00007fbc320262b0 00007fbc3042f6a0
0x0000700001b45e90:   00007fbc3042f6b0 00007fbc3042fa88
0x0000700001b45ea0:   00000000000003d8 00007000010216e8
0x0000700001b45eb0:   401c354c11146932 401c354dc266d385
0x0000700001b45ec0:   0000000000000000 401c50166cf644e3
0x0000700001b45ed0:   401c50167197ae18 00007000010214e0
0x0000700001b45ee0:   0000000000000000 0000000000000000
0x0000700001b45ef0:   0000700001b45f18 00007fbc358ae000
0x0000700001b45f00:   0000700001b45f40 00000001039f7483
0x0000700001b45f10:   00007fbc358ae000 00007fbcffffffff 

Instructions: (pc=0x000000010354bdf0)
0x000000010354bcf0:   88 34 01 eb 14 0f b6 f0 4c 89 f7 4c 89 c2 e8 7f
0x000000010354bd00:   96 ff ff 49 89 c0 4c 89 03 4c 89 c0 48 31 d8 48
0x000000010354bd10:   8d 0d 5a 95 68 00 8a 09 48 d3 e8 48 85 c0 74 33
0x000000010354bd20:   49 8b 46 08 8a 88 c0 02 00 00 48 89 da 48 d3 ea
0x000000010354bd30:   48 8b 80 b0 02 00 00 48 8b 34 d0 4c 89 f7 48 89
0x000000010354bd40:   da 4c 89 c1 48 83 c4 08 5b 41 5e 41 5f 5d e9 99
0x000000010354bd50:   00 fd ff 48 83 c4 08 5b 41 5e 41 5f 5d c3 90 90
0x000000010354bd60:   55 48 89 e5 41 56 53 48 89 fb 48 8b 77 38 48 8b
0x000000010354bd70:   47 08 48 8b 4f 30 4c 8b 34 c6 48 3b 4f 18 73 12
0x000000010354bd80:   48 8b 4b 40 48 89 0c c6 48 89 73 40 48 ff 43 30
0x000000010354bd90:   eb 11 48 8d 14 c5 08 00 00 00 48 8b 03 48 89 df
0x000000010354bda0:   ff 50 08 4d 85 f6 4c 89 73 38 48 8b 43 08 48 89
0x000000010354bdb0:   43 20 49 0f 44 c6 48 29 43 28 5b 41 5e 5d c3 90
0x000000010354bdc0:   55 48 89 e5 41 56 53 f7 86 04 01 00 00 02 00 00
0x000000010354bdd0:   00 75 6f 48 89 c8 48 89 d3 49 89 fe 48 8b 57 08
0x000000010354bde0:   8a 8a c0 02 00 00 48 d3 e8 48 8b 8a b0 02 00 00
0x000000010354bdf0:   48 8b 04 c1 48 8b 80 f8 00 00 00 83 b8 18 01 00
0x000000010354be00:   00 00 74 3e 49 8b 7e 50 48 c1 eb 09 48 03 5f 48
0x000000010354be10:   48 2b 5f 40 48 89 de e8 82 6f fc ff 84 c0 74 22
0x000000010354be20:   41 80 7e 28 00 74 1b 49 8b 46 50 49 83 c6 18 48
0x000000010354be30:   03 58 40 4c 89 f7 48 89 de 5b 41 5e 5d e9 94 9d
0x000000010354be40:   33 00 5b 41 5e 5d c3 90 55 48 89 e5 41 57 41 56
0x000000010354be50:   41 55 41 54 53 48 83 ec 18 49 89 f5 49 89 fe 48
0x000000010354be60:   89 f2 48 83 e2 fd 48 8d 05 0c 8f 68 00 31 f6 80
0x000000010354be70:   38 00 40 0f 94 c6 48 8d 04 b5 0c 00 00 00 8b 4c
0x000000010354be80:   b2 0c 48 8b 12 4c 8d 05 e6 71 64 00 89 d7 83 e7
0x000000010354be90:   07 48 83 e2 fc 31 db 83 ff 05 48 0f 45 da 41 80
0x000000010354bea0:   38 00 48 0f 44 da 8b 54 b3 0c 89 cf 29 d7 48 8d
0x000000010354beb0:   35 c7 7a 64 00 44 8b 26 43 8d 34 24 39 f7 7e 47
0x000000010354bec0:   41 01 d4 44 89 24 03 49 83 cd 02 4d 8b 7e 10 4c
0x000000010354bed0:   89 6d c8 41 8b 07 41 8b b7 80 00 00 00 89 c1 29
0x000000010354bee0:   f1 81 e1 ff ff 01 00 81 f9 fd ff 01 00 77 20 49 


Stack slot to memory mapping:
stack at sp + 0 slots: 0x00007fbc320525e0 points into unknown readable memory: 0x0000000103b6eef0 | f0 ee b6 03 01 00 00 00
stack at sp + 1 slots: 0x0 is NULL
stack at sp + 2 slots: 0x0000700001b45d80 points into unknown readable memory: 0x0000700001b45da0 | a0 5d b4 01 00 70 00 00
stack at sp + 3 slots: 0x00000001035451f2: _ZN20G1ParScanThreadState23trim_queue_to_thresholdEj+0x14e in /Applications/Android Studio.app/Contents/jbr/Contents/Home/lib/server/libjvm.dylib at 0x0000000103200000
stack at sp + 4 slots: 0x0000000100000000 is an unknown value
stack at sp + 5 slots: 0x00000007821c70dd is pointing into object: org.jetbrains.kotlin.com.intellij.psi.impl.source.tree.CompositeElement 
{0x00000007821c70c0} - klass: 'org/jetbrains/kotlin/com/intellij/psi/impl/source/tree/CompositeElement'
stack at sp + 6 slots: 0x0 is NULL
stack at sp + 7 slots: 0x0 is NULL


---------------  P R O C E S S  ---------------

Threads class SMR info:
_java_thread_list=0x00007fbc3050d130, length=9, elements={
0x00007fbc30809800, 0x00007fbc3300c800, 0x00007fbc34049000, 0x00007fbc31042800,
0x00007fbc31043800, 0x00007fbc31036800, 0x00007fbc3280c800, 0x00007fbc31037000,
0x00007fbc32813000
}

Java Threads: ( => current thread )
  0x00007fbc30809800 JavaThread "main" [_thread_blocked, id=5635, stack(0x0000700000910000,0x0000700000a10000)]
  0x00007fbc3300c800 JavaThread "Reference Handler" daemon [_thread_blocked, id=13571, stack(0x0000700001025000,0x0000700001125000)]
  0x00007fbc34049000 JavaThread "Finalizer" daemon [_thread_blocked, id=17411, stack(0x0000700001128000,0x0000700001228000)]
  0x00007fbc31042800 JavaThread "Signal Dispatcher" daemon [_thread_blocked, id=15363, stack(0x0000700001331000,0x0000700001431000)]
  0x00007fbc31043800 JavaThread "Service Thread" daemon [_thread_blocked, id=43267, stack(0x0000700001434000,0x0000700001534000)]
  0x00007fbc31036800 JavaThread "C2 CompilerThread0" daemon [_thread_in_native, id=42499, stack(0x0000700001537000,0x0000700001637000)]
  0x00007fbc3280c800 JavaThread "C1 CompilerThread0" daemon [_thread_blocked, id=42243, stack(0x000070000163a000,0x000070000173a000)]
  0x00007fbc31037000 JavaThread "Sweeper thread" daemon [_thread_blocked, id=22787, stack(0x000070000173d000,0x000070000183d000)]
  0x00007fbc32813000 JavaThread "Common-Cleaner" daemon [_thread_blocked, id=23555, stack(0x0000700001943000,0x0000700001a43000)]

Other Threads:
  0x00007fbc3084a000 VMThread "VM Thread" [stack: 0x0000700000f22000,0x0000700001022000] [id=18179]
  0x00007fbc3280b800 WatcherThread [stack: 0x0000700001840000,0x0000700001940000] [id=23043]
  0x00007fbc30811000 GCTaskThread "GC Thread#0" [stack: 0x0000700000a13000,0x0000700000b13000] [id=11267]
=>0x00007fbc358ae000 GCTaskThread "GC Thread#1" [stack: 0x0000700001a46000,0x0000700001b46000] [id=24067]
  0x00007fbc308b7800 GCTaskThread "GC Thread#2" [stack: 0x0000700001b49000,0x0000700001c49000] [id=24323]
  0x00007fbc31033800 ConcurrentGCThread "G1 Main Marker" [stack: 0x0000700000b16000,0x0000700000c16000] [id=11779]
  0x00007fbc31809000 ConcurrentGCThread "G1 Conc#0" [stack: 0x0000700000c19000,0x0000700000d19000] [id=19971]
  0x00007fbc31281000 ConcurrentGCThread "G1 Conc#1" [stack: 0x0000700001c4c000,0x0000700001d4c000] [id=40963]
  0x00007fbc3402f000 ConcurrentGCThread "G1 Refine#0" [stack: 0x0000700000d1c000,0x0000700000e1c000] [id=19459]
  0x00007fbc3182a000 ConcurrentGCThread "G1 Young RemSet Sampling" [stack: 0x0000700000e1f000,0x0000700000f1f000] [id=12547]

Threads with active compile tasks:
C2 CompilerThread0     7124 3627       4       org.jetbrains.kotlin.parsing.AbstractKotlinParsing::at (114 bytes)

VM state:at safepoint (normal execution)

VM Mutex/Monitor currently owned by a thread:  ([mutex/lock_event])
[0x00007fbc30608ee0] Threads_lock - owner thread: 0x00007fbc3084a000
[0x00007fbc306095e0] Heap_lock - owner thread: 0x00007fbc30809800

Heap address: 0x0000000780000000, size: 2048 MB, Compressed Oops mode: Zero based, Oop shift amount: 3
Narrow klass base: 0x0000000800000000, Narrow klass shift: 0
Compressed class space size: 1073741824 Address: 0x0000000800000000

Heap:
 garbage-first heap   total 131072K, used 95571K [0x0000000780000000, 0x0000000800000000)
  region size 1024K, 66 young (67584K), 9 survivors (9216K)
 Metaspace       used 49509K, capacity 50002K, committed 50816K, reserved 1093632K
  class space    used 5700K, capacity 5923K, committed 6016K, reserved 1048576K
Heap Regions: E=young(eden), S=young(survivor), O=old, HS=humongous(starts), HC=humongous(continues), CS=collection set, F=free, A=archive, TAMS=top-at-mark-start (previous, next)
|   0|0x0000000780000000, 0x0000000780100000, 0x0000000780100000|100%|HS|  |TAMS 0x0000000780100000, 0x0000000780000000| Complete 
|   1|0x0000000780100000, 0x0000000780200000, 0x0000000780200000|100%|HC|  |TAMS 0x0000000780200000, 0x0000000780100000| Complete 
|   2|0x0000000780200000, 0x0000000780300000, 0x0000000780300000|100%|HC|  |TAMS 0x0000000780300000, 0x0000000780200000| Complete 
|   3|0x0000000780300000, 0x0000000780400000, 0x0000000780400000|100%| O|  |TAMS 0x0000000780400000, 0x0000000780300000| Untracked 
|   4|0x0000000780400000, 0x0000000780500000, 0x0000000780500000|100%| O|  |TAMS 0x0000000780500000, 0x0000000780400000| Untracked 
|   5|0x0000000780500000, 0x0000000780600000, 0x0000000780600000|100%|HS|  |TAMS 0x0000000780600000, 0x0000000780500000| Complete 
|   6|0x0000000780600000, 0x0000000780700000, 0x0000000780700000|100%|HC|  |TAMS 0x0000000780700000, 0x0000000780600000| Complete 
|   7|0x0000000780700000, 0x0000000780800000, 0x0000000780800000|100%|HC|  |TAMS 0x0000000780800000, 0x0000000780700000| Complete 
|   8|0x0000000780800000, 0x0000000780900000, 0x0000000780900000|100%| O|  |TAMS 0x0000000780900000, 0x0000000780800000| Untracked 
|   9|0x0000000780900000, 0x0000000780a00000, 0x0000000780a00000|100%| O|  |TAMS 0x0000000780a00000, 0x0000000780900000| Untracked 
|  10|0x0000000780a00000, 0x0000000780b00000, 0x0000000780b00000|100%| O|  |TAMS 0x0000000780b00000, 0x0000000780a00000| Untracked 
|  11|0x0000000780b00000, 0x0000000780c00000, 0x0000000780c00000|100%| O|  |TAMS 0x0000000780c00000, 0x0000000780b00000| Untracked 
|  12|0x0000000780c00000, 0x0000000780d00000, 0x0000000780d00000|100%| O|  |TAMS 0x0000000780d00000, 0x0000000780c00000| Untracked 
|  13|0x0000000780d00000, 0x0000000780e00000, 0x0000000780e00000|100%|HS|  |TAMS 0x0000000780d00000, 0x0000000780d00000| Complete 
|  14|0x0000000780e00000, 0x0000000780f00000, 0x0000000780f00000|100%|HC|  |TAMS 0x0000000780e00000, 0x0000000780e00000| Complete 
|  15|0x0000000780f00000, 0x0000000781000000, 0x0000000781000000|100%| O|  |TAMS 0x0000000781000000, 0x0000000780f00000| Untracked 
|  16|0x0000000781000000, 0x0000000781100000, 0x0000000781100000|100%| O|  |TAMS 0x0000000781100000, 0x0000000781000000| Untracked 
|  17|0x0000000781100000, 0x0000000781200000, 0x0000000781200000|100%| O|  |TAMS 0x0000000781200000, 0x0000000781100000| Untracked 
|  18|0x0000000781200000, 0x0000000781300000, 0x0000000781300000|100%| O|  |TAMS 0x0000000781300000, 0x0000000781200000| Untracked 
|  19|0x0000000781300000, 0x0000000781400000, 0x0000000781400000|100%| O|  |TAMS 0x0000000781400000, 0x0000000781300000| Untracked 
|  20|0x0000000781400000, 0x0000000781500000, 0x0000000781500000|100%| O|  |TAMS 0x0000000781488400, 0x0000000781400000| Untracked 
|  21|0x0000000781500000, 0x0000000781600000, 0x0000000781600000|100%| O|  |TAMS 0x0000000781500000, 0x0000000781500000| Untracked 
|  22|0x0000000781600000, 0x0000000781700000, 0x0000000781700000|100%| O|  |TAMS 0x0000000781600000, 0x0000000781600000| Untracked 
|  23|0x0000000781700000, 0x0000000781800000, 0x0000000781800000|100%| O|  |TAMS 0x0000000781700000, 0x0000000781700000| Untracked 
|  24|0x0000000781800000, 0x0000000781900000, 0x0000000781900000|100%| O|  |TAMS 0x0000000781800000, 0x0000000781800000| Untracked 
|  25|0x0000000781900000, 0x0000000781a00000, 0x0000000781a00000|100%| O|  |TAMS 0x0000000781900000, 0x0000000781900000| Untracked 
|  26|0x0000000781a00000, 0x0000000781b00000, 0x0000000781b00000|100%| O|  |TAMS 0x0000000781a00000, 0x0000000781a00000| Untracked 
|  27|0x0000000781b00000, 0x0000000781c00000, 0x0000000781c00000|100%| O|  |TAMS 0x0000000781b00000, 0x0000000781b00000| Untracked 
|  28|0x0000000781c00000, 0x0000000781d00000, 0x0000000781d00000|100%|HS|  |TAMS 0x0000000781c00000, 0x0000000781c00000| Complete 
|  29|0x0000000781d00000, 0x0000000781e00000, 0x0000000781e00000|100%| O|  |TAMS 0x0000000781d00000, 0x0000000781d00000| Untracked 
|  30|0x0000000781e00000, 0x0000000781f00000, 0x0000000781f00000|100%| O|  |TAMS 0x0000000781e00000, 0x0000000781e00000| Untracked 
|  31|0x0000000781f00000, 0x0000000782000000, 0x0000000782000000|100%| O|  |TAMS 0x0000000781f00000, 0x0000000781f00000| Untracked 
|  32|0x0000000782000000, 0x0000000782100000, 0x0000000782100000|100%| O|  |TAMS 0x0000000782000000, 0x0000000782000000| Untracked 
|  33|0x0000000782100000, 0x0000000782200000, 0x0000000782200000|100%| O|  |TAMS 0x0000000782100000, 0x0000000782100000| Untracked 
|  34|0x0000000782200000, 0x0000000782300000, 0x0000000782300000|100%| O|  |TAMS 0x0000000782200000, 0x0000000782200000| Untracked 
|  35|0x0000000782300000, 0x0000000782400000, 0x0000000782400000|100%| O|  |TAMS 0x0000000782300000, 0x0000000782300000| Untracked 
|  36|0x0000000782400000, 0x00000007824cdc90, 0x0000000782500000| 80%| O|  |TAMS 0x0000000782400000, 0x0000000782400000| Untracked 
|  37|0x0000000782500000, 0x0000000782500000, 0x0000000782600000|  0%| F|  |TAMS 0x0000000782500000, 0x0000000782500000| Untracked 
|  38|0x0000000782600000, 0x0000000782600000, 0x0000000782700000|  0%| F|  |TAMS 0x0000000782600000, 0x0000000782600000| Untracked 
|  39|0x0000000782700000, 0x0000000782700000, 0x0000000782800000|  0%| F|  |TAMS 0x0000000782700000, 0x0000000782700000| Untracked 
|  40|0x0000000782800000, 0x0000000782800000, 0x0000000782900000|  0%| F|  |TAMS 0x0000000782800000, 0x0000000782800000| Untracked 
|  41|0x0000000782900000, 0x0000000782900000, 0x0000000782a00000|  0%| F|  |TAMS 0x0000000782900000, 0x0000000782900000| Untracked 
|  42|0x0000000782a00000, 0x0000000782a00000, 0x0000000782b00000|  0%| F|  |TAMS 0x0000000782a00000, 0x0000000782a00000| Untracked 
|  43|0x0000000782b00000, 0x0000000782b00000, 0x0000000782c00000|  0%| F|  |TAMS 0x0000000782b00000, 0x0000000782b00000| Untracked 
|  44|0x0000000782c00000, 0x0000000782c00000, 0x0000000782d00000|  0%| F|  |TAMS 0x0000000782c00000, 0x0000000782c00000| Untracked 
|  45|0x0000000782d00000, 0x0000000782d00000, 0x0000000782e00000|  0%| F|  |TAMS 0x0000000782d00000, 0x0000000782d00000| Untracked 
|  46|0x0000000782e00000, 0x0000000782e00000, 0x0000000782f00000|  0%| F|  |TAMS 0x0000000782e00000, 0x0000000782e00000| Untracked 
|  47|0x0000000782f00000, 0x0000000782f00000, 0x0000000783000000|  0%| F|  |TAMS 0x0000000782f00000, 0x0000000782f00000| Untracked 
|  48|0x0000000783000000, 0x0000000783000000, 0x0000000783100000|  0%| F|  |TAMS 0x0000000783000000, 0x0000000783000000| Untracked 
|  49|0x0000000783100000, 0x0000000783100000, 0x0000000783200000|  0%| F|  |TAMS 0x0000000783100000, 0x0000000783100000| Untracked 
|  50|0x0000000783200000, 0x0000000783200000, 0x0000000783300000|  0%| F|  |TAMS 0x0000000783200000, 0x0000000783200000| Untracked 
|  51|0x0000000783300000, 0x0000000783300000, 0x0000000783400000|  0%| F|  |TAMS 0x0000000783300000, 0x0000000783300000| Untracked 
|  52|0x0000000783400000, 0x0000000783400000, 0x0000000783500000|  0%| F|  |TAMS 0x0000000783400000, 0x0000000783400000| Untracked 
|  53|0x0000000783500000, 0x0000000783500000, 0x0000000783600000|  0%| F|  |TAMS 0x0000000783500000, 0x0000000783500000| Untracked 
|  54|0x0000000783600000, 0x0000000783700000, 0x0000000783700000|100%| S|  |TAMS 0x0000000783600000, 0x0000000783600000| Complete 
|  55|0x0000000783700000, 0x0000000783800000, 0x0000000783800000|100%| E|CS|TAMS 0x0000000783700000, 0x0000000783700000| Complete 
|  56|0x0000000783800000, 0x0000000783900000, 0x0000000783900000|100%| E|CS|TAMS 0x0000000783800000, 0x0000000783800000| Complete 
|  57|0x0000000783900000, 0x0000000783a00000, 0x0000000783a00000|100%| E|CS|TAMS 0x0000000783900000, 0x0000000783900000| Complete 
|  58|0x0000000783a00000, 0x0000000783b00000, 0x0000000783b00000|100%| E|CS|TAMS 0x0000000783a00000, 0x0000000783a00000| Complete 
|  59|0x0000000783b00000, 0x0000000783c00000, 0x0000000783c00000|100%| E|CS|TAMS 0x0000000783b00000, 0x0000000783b00000| Complete 
|  60|0x0000000783c00000, 0x0000000783d00000, 0x0000000783d00000|100%| E|CS|TAMS 0x0000000783c00000, 0x0000000783c00000| Complete 
|  61|0x0000000783d00000, 0x0000000783e00000, 0x0000000783e00000|100%| E|CS|TAMS 0x0000000783d00000, 0x0000000783d00000| Complete 
|  62|0x0000000783e00000, 0x0000000783f00000, 0x0000000783f00000|100%| E|CS|TAMS 0x0000000783e00000, 0x0000000783e00000| Complete 
|  63|0x0000000783f00000, 0x0000000784000000, 0x0000000784000000|100%| S|  |TAMS 0x0000000783f00000, 0x0000000783f00000| Complete 
|  64|0x0000000784000000, 0x0000000784100000, 0x0000000784100000|100%| S|  |TAMS 0x0000000784000000, 0x0000000784000000| Complete 
|  65|0x0000000784100000, 0x0000000784200000, 0x0000000784200000|100%| S|  |TAMS 0x0000000784100000, 0x0000000784100000| Complete 
|  66|0x0000000784200000, 0x0000000784300000, 0x0000000784300000|100%| S|  |TAMS 0x0000000784200000, 0x0000000784200000| Complete 
|  67|0x0000000784300000, 0x0000000784400000, 0x0000000784400000|100%| S|  |TAMS 0x0000000784300000, 0x0000000784300000| Complete 
|  68|0x0000000784400000, 0x0000000784500000, 0x0000000784500000|100%| S|  |TAMS 0x0000000784400000, 0x0000000784400000| Complete 
|  69|0x0000000784500000, 0x0000000784600000, 0x0000000784600000|100%| S|  |TAMS 0x0000000784500000, 0x0000000784500000| Complete 
|  70|0x0000000784600000, 0x0000000784700000, 0x0000000784700000|100%| S|  |TAMS 0x0000000784600000, 0x0000000784600000| Complete 
|  71|0x0000000784700000, 0x0000000784800000, 0x0000000784800000|100%| E|CS|TAMS 0x0000000784700000, 0x0000000784700000| Complete 
|  72|0x0000000784800000, 0x0000000784900000, 0x0000000784900000|100%| E|CS|TAMS 0x0000000784800000, 0x0000000784800000| Complete 
|  73|0x0000000784900000, 0x0000000784a00000, 0x0000000784a00000|100%| E|CS|TAMS 0x0000000784900000, 0x0000000784900000| Complete 
|  74|0x0000000784a00000, 0x0000000784b00000, 0x0000000784b00000|100%| E|CS|TAMS 0x0000000784a00000, 0x0000000784a00000| Complete 
|  75|0x0000000784b00000, 0x0000000784c00000, 0x0000000784c00000|100%| E|CS|TAMS 0x0000000784b00000, 0x0000000784b00000| Complete 
|  76|0x0000000784c00000, 0x0000000784d00000, 0x0000000784d00000|100%| E|CS|TAMS 0x0000000784c00000, 0x0000000784c00000| Complete 
|  77|0x0000000784d00000, 0x0000000784e00000, 0x0000000784e00000|100%| E|CS|TAMS 0x0000000784d00000, 0x0000000784d00000| Complete 
|  78|0x0000000784e00000, 0x0000000784f00000, 0x0000000784f00000|100%| E|CS|TAMS 0x0000000784e00000, 0x0000000784e00000| Complete 
|  79|0x0000000784f00000, 0x0000000785000000, 0x0000000785000000|100%| E|CS|TAMS 0x0000000784f00000, 0x0000000784f00000| Complete 
|  80|0x0000000785000000, 0x0000000785100000, 0x0000000785100000|100%| E|CS|TAMS 0x0000000785000000, 0x0000000785000000| Complete 
|  81|0x0000000785100000, 0x0000000785200000, 0x0000000785200000|100%| E|CS|TAMS 0x0000000785100000, 0x0000000785100000| Complete 
|  82|0x0000000785200000, 0x0000000785300000, 0x0000000785300000|100%| E|CS|TAMS 0x0000000785200000, 0x0000000785200000| Complete 
|  83|0x0000000785300000, 0x0000000785400000, 0x0000000785400000|100%| E|CS|TAMS 0x0000000785300000, 0x0000000785300000| Complete 
|  84|0x0000000785400000, 0x0000000785500000, 0x0000000785500000|100%| E|CS|TAMS 0x0000000785400000, 0x0000000785400000| Complete 
|  85|0x0000000785500000, 0x0000000785600000, 0x0000000785600000|100%| E|CS|TAMS 0x0000000785500000, 0x0000000785500000| Complete 
|  86|0x0000000785600000, 0x0000000785700000, 0x0000000785700000|100%| E|CS|TAMS 0x0000000785600000, 0x0000000785600000| Complete 
|  87|0x0000000785700000, 0x0000000785800000, 0x0000000785800000|100%| E|CS|TAMS 0x0000000785700000, 0x0000000785700000| Complete 
|  88|0x0000000785800000, 0x0000000785900000, 0x0000000785900000|100%| E|CS|TAMS 0x0000000785800000, 0x0000000785800000| Complete 
|  89|0x0000000785900000, 0x0000000785a00000, 0x0000000785a00000|100%| E|CS|TAMS 0x0000000785900000, 0x0000000785900000| Complete 
|  90|0x0000000785a00000, 0x0000000785b00000, 0x0000000785b00000|100%| E|CS|TAMS 0x0000000785a00000, 0x0000000785a00000| Complete 
|  91|0x0000000785b00000, 0x0000000785c00000, 0x0000000785c00000|100%| E|CS|TAMS 0x0000000785b00000, 0x0000000785b00000| Complete 
|  92|0x0000000785c00000, 0x0000000785d00000, 0x0000000785d00000|100%| E|CS|TAMS 0x0000000785c00000, 0x0000000785c00000| Complete 
|  93|0x0000000785d00000, 0x0000000785e00000, 0x0000000785e00000|100%| E|CS|TAMS 0x0000000785d00000, 0x0000000785d00000| Complete 
|  94|0x0000000785e00000, 0x0000000785f00000, 0x0000000785f00000|100%| E|CS|TAMS 0x0000000785e00000, 0x0000000785e00000| Complete 
|  95|0x0000000785f00000, 0x0000000786000000, 0x0000000786000000|100%| E|CS|TAMS 0x0000000785f00000, 0x0000000785f00000| Complete 
|  96|0x0000000786000000, 0x0000000786100000, 0x0000000786100000|100%| E|CS|TAMS 0x0000000786000000, 0x0000000786000000| Complete 
|  97|0x0000000786100000, 0x0000000786200000, 0x0000000786200000|100%| E|CS|TAMS 0x0000000786100000, 0x0000000786100000| Complete 
|  98|0x0000000786200000, 0x0000000786300000, 0x0000000786300000|100%| E|CS|TAMS 0x0000000786200000, 0x0000000786200000| Complete 
|  99|0x0000000786300000, 0x0000000786400000, 0x0000000786400000|100%| E|CS|TAMS 0x0000000786300000, 0x0000000786300000| Complete 
| 100|0x0000000786400000, 0x0000000786500000, 0x0000000786500000|100%| E|CS|TAMS 0x0000000786400000, 0x0000000786400000| Complete 
| 101|0x0000000786500000, 0x0000000786600000, 0x0000000786600000|100%| E|CS|TAMS 0x0000000786500000, 0x0000000786500000| Complete 
| 102|0x0000000786600000, 0x0000000786700000, 0x0000000786700000|100%| E|CS|TAMS 0x0000000786600000, 0x0000000786600000| Complete 
| 103|0x0000000786700000, 0x0000000786800000, 0x0000000786800000|100%| E|CS|TAMS 0x0000000786700000, 0x0000000786700000| Complete 
| 104|0x0000000786800000, 0x0000000786900000, 0x0000000786900000|100%| E|CS|TAMS 0x0000000786800000, 0x0000000786800000| Complete 
| 105|0x0000000786900000, 0x0000000786a00000, 0x0000000786a00000|100%| E|CS|TAMS 0x0000000786900000, 0x0000000786900000| Complete 
| 106|0x0000000786a00000, 0x0000000786b00000, 0x0000000786b00000|100%| E|CS|TAMS 0x0000000786a00000, 0x0000000786a00000| Complete 
| 107|0x0000000786b00000, 0x0000000786c00000, 0x0000000786c00000|100%| E|CS|TAMS 0x0000000786b00000, 0x0000000786b00000| Complete 
| 108|0x0000000786c00000, 0x0000000786d00000, 0x0000000786d00000|100%| E|CS|TAMS 0x0000000786c00000, 0x0000000786c00000| Complete 
| 109|0x0000000786d00000, 0x0000000786e00000, 0x0000000786e00000|100%| E|CS|TAMS 0x0000000786d00000, 0x0000000786d00000| Complete 
| 110|0x0000000786e00000, 0x0000000786f00000, 0x0000000786f00000|100%| E|CS|TAMS 0x0000000786e00000, 0x0000000786e00000| Complete 
| 111|0x0000000786f00000, 0x0000000787000000, 0x0000000787000000|100%| E|CS|TAMS 0x0000000786f00000, 0x0000000786f00000| Complete 
| 112|0x0000000787000000, 0x0000000787100000, 0x0000000787100000|100%| E|CS|TAMS 0x0000000787000000, 0x0000000787000000| Complete 
| 113|0x0000000787100000, 0x0000000787200000, 0x0000000787200000|100%| E|CS|TAMS 0x0000000787100000, 0x0000000787100000| Complete 
| 114|0x0000000787200000, 0x0000000787300000, 0x0000000787300000|100%| E|CS|TAMS 0x0000000787200000, 0x0000000787200000| Complete 
| 115|0x0000000787300000, 0x0000000787400000, 0x0000000787400000|100%| E|CS|TAMS 0x0000000787300000, 0x0000000787300000| Complete 
| 116|0x0000000787400000, 0x0000000787500000, 0x0000000787500000|100%| E|CS|TAMS 0x0000000787400000, 0x0000000787400000| Complete 
| 117|0x0000000787500000, 0x0000000787600000, 0x0000000787600000|100%| E|CS|TAMS 0x0000000787500000, 0x0000000787500000| Complete 
| 118|0x0000000787600000, 0x0000000787700000, 0x0000000787700000|100%| E|CS|TAMS 0x0000000787600000, 0x0000000787600000| Complete 
| 119|0x0000000787700000, 0x0000000787800000, 0x0000000787800000|100%| E|CS|TAMS 0x0000000787700000, 0x0000000787700000| Complete 
| 120|0x0000000787800000, 0x0000000787900000, 0x0000000787900000|100%| E|CS|TAMS 0x0000000787800000, 0x0000000787800000| Complete 
| 121|0x0000000787900000, 0x0000000787a00000, 0x0000000787a00000|100%| E|CS|TAMS 0x0000000787900000, 0x0000000787900000| Complete 
| 122|0x0000000787a00000, 0x0000000787b00000, 0x0000000787b00000|100%| E|CS|TAMS 0x0000000787a00000, 0x0000000787a00000| Complete 
| 123|0x0000000787b00000, 0x0000000787c00000, 0x0000000787c00000|100%| E|CS|TAMS 0x0000000787b00000, 0x0000000787b00000| Complete 
| 124|0x0000000787c00000, 0x0000000787d00000, 0x0000000787d00000|100%| E|CS|TAMS 0x0000000787c00000, 0x0000000787c00000| Complete 
| 125|0x0000000787d00000, 0x0000000787e00000, 0x0000000787e00000|100%| E|CS|TAMS 0x0000000787d00000, 0x0000000787d00000| Complete 
| 126|0x0000000787e00000, 0x0000000787f00000, 0x0000000787f00000|100%| E|CS|TAMS 0x0000000787e00000, 0x0000000787e00000| Complete 
| 127|0x0000000787f00000, 0x0000000788000000, 0x0000000788000000|100%| E|CS|TAMS 0x0000000787f00000, 0x0000000787f00000| Complete 

Card table byte_map: [0x000000010851e000,0x000000010891e000] _byte_map_base: 0x000000010491e000

Marking Bits (Prev, Next): (CMBitMap*) 0x00007fbc3102ae18, (CMBitMap*) 0x00007fbc3102ae50
 Prev Bits: [0x0000000119077000, 0x000000011b077000)
 Next Bits: [0x000000011b077000, 0x000000011d077000)

Polling page: 0x00000001021fa000

Metaspace:

Usage:
  Non-class:     43.05 MB capacity,    42.78 MB (>99%) used,   196.83 KB ( <1%) free+waste,    73.56 KB ( <1%) overhead. 
      Class:      5.78 MB capacity,     5.57 MB ( 96%) used,   190.78 KB (  3%) free+waste,    31.62 KB ( <1%) overhead. 
       Both:     48.83 MB capacity,    48.35 MB (>99%) used,   387.61 KB ( <1%) free+waste,   105.19 KB ( <1%) overhead. 

Virtual space:
  Non-class space:       44.00 MB reserved,      43.75 MB (>99%) committed 
      Class space:        1.00 GB reserved,       5.88 MB ( <1%) committed 
             Both:        1.04 GB reserved,      49.62 MB (  5%) committed 

Chunk freelists:
   Non-Class:  677.00 KB
       Class:  29.00 KB
        Both:  706.00 KB

MaxMetaspaceSize: unlimited
CompressedClassSpaceSize: 1.00 GB
Initial GC threshold: 20.80 MB
Current GC threshold: 58.75 MB
CDS: off

CodeHeap 'non-profiled nmethods': size=120032Kb used=1562Kb max_used=1562Kb free=118470Kb
 bounds [0x0000000111b3f000, 0x0000000111daf000, 0x0000000119077000]
CodeHeap 'profiled nmethods': size=120028Kb used=9569Kb max_used=9569Kb free=110458Kb
 bounds [0x000000010a608000, 0x000000010af68000, 0x0000000111b3f000]
CodeHeap 'non-nmethods': size=5700Kb used=1264Kb max_used=1303Kb free=4435Kb
 bounds [0x000000010a077000, 0x000000010a2e7000, 0x000000010a608000]
 total_blobs=4972 nmethods=4425 adapters=460
 compilation: enabled
              stopped_count=0, restarted_count=0
 full_count=0

Compilation events (20 events):
Event: 7.042 Thread 0x00007fbc3280c800 4515       2       org.jetbrains.kotlin.storage.LockBasedStorageManager::createMemoizedFunctionWithNullableValues (29 bytes)
Event: 7.042 Thread 0x00007fbc3280c800 nmethod 4515 0x000000010af5c810 code [0x000000010af5c9e0, 0x000000010af5cbe0]
Event: 7.042 Thread 0x00007fbc3280c800 4512       2       java.util.LinkedHashMap::entrySet (27 bytes)
Event: 7.043 Thread 0x00007fbc3280c800 nmethod 4512 0x000000010af5cd10 code [0x000000010af5cec0, 0x000000010af5d110]
Event: 7.043 Thread 0x00007fbc3280c800 4501       2       org.jetbrains.kotlin.protobuf.CodedOutputStream::computeEnumSize (10 bytes)
Event: 7.043 Thread 0x00007fbc3280c800 nmethod 4501 0x000000010af5d190 code [0x000000010af5d340, 0x000000010af5d470]
Event: 7.043 Thread 0x00007fbc3280c800 4510       1       org.jetbrains.kotlin.load.kotlin.header.KotlinClassHeader::getMetadataVersion (5 bytes)
Event: 7.043 Thread 0x00007fbc3280c800 nmethod 4510 0x0000000111cc5210 code [0x0000000111cc53c0, 0x0000000111cc5470]
Event: 7.043 Thread 0x00007fbc3280c800 4511       1       org.jetbrains.kotlin.load.kotlin.JvmPackagePartSource::getClassName (5 bytes)
Event: 7.043 Thread 0x00007fbc3280c800 nmethod 4511 0x0000000111cc5510 code [0x0000000111cc56c0, 0x0000000111cc5770]
Event: 7.043 Thread 0x00007fbc3280c800 4513       2       java.util.LinkedHashMap$LinkedEntrySet::iterator (12 bytes)
Event: 7.043 Thread 0x00007fbc3280c800 nmethod 4513 0x000000010af5d590 code [0x000000010af5d740, 0x000000010af5d9f0]
Event: 7.048 Thread 0x00007fbc3280c800 4516       2       org.jetbrains.kotlin.load.kotlin.FileBasedKotlinClass::getClassHeader (14 bytes)
Event: 7.048 Thread 0x00007fbc3280c800 nmethod 4516 0x000000010af5db10 code [0x000000010af5dcc0, 0x000000010af5dde0]
Event: 7.048 Thread 0x00007fbc3280c800 4519       3       org.jetbrains.kotlin.metadata.jvm.deserialization.UtfEncodingKt::stringsToBytes (173 bytes)
Event: 7.050 Thread 0x00007fbc3280c800 nmethod 4519 0x000000010af5de90 code [0x000000010af5e180, 0x000000010af5f1b0]
Event: 7.050 Thread 0x00007fbc3280c800 4517       2       org.jetbrains.kotlin.load.kotlin.DeserializedDescriptorResolver::getComponents (17 bytes)
Event: 7.051 Thread 0x00007fbc3280c800 nmethod 4517 0x000000010af5f990 code [0x000000010af5fbc0, 0x000000010af5ff90]
Event: 7.051 Thread 0x00007fbc3280c800 4518       2       org.jetbrains.kotlin.load.kotlin.header.KotlinClassHeader::has (12 bytes)
Event: 7.052 Thread 0x00007fbc3280c800 nmethod 4518 0x000000010af60210 code [0x000000010af603c0, 0x000000010af604d0]

GC Heap History (11 events):
Event: 1.865 GC heap before
{Heap before GC invocations=0 (full 0):
 garbage-first heap   total 131072K, used 27648K [0x0000000780000000, 0x0000000800000000)
  region size 1024K, 24 young (24576K), 0 survivors (0K)
 Metaspace       used 12250K, capacity 12341K, committed 12672K, reserved 1060864K
  class space    used 1102K, capacity 1110K, committed 1152K, reserved 1048576K
}
Event: 1.873 GC heap after
{Heap after GC invocations=1 (full 0):
 garbage-first heap   total 131072K, used 6426K [0x0000000780000000, 0x0000000800000000)
  region size 1024K, 3 young (3072K), 3 survivors (3072K)
 Metaspace       used 12250K, capacity 12341K, committed 12672K, reserved 1060864K
  class space    used 1102K, capacity 1110K, committed 1152K, reserved 1048576K
}
Event: 2.905 GC heap before
{Heap before GC invocations=1 (full 0):
 garbage-first heap   total 131072K, used 46362K [0x0000000780000000, 0x0000000800000000)
  region size 1024K, 43 young (44032K), 3 survivors (3072K)
 Metaspace       used 20812K, capacity 20963K, committed 21248K, reserved 1069056K
  class space    used 2189K, capacity 2267K, committed 2304K, reserved 1048576K
}
Event: 2.919 GC heap after
{Heap after GC invocations=2 (full 0):
 garbage-first heap   total 131072K, used 10267K [0x0000000780000000, 0x0000000800000000)
  region size 1024K, 7 young (7168K), 7 survivors (7168K)
 Metaspace       used 20812K, capacity 20963K, committed 21248K, reserved 1069056K
  class space    used 2189K, capacity 2267K, committed 2304K, reserved 1048576K
}
Event: 4.155 GC heap before
{Heap before GC invocations=3 (full 0):
 garbage-first heap   total 131072K, used 62491K [0x0000000780000000, 0x0000000800000000)
  region size 1024K, 55 young (56320K), 7 survivors (7168K)
 Metaspace       used 31362K, capacity 31795K, committed 32256K, reserved 1077248K
  class space    used 3648K, capacity 3826K, committed 3840K, reserved 1048576K
}
Event: 4.170 GC heap after
{Heap after GC invocations=4 (full 0):
 garbage-first heap   total 131072K, used 19414K [0x0000000780000000, 0x0000000800000000)
  region size 1024K, 7 young (7168K), 7 survivors (7168K)
 Metaspace       used 31362K, capacity 31795K, committed 32256K, reserved 1077248K
  class space    used 3648K, capacity 3826K, committed 3840K, reserved 1048576K
}
Event: 4.678 GC heap before
{Heap before GC invocations=4 (full 0):
 garbage-first heap   total 131072K, used 54230K [0x0000000780000000, 0x0000000800000000)
  region size 1024K, 40 young (40960K), 7 survivors (7168K)
 Metaspace       used 34862K, capacity 35259K, committed 35840K, reserved 1081344K
  class space    used 4229K, capacity 4404K, committed 4480K, reserved 1048576K
}
Event: 4.695 GC heap after
{Heap after GC invocations=5 (full 0):
 garbage-first heap   total 131072K, used 28563K [0x0000000780000000, 0x0000000800000000)
  region size 1024K, 8 young (8192K), 8 survivors (8192K)
 Metaspace       used 34862K, capacity 35259K, committed 35840K, reserved 1081344K
  class space    used 4229K, capacity 4404K, committed 4480K, reserved 1048576K
}
Event: 5.803 GC heap before
{Heap before GC invocations=6 (full 0):
 garbage-first heap   total 131072K, used 86931K [0x0000000780000000, 0x0000000800000000)
  region size 1024K, 65 young (66560K), 8 survivors (8192K)
 Metaspace       used 44970K, capacity 45475K, committed 46464K, reserved 1089536K
  class space    used 5201K, capacity 5391K, committed 5504K, reserved 1048576K
}
Event: 5.819 GC heap after
{Heap after GC invocations=7 (full 0):
 garbage-first heap   total 131072K, used 34131K [0x0000000780000000, 0x0000000800000000)
  region size 1024K, 8 young (8192K), 8 survivors (8192K)
 Metaspace       used 44970K, capacity 45475K, committed 46464K, reserved 1089536K
  class space    used 5201K, capacity 5391K, committed 5504K, reserved 1048576K
}
Event: 7.052 GC heap before
{Heap before GC invocations=7 (full 0):
 garbage-first heap   total 131072K, used 95571K [0x0000000780000000, 0x0000000800000000)
  region size 1024K, 65 young (66560K), 8 survivors (8192K)
 Metaspace       used 49509K, capacity 50002K, committed 50816K, reserved 1093632K
  class space    used 5700K, capacity 5923K, committed 6016K, reserved 1048576K
}

Deoptimization events (20 events):
Event: 6.687 Thread 0x00007fbc30809800 Uncommon trap: trap_request=0xffffffc6 fr.pc=0x0000000111c42a50 relative=0x00000000000004d0
Event: 6.687 Thread 0x00007fbc30809800 Uncommon trap: reason=bimorphic_or_optimized_type_check action=maybe_recompile pc=0x0000000111c42a50 method=org.jetbrains.kotlin.protobuf.CodedInputStream.tryRefillBuffer(I)Z @ 177 c2
Event: 6.687 Thread 0x00007fbc30809800 DEOPT PACKING pc=0x0000000111c42a50 sp=0x0000700000a0aae0
Event: 6.687 Thread 0x00007fbc30809800 DEOPT UNPACKING pc=0x000000010a0c0ea5 sp=0x0000700000a0a9c8 mode 2
Event: 6.725 Thread 0x00007fbc30809800 Uncommon trap: trap_request=0xffffffc6 fr.pc=0x0000000111c42a50 relative=0x00000000000004d0
Event: 6.725 Thread 0x00007fbc30809800 Uncommon trap: reason=bimorphic_or_optimized_type_check action=maybe_recompile pc=0x0000000111c42a50 method=org.jetbrains.kotlin.protobuf.CodedInputStream.tryRefillBuffer(I)Z @ 177 c2
Event: 6.725 Thread 0x00007fbc30809800 DEOPT PACKING pc=0x0000000111c42a50 sp=0x0000700000a0b000
Event: 6.725 Thread 0x00007fbc30809800 DEOPT UNPACKING pc=0x000000010a0c0ea5 sp=0x0000700000a0aee8 mode 2
Event: 6.728 Thread 0x00007fbc30809800 Uncommon trap: trap_request=0xffffffc6 fr.pc=0x0000000111c42a50 relative=0x00000000000004d0
Event: 6.728 Thread 0x00007fbc30809800 Uncommon trap: reason=bimorphic_or_optimized_type_check action=maybe_recompile pc=0x0000000111c42a50 method=org.jetbrains.kotlin.protobuf.CodedInputStream.tryRefillBuffer(I)Z @ 177 c2
Event: 6.728 Thread 0x00007fbc30809800 DEOPT PACKING pc=0x0000000111c42a50 sp=0x0000700000a0b000
Event: 6.728 Thread 0x00007fbc30809800 DEOPT UNPACKING pc=0x000000010a0c0ea5 sp=0x0000700000a0aee8 mode 2
Event: 6.774 Thread 0x00007fbc30809800 DEOPT PACKING pc=0x0000000111c8483c sp=0x0000700000a0a170
Event: 6.774 Thread 0x00007fbc30809800 DEOPT UNPACKING pc=0x000000010a0c164a sp=0x0000700000a09630 mode 0
Event: 6.813 Thread 0x00007fbc30809800 DEOPT PACKING pc=0x000000010aa92f41 sp=0x0000700000a0af20
Event: 6.813 Thread 0x00007fbc30809800 DEOPT UNPACKING pc=0x000000010a0c164a sp=0x0000700000a0a450 mode 0
Event: 6.813 Thread 0x00007fbc30809800 DEOPT PACKING pc=0x000000010aa93881 sp=0x0000700000a0b390
Event: 6.813 Thread 0x00007fbc30809800 DEOPT UNPACKING pc=0x000000010a0c164a sp=0x0000700000a0a828 mode 0
Event: 6.847 Thread 0x00007fbc30809800 DEOPT PACKING pc=0x000000010aa96cdf sp=0x0000700000a09a20
Event: 6.847 Thread 0x00007fbc30809800 DEOPT UNPACKING pc=0x000000010a0c164a sp=0x0000700000a08fa8 mode 0

Classes redefined (0 events):
No events

Internal exceptions (20 events):
Event: 2.943 Thread 0x00007fbc30809800 Exception <a 'java/lang/NoSuchMethodError'{0x0000000787e4caa0}: 'java.lang.Object java.lang.invoke.DirectMethodHandle$Holder.invokeStaticInit(java.lang.Object, int)'> (0x0000000787e4caa0) thrown at [src/hotspot/share/interpreter/linkResolver.cpp, line 773]
Event: 2.972 Thread 0x00007fbc30809800 Exception <a 'java/lang/NoSuchMethodError'{0x0000000787c26b30}: 'long java.lang.invoke.DirectMethodHandle$Holder.invokeStatic(java.lang.Object)'> (0x0000000787c26b30) thrown at [src/hotspot/share/interpreter/linkResolver.cpp, line 773]
Event: 2.972 Thread 0x00007fbc30809800 Exception <a 'java/lang/NoSuchMethodError'{0x0000000787c29988}: 'long java.lang.invoke.DirectMethodHandle$Holder.invokeStaticInit(java.lang.Object)'> (0x0000000787c29988) thrown at [src/hotspot/share/interpreter/linkResolver.cpp, line 773]
Event: 3.025 Thread 0x00007fbc30809800 Exception <a 'java/lang/NoSuchMethodError'{0x00000007879d57d8}: 'int java.lang.invoke.DirectMethodHandle$Holder.invokeStaticInit(java.lang.Object, java.lang.Object, java.lang.Object)'> (0x00000007879d57d8) thrown at [src/hotspot/share/interpreter/linkResolver.cpp, line 773]
Event: 3.029 Thread 0x00007fbc30809800 Exception <a 'java/lang/NoSuchMethodError'{0x0000000787801790}: 'int java.lang.invoke.DirectMethodHandle$Holder.invokeStaticInit(java.lang.Object, java.lang.Object)'> (0x0000000787801790) thrown at [src/hotspot/share/interpreter/linkResolver.cpp, line 773]
Event: 3.079 Thread 0x00007fbc30809800 Exception <a 'java/lang/NoSuchMethodError'{0x0000000787615998}: 'void java.lang.invoke.DirectMethodHandle$Holder.invokeSpecial(java.lang.Object, java.lang.Object)'> (0x0000000787615998) thrown at [src/hotspot/share/interpreter/linkResolver.cpp, line 773]
Event: 3.308 Thread 0x00007fbc30809800 Exception <a 'java/lang/NoSuchMethodError'{0x0000000786e7ce90}: 'java.lang.Object java.lang.invoke.DirectMethodHandle$Holder.invokeStatic(java.lang.Object, java.lang.Object, java.lang.Object, java.lang.Object, java.lang.Object, java.lang.Object, java.lang.Object, java.lang.Object, java.lang.Object, java.lang.Object, java.lang.Object, java.lang.Object, java.lang.Object, java.lang.Object, java.lang.Object)'> (0x0000000786e7ce90) thrown at [src/hotspot/share/interpreter/linkResolver.cpp, line 773]
Event: 3.311 Thread 0x00007fbc30809800 Exception <a 'java/lang/NoSuchMethodError'{0x0000000786e8b0e8}: 'java.lang.Object java.lang.invoke.DirectMethodHandle$Holder.invokeStatic(java.lang.Object, java.lang.Object, java.lang.Object, java.lang.Object, java.lang.Object, java.lang.Object, java.lang.Object, java.lang.Object, java.lang.Object, java.lang.Object, java.lang.Object, java.lang.Object, java.lang.Object, java.lang.Object, java.lang.Object, java.lang.Object)'> (0x0000000786e8b0e8) thrown at [src/hotspot/share/interpreter/linkResolver.cpp, lin
Event: 3.313 Thread 0x00007fbc30809800 Exception <a 'java/lang/NoSuchMethodError'{0x0000000786e99000}: 'java.lang.Object java.lang.invoke.DirectMethodHandle$Holder.invokeSpecial(java.lang.Object, java.lang.Object, int, int, java.lang.Object, java.lang.Object, java.lang.Object)'> (0x0000000786e99000) thrown at [src/hotspot/share/interpreter/linkResolver.cpp, line 773]
Event: 3.313 Thread 0x00007fbc30809800 Exception <a 'java/lang/NoSuchMethodError'{0x0000000786e9c838}: 'java.lang.Object java.lang.invoke.DelegatingMethodHandle$Holder.reinvoke_L(java.lang.Object, int, int, java.lang.Object, java.lang.Object, java.lang.Object)'> (0x0000000786e9c838) thrown at [src/hotspot/share/interpreter/linkResolver.cpp, line 773]
Event: 3.314 Thread 0x00007fbc30809800 Exception <a 'java/lang/NoSuchMethodError'{0x0000000786ea0bc0}: 'java.lang.Object java.lang.invoke.DirectMethodHandle$Holder.invokeStatic(java.lang.Object, java.lang.Object, java.lang.Object, java.lang.Object, int)'> (0x0000000786ea0bc0) thrown at [src/hotspot/share/interpreter/linkResolver.cpp, line 773]
Event: 3.376 Thread 0x00007fbc30809800 Exception <a 'java/lang/NoSuchMethodError'{0x0000000786dc4fe8}: 'void java.lang.invoke.DirectMethodHandle$Holder.invokeStatic(java.lang.Object, java.lang.Object, java.lang.Object, java.lang.Object)'> (0x0000000786dc4fe8) thrown at [src/hotspot/share/interpreter/linkResolver.cpp, line 773]
Event: 3.460 Thread 0x00007fbc30809800 Exception <a 'java/lang/NoSuchMethodError'{0x00000007869aa5d8}: 'void java.lang.invoke.DirectMethodHandle$Holder.invokeStaticInit(java.lang.Object, java.lang.Object)'> (0x00000007869aa5d8) thrown at [src/hotspot/share/interpreter/linkResolver.cpp, line 773]
Event: 3.540 Thread 0x00007fbc30809800 Exception <a 'java/lang/NoSuchMethodError'{0x00000007865dc560}: 'void java.lang.invoke.DirectMethodHandle$Holder.invokeVirtual(java.lang.Object, java.lang.Object)'> (0x00000007865dc560) thrown at [src/hotspot/share/interpreter/linkResolver.cpp, line 773]
Event: 3.550 Thread 0x00007fbc30809800 Exception <a 'java/lang/NoSuchMethodError'{0x0000000786469340}: 'int java.lang.invoke.DirectMethodHandle$Holder.invokeVirtual(java.lang.Object, java.lang.Object)'> (0x0000000786469340) thrown at [src/hotspot/share/interpreter/linkResolver.cpp, line 773]
Event: 4.816 Thread 0x00007fbc30809800 Exception <a 'java/lang/NoSuchMethodError'{0x0000000787861300}: 'java.lang.Object java.lang.invoke.DirectMethodHandle$Holder.invokeVirtual(java.lang.Object, java.lang.Object, java.lang.Object)'> (0x0000000787861300) thrown at [src/hotspot/share/interpreter/linkResolver.cpp, line 773]
Event: 5.476 Thread 0x00007fbc30809800 Exception <a 'java/lang/NoSuchMethodError'{0x0000000784709e48}: 'java.lang.Object java.lang.invoke.Invokers$Holder.linkToTargetMethod(java.lang.Object, int, java.lang.Object)'> (0x0000000784709e48) thrown at [src/hotspot/share/interpreter/linkResolver.cpp, line 773]
Event: 6.259 Thread 0x00007fbc30809800 Exception <a 'java/lang/NoSuchMethodError'{0x0000000786fec240}: 'java.lang.Object java.lang.invoke.DirectMethodHandle$Holder.invokeStatic(java.lang.Object, java.lang.Object, java.lang.Object, int)'> (0x0000000786fec240) thrown at [src/hotspot/share/interpreter/linkResolver.cpp, line 773]
Event: 6.259 Thread 0x00007fbc30809800 Exception <a 'java/lang/NoSuchMethodError'{0x0000000786fefeb0}: 'java.lang.Object java.lang.invoke.DirectMethodHandle$Holder.invokeSpecial(java.lang.Object, java.lang.Object, java.lang.Object, java.lang.Object, int)'> (0x0000000786fefeb0) thrown at [src/hotspot/share/interpreter/linkResolver.cpp, line 773]
Event: 6.259 Thread 0x00007fbc30809800 Exception <a 'java/lang/NoSuchMethodError'{0x0000000786ff31c0}: 'java.lang.Object java.lang.invoke.Invokers$Holder.linkToTargetMethod(java.lang.Object, java.lang.Object, int, java.lang.Object)'> (0x0000000786ff31c0) thrown at [src/hotspot/share/interpreter/linkResolver.cpp, line 773]

Events (20 events):
Event: 6.907 loading class org/jetbrains/kotlin/load/java/structure/JavaLoadingKt done
Event: 6.908 loading class org/jetbrains/kotlin/resolve/lazy/descriptors/LazyClassMemberScope$generateDelegatingDescriptors$lazyTypeResolver$1
Event: 6.908 loading class org/jetbrains/kotlin/resolve/lazy/descriptors/LazyClassMemberScope$generateDelegatingDescriptors$lazyTypeResolver$1 done
Event: 6.908 loading class org/jetbrains/kotlin/resolve/DelegationResolver$TypeResolver
Event: 6.908 loading class org/jetbrains/kotlin/resolve/DelegationResolver$TypeResolver done
Event: 6.908 loading class org/jetbrains/kotlin/resolve/lazy/descriptors/LazyClassMemberScope$generateDelegatingDescriptors$lazyMemberExtractor$1
Event: 6.908 loading class org/jetbrains/kotlin/resolve/lazy/descriptors/LazyClassMemberScope$generateDelegatingDescriptors$lazyMemberExtractor$1 done
Event: 6.908 loading class org/jetbrains/kotlin/resolve/DelegationResolver$MemberExtractor
Event: 6.908 loading class org/jetbrains/kotlin/resolve/DelegationResolver$MemberExtractor done
Event: 6.909 loading class org/jetbrains/kotlin/resolve/DelegationResolver
Event: 6.909 loading class org/jetbrains/kotlin/resolve/DelegationResolver done
Event: 6.910 loading class org/jetbrains/kotlin/resolve/DelegationResolver$Companion
Event: 6.910 loading class org/jetbrains/kotlin/resolve/DelegationResolver$Companion done
Event: 6.911 loading class org/jetbrains/kotlin/resolve/lazy/descriptors/LazyClassMemberScope$generateFakeOverrides$1
Event: 6.911 loading class org/jetbrains/kotlin/resolve/lazy/descriptors/LazyClassMemberScope$generateFakeOverrides$1 done
Event: 6.912 loading class org/jetbrains/kotlin/resolve/OverridingStrategy
Event: 6.912 loading class org/jetbrains/kotlin/resolve/OverridingStrategy done
Event: 6.912 loading class org/jetbrains/kotlin/resolve/OverrideResolver$Companion$createCannotInferVisibilityReporter$1
Event: 6.912 loading class org/jetbrains/kotlin/resolve/OverrideResolver$Companion$createCannotInferVisibilityReporter$1 done
Event: 7.052 Executing VM operation: G1CollectForAllocation


Dynamic libraries:
0x00007fff380fe000 	/System/Library/Frameworks/Cocoa.framework/Versions/A/Cocoa
0x00007fff45713000 	/System/Library/Frameworks/Security.framework/Versions/A/Security
0x00007fff37064000 	/System/Library/Frameworks/ApplicationServices.framework/Versions/A/ApplicationServices
0x00000001021c2000 	/Applications/Android Studio.app/Contents/jbr/Contents/Home/lib/jli/libjli.dylib
0x00007fff6f06b000 	/usr/lib/libSystem.B.dylib
0x00007fff36256000 	/System/Library/Frameworks/AppKit.framework/Versions/C/AppKit
0x00007fff38a30000 	/System/Library/Frameworks/CoreData.framework/Versions/A/CoreData
0x00007fff3b644000 	/System/Library/Frameworks/Foundation.framework/Versions/C/Foundation
0x00007fff69416000 	/System/Library/PrivateFrameworks/UIFoundation.framework/Versions/A/UIFoundation
0x00007fff64c2c000 	/System/Library/PrivateFrameworks/RemoteViewServices.framework/Versions/A/RemoteViewServices
0x00007fff6bbdb000 	/System/Library/PrivateFrameworks/XCTTargetBootstrap.framework/Versions/A/XCTTargetBootstrap
0x00007fff38e2c000 	/System/Library/Frameworks/CoreDisplay.framework/Versions/A/CoreDisplay
0x00007fff3e503000 	/System/Library/Frameworks/Metal.framework/Versions/A/Metal
0x00007fff52dc4000 	/System/Library/PrivateFrameworks/DesktopServicesPriv.framework/Versions/A/DesktopServicesPriv
0x00007fff7023f000 	/usr/lib/liblangid.dylib
0x00007fff52059000 	/System/Library/PrivateFrameworks/CoreSVG.framework/Versions/A/CoreSVG
0x00007fff67606000 	/System/Library/PrivateFrameworks/SkyLight.framework/Versions/A/SkyLight
0x00007fff393e1000 	/System/Library/Frameworks/CoreGraphics.framework/Versions/A/CoreGraphics
0x00007fff34bc5000 	/System/Library/Frameworks/Accelerate.framework/Versions/A/Accelerate
0x00007fff71528000 	/usr/lib/libxml2.2.dylib
0x00007fff5dd50000 	/System/Library/PrivateFrameworks/IconServices.framework/Versions/A/IconServices
0x00007fff3be23000 	/System/Library/Frameworks/IOSurface.framework/Versions/A/IOSurface
0x00007fff6eb95000 	/usr/lib/libDiagnosticMessagesClient.dylib
0x00007fff71637000 	/usr/lib/libz.1.dylib
0x00007fff52c1e000 	/System/Library/PrivateFrameworks/DFRFoundation.framework/Versions/A/DFRFoundation
0x00007fff6ffce000 	/usr/lib/libicucore.A.dylib
0x00007fff37396000 	/System/Library/Frameworks/AudioToolbox.framework/Versions/A/AudioToolbox
0x00007fff37479000 	/System/Library/Frameworks/AudioUnit.framework/Versions/A/AudioUnit
0x00007fff6f303000 	/usr/lib/libauto.dylib
0x00007fff52cc0000 	/System/Library/PrivateFrameworks/DataDetectorsCore.framework/Versions/A/DataDetectorsCore
0x00007fff37c1f000 	/System/Library/Frameworks/Carbon.framework/Versions/A/Frameworks/HIToolbox.framework/Versions/A/HIToolbox
0x00007fff4490c000 	/System/Library/Frameworks/QuartzCore.framework/Versions/A/QuartzCore
0x00007fff37f5e000 	/System/Library/Frameworks/Carbon.framework/Versions/A/Frameworks/SpeechRecognition.framework/Versions/A/SpeechRecognition
0x00007fff52732000 	/System/Library/PrivateFrameworks/CoreUI.framework/Versions/A/CoreUI
0x00007fff384ed000 	/System/Library/Frameworks/CoreAudio.framework/Versions/A/CoreAudio
0x00007fff3b302000 	/System/Library/Frameworks/DiskArbitration.framework/Versions/A/DiskArbitration
0x00007fff5fc05000 	/System/Library/PrivateFrameworks/MultitouchSupport.framework/Versions/A/MultitouchSupport
0x00007fff6fe93000 	/usr/lib/libenergytrace.dylib
0x00007fff3bd7d000 	/System/Library/Frameworks/IOKit.framework/Versions/A/IOKit
0x00007fff3a36c000 	/System/Library/Frameworks/CoreServices.framework/Versions/A/CoreServices
0x00007fff61dbf000 	/System/Library/PrivateFrameworks/PerformanceAnalysis.framework/Versions/A/PerformanceAnalysis
0x00007fff4393f000 	/System/Library/Frameworks/OpenGL.framework/Versions/A/OpenGL
0x00007fff70f64000 	/usr/lib/libobjc.A.dylib
0x00007fff3810c000 	/System/Library/Frameworks/ColorSync.framework/Versions/A/ColorSync
0x00007fff38f5f000 	/System/Library/Frameworks/CoreFoundation.framework/Versions/A/CoreFoundation
0x00007fff39a87000 	/System/Library/Frameworks/CoreImage.framework/Versions/A/CoreImage
0x00007fff3ade0000 	/System/Library/Frameworks/CoreText.framework/Versions/A/CoreText
0x00007fff3beb3000 	/System/Library/Frameworks/ImageIO.framework/Versions/A/ImageIO
0x00007fff6f3e7000 	/usr/lib/libc++.1.dylib
0x00007fff6f463000 	/usr/lib/libcompression.dylib
0x00007fff6eed9000 	/usr/lib/libMobileGestalt.dylib
0x00007fff69180000 	/System/Library/PrivateFrameworks/TextureIO.framework/Versions/A/TextureIO
0x00007fff6f1d0000 	/usr/lib/libate.dylib
0x00007fff5df59000 	/System/Library/PrivateFrameworks/InternationalSupport.framework/Versions/A/InternationalSupport
0x00007fff71ef8000 	/usr/lib/system/libcache.dylib
0x00007fff71efe000 	/usr/lib/system/libcommonCrypto.dylib
0x00007fff71f0a000 	/usr/lib/system/libcompiler_rt.dylib
0x00007fff71f12000 	/usr/lib/system/libcopyfile.dylib
0x00007fff71f1c000 	/usr/lib/system/libcorecrypto.dylib
0x00007fff720bb000 	/usr/lib/system/libdispatch.dylib
0x00007fff720fc000 	/usr/lib/system/libdyld.dylib
0x00007fff72133000 	/usr/lib/system/libkeymgr.dylib
0x00007fff72141000 	/usr/lib/system/liblaunch.dylib
0x00007fff72142000 	/usr/lib/system/libmacho.dylib
0x00007fff72148000 	/usr/lib/system/libquarantine.dylib
0x00007fff7214b000 	/usr/lib/system/libremovefile.dylib
0x00007fff7214d000 	/usr/lib/system/libsystem_asl.dylib
0x00007fff72165000 	/usr/lib/system/libsystem_blocks.dylib
0x00007fff72166000 	/usr/lib/system/libsystem_c.dylib
0x00007fff721ee000 	/usr/lib/system/libsystem_configuration.dylib
0x00007fff721f2000 	/usr/lib/system/libsystem_coreservices.dylib
0x00007fff721f6000 	/usr/lib/system/libsystem_darwin.dylib
0x00007fff721ff000 	/usr/lib/system/libsystem_dnssd.dylib
0x00007fff72207000 	/usr/lib/system/libsystem_featureflags.dylib
0x00007fff72209000 	/usr/lib/system/libsystem_info.dylib
0x00007fff72284000 	/usr/lib/system/libsystem_m.dylib
0x00007fff722d0000 	/usr/lib/system/libsystem_malloc.dylib
0x00007fff722f8000 	/usr/lib/system/libsystem_networkextension.dylib
0x00007fff72306000 	/usr/lib/system/libsystem_notify.dylib
0x00007fff72324000 	/usr/lib/system/libsystem_sandbox.dylib
0x00007fff72329000 	/usr/lib/system/libsystem_secinit.dylib
0x00007fff72257000 	/usr/lib/system/libsystem_kernel.dylib
0x00007fff72310000 	/usr/lib/system/libsystem_platform.dylib
0x00007fff72319000 	/usr/lib/system/libsystem_pthread.dylib
0x00007fff7232c000 	/usr/lib/system/libsystem_symptoms.dylib
0x00007fff72334000 	/usr/lib/system/libsystem_trace.dylib
0x00007fff7234c000 	/usr/lib/system/libunwind.dylib
0x00007fff72352000 	/usr/lib/system/libxpc.dylib
0x00007fff6f43a000 	/usr/lib/libc++abi.dylib
0x00007fff70241000 	/usr/lib/liblzma.5.dylib
0x00007fff6febc000 	/usr/lib/libfakelink.dylib
0x00007fff6f15d000 	/usr/lib/libarchive.2.dylib
0x00007fff467c6000 	/System/Library/Frameworks/SystemConfiguration.framework/Versions/A/SystemConfiguration
0x00007fff6eac8000 	/usr/lib/libCRFSuite.dylib
0x00007fff37810000 	/System/Library/Frameworks/CFNetwork.framework/Versions/A/CFNetwork
0x00007fff6f3c9000 	/usr/lib/libbsm.0.dylib
0x00007fff72134000 	/usr/lib/system/libkxld.dylib
0x00007fff4c580000 	/System/Library/PrivateFrameworks/AppleFSCompression.framework/Versions/A/AppleFSCompression
0x00007fff6f755000 	/usr/lib/libcoretls.dylib
0x00007fff6f76c000 	/usr/lib/libcoretls_cfhelpers.dylib
0x00007fff70fa9000 	/usr/lib/libpam.2.dylib
0x00007fff710de000 	/usr/lib/libsqlite3.dylib
0x00007fff71515000 	/usr/lib/libxar.1.dylib
0x00007fff6f3da000 	/usr/lib/libbz2.1.0.dylib
0x00007fff6fedd000 	/usr/lib/libiconv.2.dylib
0x00007fff6f450000 	/usr/lib/libcharset.1.dylib
0x00007fff70a47000 	/usr/lib/libnetwork.dylib
0x00007fff70fb0000 	/usr/lib/libpcap.A.dylib
0x00007fff6f112000 	/usr/lib/libapple_nghttp2.dylib
0x00007fff3a723000 	/System/Library/Frameworks/CoreServices.framework/Versions/A/Frameworks/FSEvents.framework/Versions/A/FSEvents
0x00007fff3a3f3000 	/System/Library/Frameworks/CoreServices.framework/Versions/A/Frameworks/CarbonCore.framework/Versions/A/CarbonCore
0x00007fff3a968000 	/System/Library/Frameworks/CoreServices.framework/Versions/A/Frameworks/Metadata.framework/Versions/A/Metadata
0x00007fff3aa01000 	/System/Library/Frameworks/CoreServices.framework/Versions/A/Frameworks/OSServices.framework/Versions/A/OSServices
0x00007fff3aa2f000 	/System/Library/Frameworks/CoreServices.framework/Versions/A/Frameworks/SearchKit.framework/Versions/A/SearchKit
0x00007fff3a36d000 	/System/Library/Frameworks/CoreServices.framework/Versions/A/Frameworks/AE.framework/Versions/A/AE
0x00007fff3a72c000 	/System/Library/Frameworks/CoreServices.framework/Versions/A/Frameworks/LaunchServices.framework/Versions/A/LaunchServices
0x00007fff3a6d5000 	/System/Library/Frameworks/CoreServices.framework/Versions/A/Frameworks/DictionaryServices.framework/Versions/A/DictionaryServices
0x00007fff3aa97000 	/System/Library/Frameworks/CoreServices.framework/Versions/A/Frameworks/SharedFileList.framework/Versions/A/SharedFileList
0x00007fff3f75e000 	/System/Library/Frameworks/NetFS.framework/Versions/A/NetFS
0x00007fff60135000 	/System/Library/PrivateFrameworks/NetAuth.framework/Versions/A/NetAuth
0x00007fff6bfa8000 	/System/Library/PrivateFrameworks/login.framework/Versions/A/Frameworks/loginsupport.framework/Versions/A/loginsupport
0x00007fff68c4b000 	/System/Library/PrivateFrameworks/TCC.framework/Versions/A/TCC
0x00007fff511b6000 	/System/Library/PrivateFrameworks/CoreNLP.framework/Versions/A/CoreNLP
0x00007fff5f7c0000 	/System/Library/PrivateFrameworks/MetadataUtilities.framework/Versions/A/MetadataUtilities
0x00007fff70319000 	/usr/lib/libmecabra.dylib
0x00007fff70271000 	/usr/lib/libmecab.dylib
0x00007fff6fecd000 	/usr/lib/libgermantok.dylib
0x00007fff6f0f9000 	/usr/lib/libThaiTokenizer.dylib
0x00007fff6eaff000 	/usr/lib/libChineseTokenizer.dylib
0x00007fff34bde000 	/System/Library/Frameworks/Accelerate.framework/Versions/A/Frameworks/vImage.framework/Versions/A/vImage
0x00007fff360ac000 	/System/Library/Frameworks/Accelerate.framework/Versions/A/Frameworks/vecLib.framework/Versions/A/vecLib
0x00007fff35f2d000 	/System/Library/Frameworks/Accelerate.framework/Versions/A/Frameworks/vecLib.framework/Versions/A/libvMisc.dylib
0x00007fff35d9a000 	/System/Library/Frameworks/Accelerate.framework/Versions/A/Frameworks/vecLib.framework/Versions/A/libvDSP.dylib
0x00007fff3547a000 	/System/Library/Frameworks/Accelerate.framework/Versions/A/Frameworks/vecLib.framework/Versions/A/libBLAS.dylib
0x00007fff35952000 	/System/Library/Frameworks/Accelerate.framework/Versions/A/Frameworks/vecLib.framework/Versions/A/libLAPACK.dylib
0x00007fff35cfa000 	/System/Library/Frameworks/Accelerate.framework/Versions/A/Frameworks/vecLib.framework/Versions/A/libLinearAlgebra.dylib
0x00007fff35d87000 	/System/Library/Frameworks/Accelerate.framework/Versions/A/Frameworks/vecLib.framework/Versions/A/libSparseBLAS.dylib
0x00007fff35d10000 	/System/Library/Frameworks/Accelerate.framework/Versions/A/Frameworks/vecLib.framework/Versions/A/libQuadrature.dylib
0x00007fff35610000 	/System/Library/Frameworks/Accelerate.framework/Versions/A/Frameworks/vecLib.framework/Versions/A/libBNNS.dylib
0x00007fff35d16000 	/System/Library/Frameworks/Accelerate.framework/Versions/A/Frameworks/vecLib.framework/Versions/A/libSparse.dylib
0x00007fff5e334000 	/System/Library/PrivateFrameworks/LanguageModeling.framework/Versions/A/LanguageModeling
0x00007fff50b65000 	/System/Library/PrivateFrameworks/CoreEmoji.framework/Versions/A/CoreEmoji
0x00007fff5e452000 	/System/Library/PrivateFrameworks/LinguisticData.framework/Versions/A/LinguisticData
0x00007fff5e403000 	/System/Library/PrivateFrameworks/Lexicon.framework/Versions/A/Lexicon
0x00007fff6f451000 	/usr/lib/libcmph.dylib
0x00007fff4234d000 	/System/Library/Frameworks/OpenDirectory.framework/Versions/A/Frameworks/CFOpenDirectory.framework/Versions/A/CFOpenDirectory
0x00007fff4236a000 	/System/Library/Frameworks/OpenDirectory.framework/Versions/A/OpenDirectory
0x00007fff4a7b0000 	/System/Library/PrivateFrameworks/APFS.framework/Versions/A/APFS
0x00007fff45a5f000 	/System/Library/Frameworks/SecurityFoundation.framework/Versions/A/SecurityFoundation
0x00007fff71511000 	/usr/lib/libutil.dylib
0x00007fff520b1000 	/System/Library/PrivateFrameworks/CoreServicesStore.framework/Versions/A/CoreServicesStore
0x00007fff45b16000 	/System/Library/Frameworks/ServiceManagement.framework/Versions/A/ServiceManagement
0x00007fff4dd52000 	/System/Library/PrivateFrameworks/BackgroundTaskManagement.framework/Versions/A/BackgroundTaskManagement
0x00007fff7160e000 	/usr/lib/libxslt.1.dylib
0x00007fff4cbf4000 	/System/Library/PrivateFrameworks/AppleSystemInfo.framework/Versions/A/AppleSystemInfo
0x00007fff3c0d2000 	/System/Library/Frameworks/ImageIO.framework/Versions/A/Resources/libJPEG.dylib
0x00007fff3c391000 	/System/Library/Frameworks/ImageIO.framework/Versions/A/Resources/libTIFF.dylib
0x00007fff3c374000 	/System/Library/Frameworks/ImageIO.framework/Versions/A/Resources/libPng.dylib
0x00007fff3c014000 	/System/Library/Frameworks/ImageIO.framework/Versions/A/Resources/libGIF.dylib
0x00007fff3c018000 	/System/Library/Frameworks/ImageIO.framework/Versions/A/Resources/libJP2.dylib
0x00007fff3c38f000 	/System/Library/Frameworks/ImageIO.framework/Versions/A/Resources/libRadiance.dylib
0x00007fff6fe94000 	/usr/lib/libexpat.1.dylib
0x00007fff4c6db000 	/System/Library/PrivateFrameworks/AppleJPEG.framework/Versions/A/AppleJPEG
0x00007fff553b0000 	/System/Library/PrivateFrameworks/FontServices.framework/libFontParser.dylib
0x00007fff6b0fa000 	/System/Library/PrivateFrameworks/WatchdogClient.framework/Versions/A/WatchdogClient
0x00007fff5d99c000 	/System/Library/PrivateFrameworks/IOAccelerator.framework/Versions/A/IOAccelerator
0x00007fff3e89e000 	/System/Library/Frameworks/MetalPerformanceShaders.framework/Versions/A/MetalPerformanceShaders
0x00007fff5a12c000 	/System/Library/PrivateFrameworks/GPUWrangler.framework/Versions/A/GPUWrangler
0x00007fff5d9b1000 	/System/Library/PrivateFrameworks/IOPresentment.framework/Versions/A/IOPresentment
0x00007fff52c31000 	/System/Library/PrivateFrameworks/DSExternalDisplay.framework/Versions/A/DSExternalDisplay
0x00007fff42cde000 	/System/Library/Frameworks/OpenGL.framework/Versions/A/Libraries/libCoreFSCache.dylib
0x00007fff3e5ea000 	/System/Library/Frameworks/MetalPerformanceShaders.framework/Frameworks/MPSCore.framework/Versions/A/MPSCore
0x00007fff3e628000 	/System/Library/Frameworks/MetalPerformanceShaders.framework/Frameworks/MPSImage.framework/Versions/A/MPSImage
0x00007fff3e6ef000 	/System/Library/Frameworks/MetalPerformanceShaders.framework/Frameworks/MPSNeuralNetwork.framework/Versions/A/MPSNeuralNetwork
0x00007fff3e6b3000 	/System/Library/Frameworks/MetalPerformanceShaders.framework/Frameworks/MPSMatrix.framework/Versions/A/MPSMatrix
0x00007fff3e84e000 	/System/Library/Frameworks/MetalPerformanceShaders.framework/Frameworks/MPSRayIntersector.framework/Versions/A/MPSRayIntersector
0x00007fff3e6d9000 	/System/Library/Frameworks/MetalPerformanceShaders.framework/Frameworks/MPSNDArray.framework/Versions/A/MPSNDArray
0x00007fff5f80d000 	/System/Library/PrivateFrameworks/MetalTools.framework/Versions/A/MetalTools
0x00007fff4b98a000 	/System/Library/PrivateFrameworks/AggregateDictionary.framework/Versions/A/AggregateDictionary
0x00007fff505ac000 	/System/Library/PrivateFrameworks/CoreAnalytics.framework/Versions/A/CoreAnalytics
0x00007fff4cb12000 	/System/Library/PrivateFrameworks/AppleSauce.framework/Versions/A/AppleSauce
0x00007fff6edbb000 	/usr/lib/libIOReport.dylib
0x00007fff3af99000 	/System/Library/Frameworks/CoreVideo.framework/Versions/A/CoreVideo
0x00007fff5b5a5000 	/System/Library/PrivateFrameworks/GraphVisualizer.framework/Versions/A/GraphVisualizer
0x00007fff548f6000 	/System/Library/PrivateFrameworks/FaceCore.framework/Versions/A/FaceCore
0x00007fff422f4000 	/System/Library/Frameworks/OpenCL.framework/Versions/A/OpenCL
0x00007fff6ebdd000 	/usr/lib/libFosl_dynamic.dylib
0x00007fff60b57000 	/System/Library/PrivateFrameworks/OTSVG.framework/Versions/A/OTSVG
0x00007fff37169000 	/System/Library/Frameworks/ApplicationServices.framework/Versions/A/Frameworks/ATS.framework/Versions/A/Resources/libFontRegistry.dylib
0x00007fff55580000 	/System/Library/PrivateFrameworks/FontServices.framework/libhvf.dylib
0x00007fff42ce9000 	/System/Library/Frameworks/OpenGL.framework/Versions/A/Libraries/libGFXShared.dylib
0x00007fff42ec7000 	/System/Library/Frameworks/OpenGL.framework/Versions/A/Libraries/libGLU.dylib
0x00007fff42cf2000 	/System/Library/Frameworks/OpenGL.framework/Versions/A/Libraries/libGL.dylib
0x00007fff42cfd000 	/System/Library/Frameworks/OpenGL.framework/Versions/A/Libraries/libGLImage.dylib
0x00007fff42cdb000 	/System/Library/Frameworks/OpenGL.framework/Versions/A/Libraries/libCVMSPluginSupport.dylib
0x00007fff42ce4000 	/System/Library/Frameworks/OpenGL.framework/Versions/A/Libraries/libCoreVMClient.dylib
0x00007fff708e8000 	/usr/lib/libncurses.5.4.dylib
0x00007fff37065000 	/System/Library/Frameworks/ApplicationServices.framework/Versions/A/Frameworks/ATS.framework/Versions/A/ATS
0x00007fff37232000 	/System/Library/Frameworks/ApplicationServices.framework/Versions/A/Frameworks/ColorSyncLegacy.framework/Versions/A/ColorSyncLegacy
0x00007fff372d0000 	/System/Library/Frameworks/ApplicationServices.framework/Versions/A/Frameworks/HIServices.framework/Versions/A/HIServices
0x00007fff37328000 	/System/Library/Frameworks/ApplicationServices.framework/Versions/A/Frameworks/LangAnalysis.framework/Versions/A/LangAnalysis
0x00007fff37337000 	/System/Library/Frameworks/ApplicationServices.framework/Versions/A/Frameworks/PrintCore.framework/Versions/A/PrintCore
0x00007fff3737d000 	/System/Library/Frameworks/ApplicationServices.framework/Versions/A/Frameworks/QD.framework/Versions/A/QD
0x00007fff37388000 	/System/Library/Frameworks/ApplicationServices.framework/Versions/A/Frameworks/SpeechSynthesis.framework/Versions/A/SpeechSynthesis
0x00007fff37202000 	/System/Library/Frameworks/ApplicationServices.framework/Versions/A/Frameworks/ATSUI.framework/Versions/A/ATSUI
0x00007fff6fd2a000 	/usr/lib/libcups.2.dylib
0x00007fff3d939000 	/System/Library/Frameworks/Kerberos.framework/Versions/A/Kerberos
0x00007fff3ba76000 	/System/Library/Frameworks/GSS.framework/Versions/A/GSS
0x00007fff7106a000 	/usr/lib/libresolv.9.dylib
0x00007fff5b752000 	/System/Library/PrivateFrameworks/Heimdal.framework/Versions/A/Heimdal
0x00007fff3d94c000 	/System/Library/Frameworks/Kerberos.framework/Versions/A/Libraries/libHeimdalProxy.dylib
0x00007fff6fed3000 	/usr/lib/libheimdal-asn1.dylib
0x00007fff4fa44000 	/System/Library/PrivateFrameworks/CommonAuth.framework/Versions/A/CommonAuth
0x00007fff4cc91000 	/System/Library/PrivateFrameworks/AssertionServices.framework/Versions/A/AssertionServices
0x00007fff4d834000 	/System/Library/PrivateFrameworks/AudioToolboxCore.framework/Versions/A/AudioToolboxCore
0x00007fff6bc58000 	/System/Library/PrivateFrameworks/caulk.framework/Versions/A/caulk
0x00007fff4ddfe000 	/System/Library/PrivateFrameworks/BaseBoard.framework/Versions/A/BaseBoard
0x00007fff64dba000 	/System/Library/PrivateFrameworks/RunningBoardServices.framework/Versions/A/RunningBoardServices
0x00007fff61dcb000 	/System/Library/PrivateFrameworks/PersistentConnection.framework/Versions/A/PersistentConnection
0x00007fff647b3000 	/System/Library/PrivateFrameworks/ProtocolBuffer.framework/Versions/A/ProtocolBuffer
0x00007fff4fa68000 	/System/Library/PrivateFrameworks/CommonUtilities.framework/Versions/A/CommonUtilities
0x00007fff4df8c000 	/System/Library/PrivateFrameworks/Bom.framework/Versions/A/Bom
0x00007fff6ea8e000 	/usr/lib/libAudioToolboxUtility.dylib
0x00007fff4dd5c000 	/System/Library/PrivateFrameworks/Backup.framework/Versions/A/Backup
0x00007fff52b52000 	/System/Library/PrivateFrameworks/CrashReporterSupport.framework/Versions/A/CrashReporterSupport
0x00007fff660ca000 	/System/Library/PrivateFrameworks/Sharing.framework/Versions/A/Sharing
0x00007fff4c29e000 	/System/Library/PrivateFrameworks/Apple80211.framework/Versions/A/Apple80211
0x00007fff4da79000 	/System/Library/PrivateFrameworks/AuthKit.framework/Versions/A/AuthKit
0x00007fff5285f000 	/System/Library/PrivateFrameworks/CoreUtils.framework/Versions/A/CoreUtils
0x00007fff3afde000 	/System/Library/Frameworks/CoreWLAN.framework/Versions/A/CoreWLAN
0x00007fff3bc03000 	/System/Library/Frameworks/IOBluetooth.framework/Versions/A/IOBluetooth
0x00007fff5f984000 	/System/Library/PrivateFrameworks/MobileKeyBag.framework/Versions/A/MobileKeyBag
0x00007fff5164e000 	/System/Library/PrivateFrameworks/CorePhoneNumbers.framework/Versions/A/CorePhoneNumbers
0x00007fff4c68e000 	/System/Library/PrivateFrameworks/AppleIDAuthSupport.framework/Versions/A/AppleIDAuthSupport
0x00007fff3f76b000 	/System/Library/Frameworks/Network.framework/Versions/A/Network
0x00007fff5e1e0000 	/System/Library/PrivateFrameworks/KeychainCircle.framework/Versions/A/KeychainCircle
0x00007fff389f7000 	/System/Library/Frameworks/CoreBluetooth.framework/Versions/A/CoreBluetooth
0x00007fff68149000 	/System/Library/PrivateFrameworks/SpeechRecognitionCore.framework/Versions/A/SpeechRecognitionCore
0x0000000103200000 	/Applications/Android Studio.app/Contents/jbr/Contents/Home/lib/server/libjvm.dylib
0x000000010439c000 	/Applications/Android Studio.app/Contents/jbr/Contents/Home/lib/libverify.dylib
0x00000001043b0000 	/Applications/Android Studio.app/Contents/jbr/Contents/Home/lib/libjava.dylib
0x00000001043ec000 	/Applications/Android Studio.app/Contents/jbr/Contents/Home/lib/libjimage.dylib
0x0000000104448000 	/Applications/Android Studio.app/Contents/jbr/Contents/Home/lib/libzip.dylib
0x00000001095af000 	/Applications/Android Studio.app/Contents/jbr/Contents/Home/lib/libnio.dylib
0x00000001095cb000 	/Applications/Android Studio.app/Contents/jbr/Contents/Home/lib/libnet.dylib
0x00000001095ef000 	/private/var/folders/y_/j4c85pqs39s_cfr3xq2y8hh40000gn/T/libjansi-1.7.10-release-333(1.7.10)-12638026386248048909.jnilib


VM Arguments:
java_command: org.jetbrains.kotlin.cli.jvm.K2JVMCompiler @/Users/alauddinansari/StudioProjects/EHCF/app/build/20231220_1852028156043559841.compiler.options
java_class_path (initial): /Users/alauddinansari/.gradle/caches/modules-2/files-2.1/org.jetbrains.kotlin/kotlin-compiler-embeddable/1.7.10/909803167c98606fcf22b4c848647c68e351d48d/kotlin-compiler-embeddable-1.7.10.jar:/Users/alauddinansari/.gradle/caches/modules-2/files-2.1/org.jetbrains.kotlin/kotlin-reflect/1.7.10/165e600dfea6185cf5efa700756294cc4904dbeb/kotlin-reflect-1.7.10.jar:/Users/alauddinansari/.gradle/caches/modules-2/files-2.1/org.jetbrains.kotlin/kotlin-stdlib/1.7.10/d2abf9e77736acc4450dc4a3f707fa2c10f5099d/kotlin-stdlib-1.7.10.jar:/Users/alauddinansari/.gradle/caches/modules-2/files-2.1/org.jetbrains.kotlin/kotlin-script-runtime/1.7.10/c99c87a6988d8fd8d5142e9ed5c9f34a7cf561ee/kotlin-script-runtime-1.7.10.jar:/Users/alauddinansari/.gradle/caches/modules-2/files-2.1/org.jetbrains.kotlin/kotlin-daemon-embeddable/1.7.10/3a9f7aef7080d3ae63126cbba4f827ed664f32fa/kotlin-daemon-embeddable-1.7.10.jar:/Users/alauddinansari/.gradle/caches/modules-2/files-2.1/org.jetbrains.intellij.deps/trove4j/1.0.20200330/3afb14d5f9ceb459d724e907a21145e8ff394f02/trove4j-1.0.20200330.jar:/Users/alauddinansari/.gradle/caches/modules-2/files-2.1/net.java.dev.jna/jna/5.6.0/330f2244e9030119ab3030fc3fededc86713d9cc/jna-5.6.0.jar:/Users/alauddinansari/.gradle/caches/modules-2/files-2.1/org.jetbrains.kotlin/kotlin-stdlib-common/1.7.10/bac80c520d0a9e3f3673bc2658c6ed02ef45a76a/kotlin-stdlib-common-1.7.10.jar:/Users/alauddinansari/.gradle/caches/modules-2/files-2.1/org.jetbrains/annotations/13.0/919f0dfe192fb4e063e7dacadee7f8bb9a2672a9/annotations-13.0.jar
Launcher Type: SUN_STANDARD

[Global flags]
     intx CICompilerCount                          = 4                                         {product} {ergonomic}
     uint ConcGCThreads                            = 2                                         {product} {ergonomic}
     uint G1ConcRefinementThreads                  = 8                                         {product} {ergonomic}
   size_t G1HeapRegionSize                         = 1048576                                   {product} {ergonomic}
    uintx GCDrainStackTargetSize                   = 64                                        {product} {ergonomic}
   size_t InitialHeapSize                          = 134217728                                 {product} {ergonomic}
   size_t MarkStackSize                            = 4194304                                   {product} {ergonomic}
   size_t MaxHeapSize                              = 2147483648                                {product} {ergonomic}
   size_t MaxNewSize                               = 1287651328                                {product} {ergonomic}
   size_t MinHeapDeltaBytes                        = 1048576                                   {product} {ergonomic}
    uintx NonNMethodCodeHeapSize                   = 5836300                                {pd product} {ergonomic}
    uintx NonProfiledCodeHeapSize                  = 122910970                              {pd product} {ergonomic}
    uintx ProfiledCodeHeapSize                     = 122910970                              {pd product} {ergonomic}
    uintx ReservedCodeCacheSize                    = 251658240                              {pd product} {ergonomic}
     bool SegmentedCodeCache                       = true                                      {product} {ergonomic}
     bool UseCompressedClassPointers               = true                                 {lp64_product} {ergonomic}
     bool UseCompressedOops                        = true                                 {lp64_product} {ergonomic}
     bool UseG1GC                                  = true                                      {product} {ergonomic}

Logging:
Log output configuration:
 #0: stdout all=warning uptime,level,tags
 #1: stderr all=off uptime,level,tags

Environment Variables:
PATH=/usr/local/bin:/usr/bin:/bin:/usr/sbin:/sbin:/Library/Apple/usr/bin
SHELL=/bin/zsh
LC_CTYPE=en_IN.UTF-8

Signal Handlers:
SIGSEGV: [libjvm.dylib+0x7d0a90], sa_mask[0]=11111111011111110111111111111111, sa_flags=SA_ONSTACK|SA_RESTART|SA_SIGINFO
SIGBUS: [libjvm.dylib+0x7d0a90], sa_mask[0]=11111111011111110111111111111111, sa_flags=SA_RESTART|SA_SIGINFO
SIGFPE: [libjvm.dylib+0x7d0a90], sa_mask[0]=11111111011111110111111111111111, sa_flags=SA_RESTART|SA_SIGINFO
SIGPIPE: [libjvm.dylib+0x633f66], sa_mask[0]=11111111011111110111111111111111, sa_flags=SA_RESTART|SA_SIGINFO
SIGXFSZ: [libjvm.dylib+0x633f66], sa_mask[0]=11111111011111110111111111111111, sa_flags=SA_RESTART|SA_SIGINFO
SIGILL: [libjvm.dylib+0x7d0a90], sa_mask[0]=11111111011111110111111111111111, sa_flags=SA_RESTART|SA_SIGINFO
SIGUSR2: [libjvm.dylib+0x634544], sa_mask[0]=00100000000000000000000000000000, sa_flags=SA_RESTART|SA_SIGINFO
SIGHUP: [libjvm.dylib+0x633089], sa_mask[0]=11111111011111110111111111111111, sa_flags=SA_RESTART|SA_SIGINFO
SIGINT: [libjvm.dylib+0x633089], sa_mask[0]=11111111011111110111111111111111, sa_flags=SA_RESTART|SA_SIGINFO
SIGTERM: [libjvm.dylib+0x633089], sa_mask[0]=11111111011111110111111111111111, sa_flags=SA_RESTART|SA_SIGINFO
SIGQUIT: [libjvm.dylib+0x633089], sa_mask[0]=11111111011111110111111111111111, sa_flags=SA_RESTART|SA_SIGINFO


---------------  S Y S T E M  ---------------

OS:uname:Darwin 19.6.0 Darwin Kernel Version 19.6.0: Tue Jun 21 21:18:39 PDT 2022; root:xnu-6153.141.66~1/RELEASE_X86_64 x86_64
OS uptime: 3 days 8:10 hours
rlimit (soft/hard): STACK 8192k/65532k , CORE 0k/infinity , NPROC 1392/2088 , NOFILE 10240/infinity , AS infinity/infinity , CPU infinity/infinity , DATA infinity/infinity , FSIZE infinity/infinity , MEMLOCK infinity/infinity , RSS infinity/infinity
load average:3.54 3.24 3.08

CPU:total 8 (initial active 8) (4 cores per cpu, 2 threads per core) family 6 model 58 stepping 9 microcode 0x21, cmov, cx8, fxsr, mmx, sse, sse2, sse3, ssse3, sse4.1, sse4.2, popcnt, avx, aes, clmul, erms, ht, tsc, tscinvbit, tscinv

Memory: 4k page, physical 8388608k(81460k free), swap 3145728k(1385216k free)

vm_info: OpenJDK 64-Bit Server VM (11.0.15+0-b2043.56-8887301) for bsd-amd64 JRE (11.0.15+0-b2043.56-8887301), built on Jul 29 2022 15:23:02 by "androidbuild" with gcc Android (7284624, based on r416183b) Clang 12.0.5 (https://android.googlesource.com/toolchain/llvm-project c935d99d7cf2016289302412d708641d52d2f7ee)

END.
