#
# A fatal error has been detected by the Java Runtime Environment:
#
#  SIGSEGV (0xb) at pc=0x000000010226befa, pid=11973, tid=42499
#
# JRE version: OpenJDK Runtime Environment (11.0.15) (build 11.0.15+0-b2043.56-8887301)
# Java VM: OpenJDK 64-Bit Server VM (11.0.15+0-b2043.56-8887301, mixed mode, tiered, compressed oops, g1 gc, bsd-amd64)
# Problematic frame:
# V  [libjvm.dylib+0x6befa]  MachNode::ideal_reg() const+0x8
#
# No core dump will be written. Core dumps have been disabled. To enable core dumping, try "ulimit -c unlimited" before starting Java again
#
# If you would like to submit a bug report, please visit:
#   https://bugreport.java.com/bugreport/crash.jsp
#

---------------  S U M M A R Y ------------

Command Line: --add-opens=java.base/java.util=ALL-UNNAMED --add-opens=java.base/java.lang=ALL-UNNAMED --add-opens=java.base/java.lang.invoke=ALL-UNNAMED --add-opens=java.base/java.util=ALL-UNNAMED --add-opens=java.prefs/java.util.prefs=ALL-UNNAMED --add-opens=java.prefs/java.util.prefs=ALL-UNNAMED --add-opens=java.base/java.nio.charset=ALL-UNNAMED --add-opens=java.base/java.net=ALL-UNNAMED --add-opens=java.base/java.util.concurrent.atomic=ALL-UNNAMED -Xmx2048m -Dfile.encoding=UTF-8 -Duser.country=IN -Duser.language=en -Duser.variant org.gradle.launcher.daemon.bootstrap.GradleDaemon 7.3.3

Host: MacBookPro9,1 x86_64 2300 MHz, 8 cores, 8G, Darwin 19.6.0
Time: Sat Mar 25 16:50:29 2023 IST elapsed time: 13.832736 seconds (0d 0h 0m 13s)

---------------  T H R E A D  ---------------

Current thread (0x00007ffabf811000):  JavaThread "C2 CompilerThread0" daemon [_thread_in_native, id=42499, stack(0x000070000a10b000,0x000070000a20b000)]


Current CompileTask:
C2:  13833 3850       4       java.lang.invoke.LambdaForm$Name::replaceNames (174 bytes)

Stack: [0x000070000a10b000,0x000070000a20b000],  sp=0x000070000a207700,  free space=1009k
Native frames: (J=compiled Java code, A=aot compiled Java code, j=interpreted, Vv=VM code, C=native code)
V  [libjvm.dylib+0x6befa]  MachNode::ideal_reg() const+0x8
V  [libjvm.dylib+0x1d9bf1]  PhaseChaitin::gather_lrg_masks(bool)+0x237
V  [libjvm.dylib+0x1d9393]  PhaseChaitin::Register_Allocate()+0x4c1
V  [libjvm.dylib+0x240eb9]  Compile::Code_Gen()+0x1f7
V  [libjvm.dylib+0x23f2c9]  Compile::Compile(ciEnv*, C2Compiler*, ciMethod*, int, bool, bool, bool, bool, DirectiveSet*)+0x8c9
V  [libjvm.dylib+0x1c5601]  C2Compiler::compile_method(ciEnv*, ciMethod*, int, DirectiveSet*)+0xd5
V  [libjvm.dylib+0x24c151]  CompileBroker::invoke_compiler_on_method(CompileTask*)+0x555
V  [libjvm.dylib+0x24bac5]  CompileBroker::compiler_thread_loop()+0x1fb
V  [libjvm.dylib+0x789c61]  JavaThread::thread_main_inner()+0x89
V  [libjvm.dylib+0x789aaa]  JavaThread::run()+0x12e
V  [libjvm.dylib+0x787a46]  Thread::call_run()+0x68
V  [libjvm.dylib+0x631dbb]  thread_native_entry(Thread*)+0x12d
C  [libsystem_pthread.dylib+0x6109]  _pthread_start+0x94
C  [libsystem_pthread.dylib+0x1b8b]  thread_start+0xf


siginfo: si_signo: 11 (SIGSEGV), si_code: 1 (SEGV_MAPERR), si_addr: 0x00007ff8c309d530

Register to memory mapping:

RAX=0x00007ff8c309d530 is an unknown value
RBX=0x00007ffac309d4f0 points into unknown readable memory: 0x0000000102b070e8 | e8 70 b0 02 01 00 00 00
RCX=0x0000000000125160 is an unknown value
RDX=0x0000000000000245 is an unknown value
RSP=0x000070000a207700 is pointing into the stack for thread: 0x00007ffabf811000
RBP=0x000070000a207700 is pointing into the stack for thread: 0x00007ffabf811000
RSI=0x0000000102bca810: _PTR_R15_REG_mask+0 in /Applications/Android Studio.app/Contents/jbr/Contents/Home/lib/server/libjvm.dylib at 0x0000000102200000
RDI=0x00007ffac309d4f0 points into unknown readable memory: 0x0000000102b070e8 | e8 70 b0 02 01 00 00 00
R8 =0x0 is NULL
R9 =0x0000000000000001 is an unknown value
R10=0x0 is NULL
R11=0x0 is NULL
R12=0x00007ffac5da8010 points into unknown readable memory: 0x0000000000000000 | 00 00 00 00 00 00 00 00
R13=0x00007ffac5ecd1a8 points into unknown readable memory: 0x0000000030000000 | 00 00 00 30 00 00 00 00
R14=0x00000000ffffffff is an unknown value
R15=0x0000000000125160 is an unknown value


Registers:
RAX=0x00007ff8c309d530, RBX=0x00007ffac309d4f0, RCX=0x0000000000125160, RDX=0x0000000000000245
RSP=0x000070000a207700, RBP=0x000070000a207700, RSI=0x0000000102bca810, RDI=0x00007ffac309d4f0
R8 =0x0000000000000000, R9 =0x0000000000000001, R10=0x0000000000000000, R11=0x0000000000000000
R12=0x00007ffac5da8010, R13=0x00007ffac5ecd1a8, R14=0x00000000ffffffff, R15=0x0000000000125160
RIP=0x000000010226befa, EFLAGS=0x0000000000010246, ERR=0x0000000000000004
  TRAPNO=0x000000000000000e

Top of Stack: (sp=0x000070000a207700)
0x000070000a207700:   000070000a2077a0 00000001023d9bf1
0x000070000a207710:   0000000000000110 00000000ffffffff
0x000070000a207720:   0000000000000009 00000000000006f5
0x000070000a207730:   00007ffac5e088a8 00000002c610a110
0x000070000a207740:   0000000000000001 0000000102bca810
0x000070000a207750:   00007ffabf82c708 00007ffac2b57768
0x000070000a207760:   000070000a2090e8 0000000100153100
0x000070000a207770:   00007ffac309d4f0 0000000000000000
0x000070000a207780:   000070000a2090e8 0000000102be6c00
0x000070000a207790:   000070000a207810 000070000a2079a8
0x000070000a2077a0:   000070000a207a40 00000001023d9393
0x000070000a2077b0:   0000000000000000 0000000102b67908
0x000070000a2077c0:   000000000000000d 000070000a209fe8
0x000070000a2077d0:   000070000a2090e8 00007fff000035ee
0x000070000a2077e0:   0000000000000000 000070000a207840
0x000070000a2077f0:   000070000a207830 000000010282e102
0x000070000a207800:   0000000102be62c0 000000000000d7d0
0x000070000a207810:   00007ffac52e0000 0000000000000000
0x000070000a207820:   0000000000000000 0000000102bad200
0x000070000a207830:   000070000a207880 0000000102a0c82c
0x000070000a207840:   0000000000000000 0000000000000000
0x000070000a207850:   0000000000000000 0000000102a0c82c
0x000070000a207860:   000070000a207800 000000010298f707
0x000070000a207870:   00007ffac2572390 000000010298f775
0x000070000a207880:   000070000a2078e0 0000000102307613
0x000070000a207890:   000070000a2091f8 0000000000000000
0x000070000a2078a0:   000070000a20792c 00000000000035ee
0x000070000a2078b0:   000070000a2078f0 0000000102739a89
0x000070000a2078c0:   00007ffabfff2600 0000000000299a70
0x000070000a2078d0:   000000000000000a 000070000a209fe8
0x000070000a2078e0:   00007ffac621e010 0000000000000000
0x000070000a2078f0:   00007ffac61c6010 00007ffac31a7a10 

Instructions: (pc=0x000000010226befa)
0x000000010226bdfa:   c3 90 55 48 89 e5 5d e9 46 c7 64 00 55 48 89 e5
0x000000010226be0a:   31 c0 5d c3 55 48 89 e5 31 c9 5d e9 32 56 64 00
0x000000010226be1a:   55 48 89 e5 89 d1 31 d2 5d e9 0c 78 64 00 55 48
0x000000010226be2a:   89 e5 89 f8 48 8d 0d ab 77 81 00 0f b7 0c 81 48
0x000000010226be3a:   8d 15 80 77 81 00 8b 04 82 c1 e0 10 09 c8 5d c3
0x000000010226be4a:   55 48 89 e5 89 f8 48 8d 0d 89 77 81 00 0f b7 0c
0x000000010226be5a:   81 48 8d 15 5e 77 81 00 8b 04 82 c1 e0 10 09 c8
0x000000010226be6a:   5d c3 55 48 89 e5 b8 14 00 00 00 5d c3 90 55 48
0x000000010226be7a:   89 e5 31 c0 5d c3 55 48 89 e5 b8 0c 00 00 00 5d
0x000000010226be8a:   c3 90 55 48 89 e5 b8 03 00 00 00 5d c3 90 55 48
0x000000010226be9a:   89 e5 b8 16 00 00 00 5d c3 90 55 48 89 e5 b8 1e
0x000000010226beaa:   00 00 00 5d c3 90 55 48 89 e5 31 c0 5d c3 55 48
0x000000010226beba:   89 e5 31 c0 5d c3 55 48 89 e5 b8 40 00 00 00 5d
0x000000010226beca:   c3 90 55 48 89 e5 48 8b 47 38 48 85 c0 74 0d 48
0x000000010226beda:   8b 38 48 8b 07 5d ff a0 d8 00 00 00 48 8d 05 83
0x000000010226beea:   16 99 00 48 8b 00 5d c3 55 48 89 e5 48 8b 47 38
0x000000010226befa:   48 8b 38 48 8b 07 ff 90 d8 00 00 00 48 8d 0d 23
0x000000010226bf0a:   17 99 00 48 3b 01 74 14 8b 40 10 48 c1 e0 05 48
0x000000010226bf1a:   8d 0d d0 0f 99 00 8b 44 01 14 eb 05 b8 0d 00 00
0x000000010226bf2a:   00 5d c3 90 55 48 89 e5 b8 7f 96 98 00 5d c3 90
0x000000010226bf3a:   55 48 89 e5 31 c0 5d c3 55 48 89 e5 b8 ff ff ff
0x000000010226bf4a:   ff 5d c3 90 55 48 89 e5 31 c0 5d c3 55 48 89 e5
0x000000010226bf5a:   31 c0 5d c3 55 48 89 e5 31 c0 5d c3 55 48 89 e5
0x000000010226bf6a:   b8 01 00 00 00 5d c3 90 55 48 89 e5 31 c0 5d c3
0x000000010226bf7a:   55 48 89 e5 31 c0 5d c3 55 48 89 e5 31 c0 5d c3
0x000000010226bf8a:   55 48 89 e5 48 89 f8 5d c3 90 55 48 89 e5 31 c0
0x000000010226bf9a:   5d c3 55 48 89 e5 31 c0 5d c3 55 48 89 e5 31 c0
0x000000010226bfaa:   5d c3 55 48 89 e5 48 8d 05 51 17 99 00 48 8b 00
0x000000010226bfba:   5d c3 55 48 89 e5 b8 04 00 00 00 5d c3 90 55 48
0x000000010226bfca:   89 e5 48 8d 05 0d b5 81 00 5d c3 90 55 48 89 e5
0x000000010226bfda:   48 8d 05 32 3d 96 00 8a 00 5d c3 90 55 48 89 e5
0x000000010226bfea:   b8 01 00 00 00 5d c3 90 55 48 89 e5 48 8d 05 73 


Stack slot to memory mapping:
stack at sp + 0 slots: 0x000070000a2077a0 is pointing into the stack for thread: 0x00007ffabf811000
stack at sp + 1 slots: 0x00000001023d9bf1: _ZN12PhaseChaitin16gather_lrg_masksEb+0x237 in /Applications/Android Studio.app/Contents/jbr/Contents/Home/lib/server/libjvm.dylib at 0x0000000102200000
stack at sp + 2 slots: 0x0000000000000110 is an unknown value
stack at sp + 3 slots: 0x00000000ffffffff is an unknown value
stack at sp + 4 slots: 0x0000000000000009 is an unknown value
stack at sp + 5 slots: 0x00000000000006f5 is an unknown value
stack at sp + 6 slots: 0x00007ffac5e088a8 points into unknown readable memory: 0x000000000ffffcff | ff fc ff 0f 00 00 00 00
stack at sp + 7 slots: 0x00000002c610a110 is an unknown value


---------------  P R O C E S S  ---------------

Threads class SMR info:
_java_thread_list=0x00007ffac5c1c300, length=37, elements={
0x00007ffabf810000, 0x00007ffac0013800, 0x00007ffac100d000, 0x00007ffac100e000,
0x00007ffabf809800, 0x00007ffabf811000, 0x00007ffac2861800, 0x00007ffabf812800,
0x00007ffabf825800, 0x00007ffac24b2800, 0x00007ffac0ae1000, 0x00007ffac2542000,
0x00007ffac0c6a800, 0x00007ffac2a20000, 0x00007ffac12d0000, 0x00007ffac12d1000,
0x00007ffac3150000, 0x00007ffac2940000, 0x00007ffac03b1800, 0x00007ffac2269000,
0x00007ffac4854000, 0x00007ffac13ad000, 0x00007ffac131b800, 0x00007ffac0c6e000,
0x00007ffac3046800, 0x00007ffac4a32000, 0x00007ffabf9e8800, 0x00007ffac1491000,
0x00007ffac2102000, 0x00007ffac2a4e800, 0x00007ffac4a3d000, 0x00007ffac01dc800,
0x00007ffac14a6000, 0x00007ffabf993000, 0x00007ffac2147000, 0x00007ffac05f6000,
0x00007ffabfe3a000
}

Java Threads: ( => current thread )
  0x00007ffabf810000 JavaThread "main" [_thread_blocked, id=10243, stack(0x00007000094e4000,0x00007000095e4000)]
  0x00007ffac0013800 JavaThread "Reference Handler" daemon [_thread_blocked, id=13571, stack(0x0000700009bf9000,0x0000700009cf9000)]
  0x00007ffac100d000 JavaThread "Finalizer" daemon [_thread_blocked, id=17923, stack(0x0000700009cfc000,0x0000700009dfc000)]
  0x00007ffac100e000 JavaThread "Signal Dispatcher" daemon [_thread_blocked, id=16387, stack(0x0000700009f05000,0x000070000a005000)]
  0x00007ffabf809800 JavaThread "Service Thread" daemon [_thread_blocked, id=43267, stack(0x000070000a008000,0x000070000a108000)]
=>0x00007ffabf811000 JavaThread "C2 CompilerThread0" daemon [_thread_in_native, id=42499, stack(0x000070000a10b000,0x000070000a20b000)]
  0x00007ffac2861800 JavaThread "C1 CompilerThread0" daemon [_thread_blocked, id=22275, stack(0x000070000a20e000,0x000070000a30e000)]
  0x00007ffabf812800 JavaThread "Sweeper thread" daemon [_thread_blocked, id=22531, stack(0x000070000a311000,0x000070000a411000)]
  0x00007ffabf825800 JavaThread "Common-Cleaner" daemon [_thread_blocked, id=22787, stack(0x000070000a414000,0x000070000a514000)]
  0x00007ffac24b2800 JavaThread "Daemon health stats" [_thread_blocked, id=23811, stack(0x000070000a820000,0x000070000a920000)]
  0x00007ffac0ae1000 JavaThread "Incoming local TCP Connector on port 58772" [_thread_in_native, id=24067, stack(0x000070000a923000,0x000070000aa23000)]
  0x00007ffac2542000 JavaThread "Daemon periodic checks" [_thread_blocked, id=38915, stack(0x000070000aa26000,0x000070000ab26000)]
  0x00007ffac0c6a800 JavaThread "Daemon" [_thread_blocked, id=38659, stack(0x000070000ab29000,0x000070000ac29000)]
  0x00007ffac2a20000 JavaThread "Handler for socket connection from /127.0.0.1:58772 to /127.0.0.1:58774" [_thread_in_native, id=25347, stack(0x000070000ac2c000,0x000070000ad2c000)]
  0x00007ffac12d0000 JavaThread "Cancel handler" [_thread_blocked, id=37891, stack(0x000070000ad2f000,0x000070000ae2f000)]
  0x00007ffac12d1000 JavaThread "Daemon worker" [_thread_in_Java, id=37635, stack(0x000070000ae32000,0x000070000af32000)]
  0x00007ffac3150000 JavaThread "Asynchronous log dispatcher for DefaultDaemonConnection: socket connection from /127.0.0.1:58772 to /127.0.0.1:58774" [_thread_blocked, id=37123, stack(0x000070000af35000,0x000070000b035000)]
  0x00007ffac2940000 JavaThread "Stdin handler" [_thread_blocked, id=36611, stack(0x000070000b038000,0x000070000b138000)]
  0x00007ffac03b1800 JavaThread "Daemon client event forwarder" [_thread_blocked, id=27139, stack(0x000070000b13b000,0x000070000b23b000)]
  0x00007ffac2269000 JavaThread "Cache worker for journal cache (/Users/alauddinansari/.gradle/caches/journal-1)" [_thread_blocked, id=34307, stack(0x000070000b74d000,0x000070000b84d000)]
  0x00007ffac4854000 JavaThread "File lock request listener" [_thread_in_native, id=34051, stack(0x000070000b850000,0x000070000b950000)]
  0x00007ffac13ad000 JavaThread "Cache worker for file hash cache (/Users/alauddinansari/.gradle/caches/7.3.3/fileHashes)" [_thread_blocked, id=29187, stack(0x000070000b953000,0x000070000ba53000)]
  0x00007ffac131b800 JavaThread "Cache worker for file hash cache (/Users/alauddinansari/StudioProjects/EHCF/.gradle/7.3.3/fileHashes)" [_thread_blocked, id=33027, stack(0x000070000bb59000,0x000070000bc59000)]
  0x00007ffac0c6e000 JavaThread "File watcher server" daemon [_thread_in_native, id=32259, stack(0x000070000bc5c000,0x000070000bd5c000)]
  0x00007ffac3046800 JavaThread "File watcher consumer" daemon [_thread_blocked, id=30467, stack(0x000070000bd5f000,0x000070000be5f000)]
  0x00007ffac4a32000 JavaThread "Cache worker for checksums cache (/Users/alauddinansari/StudioProjects/EHCF/.gradle/7.3.3/checksums)" [_thread_blocked, id=43523, stack(0x000070000be62000,0x000070000bf62000)]
  0x00007ffabf9e8800 JavaThread "Cache worker for cache directory md-supplier (/Users/alauddinansari/.gradle/caches/7.3.3/md-supplier)" [_thread_blocked, id=86531, stack(0x000070000bf65000,0x000070000c065000)]
  0x00007ffac1491000 JavaThread "Cache worker for cache directory md-rule (/Users/alauddinansari/.gradle/caches/7.3.3/md-rule)" [_thread_blocked, id=86019, stack(0x000070000c068000,0x000070000c168000)]
  0x00007ffac2102000 JavaThread "Cache worker for execution history cache (/Users/alauddinansari/.gradle/caches/7.3.3/executionHistory)" [_thread_blocked, id=85251, stack(0x000070000c16b000,0x000070000c26b000)]
  0x00007ffac2a4e800 JavaThread "jar transforms" [_thread_blocked, id=44035, stack(0x000070000c26e000,0x000070000c36e000)]
  0x00007ffac4a3d000 JavaThread "jar transforms Thread 2" [_thread_blocked, id=44547, stack(0x000070000c371000,0x000070000c471000)]
  0x00007ffac01dc800 JavaThread "Cache worker for file content cache (/Users/alauddinansari/.gradle/caches/7.3.3/fileContent)" [_thread_blocked, id=44803, stack(0x000070000c474000,0x000070000c574000)]
  0x00007ffac14a6000 JavaThread "jar transforms Thread 3" [_thread_blocked, id=83203, stack(0x000070000c577000,0x000070000c677000)]
  0x00007ffabf993000 JavaThread "jar transforms Thread 4" [_thread_blocked, id=45571, stack(0x000070000c67a000,0x000070000c77a000)]
  0x00007ffac2147000 JavaThread "Cache worker for dependencies-accessors (/Users/alauddinansari/StudioProjects/EHCF/.gradle/7.3.3/dependencies-accessors)" [_thread_blocked, id=46083, stack(0x000070000c77d000,0x000070000c87d000)]
  0x00007ffac05f6000 JavaThread "jar transforms Thread 5" [_thread_blocked, id=82691, stack(0x000070000c880000,0x000070000c980000)]
  0x00007ffabfe3a000 JavaThread "Cache worker for Build Output Cleanup Cache (/Users/alauddinansari/StudioProjects/EHCF/.gradle/buildOutputCleanup)" [_thread_blocked, id=82179, stack(0x000070000c983000,0x000070000ca83000)]

Other Threads:
  0x00007ffac1013000 VMThread "VM Thread" [stack: 0x0000700009af6000,0x0000700009bf6000] [id=18435]
  0x00007ffac2056800 WatcherThread [stack: 0x000070000a517000,0x000070000a617000] [id=40963]
  0x00007ffac200e800 GCTaskThread "GC Thread#0" [stack: 0x00007000095e7000,0x00007000096e7000] [id=20739]
  0x00007ffac0081000 GCTaskThread "GC Thread#1" [stack: 0x000070000a61a000,0x000070000a71a000] [id=23299]
  0x00007ffac01cd000 GCTaskThread "GC Thread#2" [stack: 0x000070000a71d000,0x000070000a81d000] [id=23555]
  0x00007ffac48a1800 GCTaskThread "GC Thread#3" [stack: 0x000070000b23e000,0x000070000b33e000] [id=15623]
  0x00007ffac0c79000 GCTaskThread "GC Thread#4" [stack: 0x000070000b341000,0x000070000b441000] [id=35587]
  0x00007ffac253e000 GCTaskThread "GC Thread#5" [stack: 0x000070000b444000,0x000070000b544000] [id=27395]
  0x00007ffac253e800 GCTaskThread "GC Thread#6" [stack: 0x000070000b547000,0x000070000b647000] [id=35075]
  0x00007ffac2545000 GCTaskThread "GC Thread#7" [stack: 0x000070000b64a000,0x000070000b74a000] [id=28163]
  0x00007ffac202f800 ConcurrentGCThread "G1 Main Marker" [stack: 0x00007000096ea000,0x00007000097ea000] [id=20483]
  0x00007ffac2030000 ConcurrentGCThread "G1 Conc#0" [stack: 0x00007000097ed000,0x00007000098ed000] [id=12035]
  0x00007ffac4898800 ConcurrentGCThread "G1 Conc#1" [stack: 0x000070000ba56000,0x000070000bb56000] [id=33539]
  0x00007ffac2848800 ConcurrentGCThread "G1 Refine#0" [stack: 0x00007000098f0000,0x00007000099f0000] [id=19459]
  0x00007ffac2051000 ConcurrentGCThread "G1 Young RemSet Sampling" [stack: 0x00007000099f3000,0x0000700009af3000] [id=19203]

Threads with active compile tasks:
C2 CompilerThread0    13901 3850       4       java.lang.invoke.LambdaForm$Name::replaceNames (174 bytes)

VM state:not at safepoint (normal execution)

VM Mutex/Monitor currently owned by a thread: None

Heap address: 0x0000000780000000, size: 2048 MB, Compressed Oops mode: Zero based, Oop shift amount: 3
Narrow klass base: 0x0000000800000000, Narrow klass shift: 0
Compressed class space size: 1073741824 Address: 0x0000000800000000

Heap:
 garbage-first heap   total 157696K, used 65267K [0x0000000780000000, 0x0000000800000000)
  region size 1024K, 39 young (39936K), 4 survivors (4096K)
 Metaspace       used 47744K, capacity 49035K, committed 49328K, reserved 1091584K
  class space    used 6042K, capacity 6530K, committed 6656K, reserved 1048576K
Heap Regions: E=young(eden), S=young(survivor), O=old, HS=humongous(starts), HC=humongous(continues), CS=collection set, F=free, A=archive, TAMS=top-at-mark-start (previous, next)
|   0|0x0000000780000000, 0x0000000780100000, 0x0000000780100000|100%| O|  |TAMS 0x0000000780100000, 0x0000000780000000| Untracked 
|   1|0x0000000780100000, 0x0000000780200000, 0x0000000780200000|100%| O|  |TAMS 0x0000000780200000, 0x0000000780100000| Untracked 
|   2|0x0000000780200000, 0x0000000780300000, 0x0000000780300000|100%| O|  |TAMS 0x0000000780300000, 0x0000000780200000| Untracked 
|   3|0x0000000780300000, 0x0000000780400000, 0x0000000780400000|100%|HS|  |TAMS 0x0000000780400000, 0x0000000780300000| Complete 
|   4|0x0000000780400000, 0x0000000780500000, 0x0000000780500000|100%|HC|  |TAMS 0x0000000780500000, 0x0000000780400000| Complete 
|   5|0x0000000780500000, 0x0000000780600000, 0x0000000780600000|100%|HC|  |TAMS 0x0000000780600000, 0x0000000780500000| Complete 
|   6|0x0000000780600000, 0x0000000780700000, 0x0000000780700000|100%| O|  |TAMS 0x0000000780700000, 0x0000000780600000| Untracked 
|   7|0x0000000780700000, 0x0000000780800000, 0x0000000780800000|100%| O|  |TAMS 0x0000000780800000, 0x0000000780700000| Untracked 
|   8|0x0000000780800000, 0x0000000780900000, 0x0000000780900000|100%| O|  |TAMS 0x0000000780900000, 0x0000000780800000| Untracked 
|   9|0x0000000780900000, 0x0000000780a00000, 0x0000000780a00000|100%| O|  |TAMS 0x0000000780a00000, 0x0000000780900000| Untracked 
|  10|0x0000000780a00000, 0x0000000780b00000, 0x0000000780b00000|100%| O|  |TAMS 0x0000000780b00000, 0x0000000780a00000| Untracked 
|  11|0x0000000780b00000, 0x0000000780c00000, 0x0000000780c00000|100%| O|  |TAMS 0x0000000780c00000, 0x0000000780b00000| Untracked 
|  12|0x0000000780c00000, 0x0000000780d00000, 0x0000000780d00000|100%| O|  |TAMS 0x0000000780d00000, 0x0000000780c00000| Untracked 
|  13|0x0000000780d00000, 0x0000000780e00000, 0x0000000780e00000|100%| O|  |TAMS 0x0000000780e00000, 0x0000000780d00000| Untracked 
|  14|0x0000000780e00000, 0x0000000780f00000, 0x0000000780f00000|100%| O|  |TAMS 0x0000000780f00000, 0x0000000780e00000| Untracked 
|  15|0x0000000780f00000, 0x0000000781000000, 0x0000000781000000|100%| O|  |TAMS 0x0000000781000000, 0x0000000780f00000| Untracked 
|  16|0x0000000781000000, 0x0000000781000000, 0x0000000781100000|  0%| F|  |TAMS 0x0000000781000000, 0x0000000781000000| Untracked 
|  17|0x0000000781100000, 0x0000000781200000, 0x0000000781200000|100%| O|  |TAMS 0x0000000781100000, 0x0000000781100000| Untracked 
|  18|0x0000000781200000, 0x0000000781300000, 0x0000000781300000|100%| O|  |TAMS 0x0000000781200000, 0x0000000781200000| Untracked 
|  19|0x0000000781300000, 0x0000000781400000, 0x0000000781400000|100%| O|  |TAMS 0x0000000781400000, 0x0000000781300000| Untracked 
|  20|0x0000000781400000, 0x0000000781500000, 0x0000000781500000|100%| O|  |TAMS 0x0000000781500000, 0x0000000781400000| Untracked 
|  21|0x0000000781500000, 0x0000000781600000, 0x0000000781600000|100%| O|  |TAMS 0x000000078156e200, 0x0000000781500000| Untracked 
|  22|0x0000000781600000, 0x0000000781700000, 0x0000000781700000|100%| O|  |TAMS 0x0000000781600000, 0x0000000781600000| Untracked 
|  23|0x0000000781700000, 0x0000000781800000, 0x0000000781800000|100%| O|  |TAMS 0x0000000781700000, 0x0000000781700000| Untracked 
|  24|0x0000000781800000, 0x0000000781900000, 0x0000000781900000|100%| O|  |TAMS 0x0000000781800000, 0x0000000781800000| Untracked 
|  25|0x0000000781900000, 0x0000000781a00000, 0x0000000781a00000|100%| O|  |TAMS 0x0000000781900000, 0x0000000781900000| Untracked 
|  26|0x0000000781a00000, 0x0000000781b00000, 0x0000000781b00000|100%| O|  |TAMS 0x0000000781a00000, 0x0000000781a00000| Untracked 
|  27|0x0000000781b00000, 0x0000000781b62800, 0x0000000781c00000| 38%| O|  |TAMS 0x0000000781b00000, 0x0000000781b00000| Untracked 
|  28|0x0000000781c00000, 0x0000000781c00000, 0x0000000781d00000|  0%| F|  |TAMS 0x0000000781c00000, 0x0000000781c00000| Untracked 
|  29|0x0000000781d00000, 0x0000000781d00000, 0x0000000781e00000|  0%| F|  |TAMS 0x0000000781d00000, 0x0000000781d00000| Untracked 
|  30|0x0000000781e00000, 0x0000000781e00000, 0x0000000781f00000|  0%| F|  |TAMS 0x0000000781e00000, 0x0000000781e00000| Untracked 
|  31|0x0000000781f00000, 0x0000000781f00000, 0x0000000782000000|  0%| F|  |TAMS 0x0000000781f00000, 0x0000000781f00000| Untracked 
|  32|0x0000000782000000, 0x0000000782000000, 0x0000000782100000|  0%| F|  |TAMS 0x0000000782000000, 0x0000000782000000| Untracked 
|  33|0x0000000782100000, 0x0000000782100000, 0x0000000782200000|  0%| F|  |TAMS 0x0000000782100000, 0x0000000782100000| Untracked 
|  34|0x0000000782200000, 0x0000000782200000, 0x0000000782300000|  0%| F|  |TAMS 0x0000000782200000, 0x0000000782200000| Untracked 
|  35|0x0000000782300000, 0x0000000782300000, 0x0000000782400000|  0%| F|  |TAMS 0x0000000782300000, 0x0000000782300000| Untracked 
|  36|0x0000000782400000, 0x0000000782400000, 0x0000000782500000|  0%| F|  |TAMS 0x0000000782400000, 0x0000000782400000| Untracked 
|  37|0x0000000782500000, 0x0000000782500000, 0x0000000782600000|  0%| F|  |TAMS 0x0000000782500000, 0x0000000782500000| Untracked 
|  38|0x0000000782600000, 0x0000000782600000, 0x0000000782700000|  0%| F|  |TAMS 0x0000000782600000, 0x0000000782600000| Untracked 
|  39|0x0000000782700000, 0x0000000782700000, 0x0000000782800000|  0%| F|  |TAMS 0x0000000782700000, 0x0000000782700000| Untracked 
|  40|0x0000000782800000, 0x0000000782800000, 0x0000000782900000|  0%| F|  |TAMS 0x0000000782800000, 0x0000000782800000| Untracked 
|  41|0x0000000782900000, 0x0000000782900000, 0x0000000782a00000|  0%| F|  |TAMS 0x0000000782900000, 0x0000000782900000| Untracked 
|  42|0x0000000782a00000, 0x0000000782a00000, 0x0000000782b00000|  0%| F|  |TAMS 0x0000000782a00000, 0x0000000782a00000| Untracked 
|  43|0x0000000782b00000, 0x0000000782b00000, 0x0000000782c00000|  0%| F|  |TAMS 0x0000000782b00000, 0x0000000782b00000| Untracked 
|  44|0x0000000782c00000, 0x0000000782c00000, 0x0000000782d00000|  0%| F|  |TAMS 0x0000000782c00000, 0x0000000782c00000| Untracked 
|  45|0x0000000782d00000, 0x0000000782d00000, 0x0000000782e00000|  0%| F|  |TAMS 0x0000000782d00000, 0x0000000782d00000| Untracked 
|  46|0x0000000782e00000, 0x0000000782e00000, 0x0000000782f00000|  0%| F|  |TAMS 0x0000000782e00000, 0x0000000782e00000| Untracked 
|  47|0x0000000782f00000, 0x0000000782f00000, 0x0000000783000000|  0%| F|  |TAMS 0x0000000782f00000, 0x0000000782f00000| Untracked 
|  48|0x0000000783000000, 0x0000000783000000, 0x0000000783100000|  0%| F|  |TAMS 0x0000000783000000, 0x0000000783000000| Untracked 
|  49|0x0000000783100000, 0x0000000783100000, 0x0000000783200000|  0%| F|  |TAMS 0x0000000783100000, 0x0000000783100000| Untracked 
|  50|0x0000000783200000, 0x0000000783200000, 0x0000000783300000|  0%| F|  |TAMS 0x0000000783200000, 0x0000000783200000| Untracked 
|  51|0x0000000783300000, 0x0000000783300000, 0x0000000783400000|  0%| F|  |TAMS 0x0000000783300000, 0x0000000783300000| Untracked 
|  52|0x0000000783400000, 0x0000000783400000, 0x0000000783500000|  0%| F|  |TAMS 0x0000000783400000, 0x0000000783400000| Untracked 
|  53|0x0000000783500000, 0x0000000783500000, 0x0000000783600000|  0%| F|  |TAMS 0x0000000783500000, 0x0000000783500000| Untracked 
|  54|0x0000000783600000, 0x0000000783600000, 0x0000000783700000|  0%| F|  |TAMS 0x0000000783600000, 0x0000000783600000| Untracked 
|  55|0x0000000783700000, 0x0000000783700000, 0x0000000783800000|  0%| F|  |TAMS 0x0000000783700000, 0x0000000783700000| Untracked 
|  56|0x0000000783800000, 0x0000000783800000, 0x0000000783900000|  0%| F|  |TAMS 0x0000000783800000, 0x0000000783800000| Untracked 
|  57|0x0000000783900000, 0x0000000783900000, 0x0000000783a00000|  0%| F|  |TAMS 0x0000000783900000, 0x0000000783900000| Untracked 
|  58|0x0000000783a00000, 0x0000000783a00000, 0x0000000783b00000|  0%| F|  |TAMS 0x0000000783a00000, 0x0000000783a00000| Untracked 
|  59|0x0000000783b00000, 0x0000000783b00000, 0x0000000783c00000|  0%| F|  |TAMS 0x0000000783b00000, 0x0000000783b00000| Untracked 
|  60|0x0000000783c00000, 0x0000000783c00000, 0x0000000783d00000|  0%| F|  |TAMS 0x0000000783c00000, 0x0000000783c00000| Untracked 
|  61|0x0000000783d00000, 0x0000000783d5a5c0, 0x0000000783e00000| 35%| S|CS|TAMS 0x0000000783d00000, 0x0000000783d00000| Complete 
|  62|0x0000000783e00000, 0x0000000783f00000, 0x0000000783f00000|100%| S|CS|TAMS 0x0000000783e00000, 0x0000000783e00000| Complete 
|  63|0x0000000783f00000, 0x0000000784000000, 0x0000000784000000|100%| S|CS|TAMS 0x0000000783f00000, 0x0000000783f00000| Complete 
|  64|0x0000000784000000, 0x0000000784100000, 0x0000000784100000|100%| S|CS|TAMS 0x0000000784000000, 0x0000000784000000| Complete 
|  65|0x0000000784100000, 0x0000000784100000, 0x0000000784200000|  0%| F|  |TAMS 0x0000000784100000, 0x0000000784100000| Untracked 
|  66|0x0000000784200000, 0x0000000784200000, 0x0000000784300000|  0%| F|  |TAMS 0x0000000784200000, 0x0000000784200000| Untracked 
|  67|0x0000000784300000, 0x0000000784300000, 0x0000000784400000|  0%| F|  |TAMS 0x0000000784300000, 0x0000000784300000| Untracked 
|  68|0x0000000784400000, 0x0000000784400000, 0x0000000784500000|  0%| F|  |TAMS 0x0000000784400000, 0x0000000784400000| Untracked 
|  69|0x0000000784500000, 0x0000000784500000, 0x0000000784600000|  0%| F|  |TAMS 0x0000000784500000, 0x0000000784500000| Untracked 
|  70|0x0000000784600000, 0x0000000784600000, 0x0000000784700000|  0%| F|  |TAMS 0x0000000784600000, 0x0000000784600000| Untracked 
|  71|0x0000000784700000, 0x0000000784700000, 0x0000000784800000|  0%| F|  |TAMS 0x0000000784700000, 0x0000000784700000| Untracked 
|  72|0x0000000784800000, 0x0000000784800000, 0x0000000784900000|  0%| F|  |TAMS 0x0000000784800000, 0x0000000784800000| Untracked 
|  73|0x0000000784900000, 0x0000000784900000, 0x0000000784a00000|  0%| F|  |TAMS 0x0000000784900000, 0x0000000784900000| Untracked 
|  74|0x0000000784a00000, 0x0000000784a00000, 0x0000000784b00000|  0%| F|  |TAMS 0x0000000784a00000, 0x0000000784a00000| Untracked 
|  75|0x0000000784b00000, 0x0000000784b00000, 0x0000000784c00000|  0%| F|  |TAMS 0x0000000784b00000, 0x0000000784b00000| Untracked 
|  76|0x0000000784c00000, 0x0000000784c00000, 0x0000000784d00000|  0%| F|  |TAMS 0x0000000784c00000, 0x0000000784c00000| Untracked 
|  77|0x0000000784d00000, 0x0000000784d00000, 0x0000000784e00000|  0%| F|  |TAMS 0x0000000784d00000, 0x0000000784d00000| Untracked 
|  78|0x0000000784e00000, 0x0000000784e00000, 0x0000000784f00000|  0%| F|  |TAMS 0x0000000784e00000, 0x0000000784e00000| Untracked 
|  79|0x0000000784f00000, 0x0000000784f00000, 0x0000000785000000|  0%| F|  |TAMS 0x0000000784f00000, 0x0000000784f00000| Untracked 
|  80|0x0000000785000000, 0x0000000785000000, 0x0000000785100000|  0%| F|  |TAMS 0x0000000785000000, 0x0000000785000000| Untracked 
|  81|0x0000000785100000, 0x0000000785100000, 0x0000000785200000|  0%| F|  |TAMS 0x0000000785100000, 0x0000000785100000| Untracked 
|  82|0x0000000785200000, 0x0000000785200000, 0x0000000785300000|  0%| F|  |TAMS 0x0000000785200000, 0x0000000785200000| Untracked 
|  83|0x0000000785300000, 0x0000000785300000, 0x0000000785400000|  0%| F|  |TAMS 0x0000000785300000, 0x0000000785300000| Untracked 
|  84|0x0000000785400000, 0x0000000785400000, 0x0000000785500000|  0%| F|  |TAMS 0x0000000785400000, 0x0000000785400000| Untracked 
|  85|0x0000000785500000, 0x0000000785500000, 0x0000000785600000|  0%| F|  |TAMS 0x0000000785500000, 0x0000000785500000| Untracked 
|  86|0x0000000785600000, 0x0000000785600000, 0x0000000785700000|  0%| F|  |TAMS 0x0000000785600000, 0x0000000785600000| Untracked 
|  87|0x0000000785700000, 0x0000000785700000, 0x0000000785800000|  0%| F|  |TAMS 0x0000000785700000, 0x0000000785700000| Untracked 
|  88|0x0000000785800000, 0x0000000785800000, 0x0000000785900000|  0%| F|  |TAMS 0x0000000785800000, 0x0000000785800000| Untracked 
|  89|0x0000000785900000, 0x0000000785900000, 0x0000000785a00000|  0%| F|  |TAMS 0x0000000785900000, 0x0000000785900000| Untracked 
|  90|0x0000000785a00000, 0x0000000785a00000, 0x0000000785b00000|  0%| F|  |TAMS 0x0000000785a00000, 0x0000000785a00000| Untracked 
|  91|0x0000000785b00000, 0x0000000785b00000, 0x0000000785c00000|  0%| F|  |TAMS 0x0000000785b00000, 0x0000000785b00000| Untracked 
|  92|0x0000000785c00000, 0x0000000785c00000, 0x0000000785d00000|  0%| F|  |TAMS 0x0000000785c00000, 0x0000000785c00000| Untracked 
|  93|0x0000000785d00000, 0x0000000785d00000, 0x0000000785e00000|  0%| F|  |TAMS 0x0000000785d00000, 0x0000000785d00000| Untracked 
|  94|0x0000000785e00000, 0x0000000785e00000, 0x0000000785f00000|  0%| F|  |TAMS 0x0000000785e00000, 0x0000000785e00000| Untracked 
|  95|0x0000000785f00000, 0x0000000785f00000, 0x0000000786000000|  0%| F|  |TAMS 0x0000000785f00000, 0x0000000785f00000| Untracked 
|  96|0x0000000786000000, 0x0000000786000000, 0x0000000786100000|  0%| F|  |TAMS 0x0000000786000000, 0x0000000786000000| Untracked 
|  97|0x0000000786100000, 0x0000000786100000, 0x0000000786200000|  0%| F|  |TAMS 0x0000000786100000, 0x0000000786100000| Untracked 
|  98|0x0000000786200000, 0x0000000786200000, 0x0000000786300000|  0%| F|  |TAMS 0x0000000786200000, 0x0000000786200000| Untracked 
|  99|0x0000000786300000, 0x0000000786300000, 0x0000000786400000|  0%| F|  |TAMS 0x0000000786300000, 0x0000000786300000| Untracked 
| 100|0x0000000786400000, 0x0000000786400000, 0x0000000786500000|  0%| F|  |TAMS 0x0000000786400000, 0x0000000786400000| Untracked 
| 101|0x0000000786500000, 0x0000000786500000, 0x0000000786600000|  0%| F|  |TAMS 0x0000000786500000, 0x0000000786500000| Untracked 
| 102|0x0000000786600000, 0x0000000786600000, 0x0000000786700000|  0%| F|  |TAMS 0x0000000786600000, 0x0000000786600000| Untracked 
| 103|0x0000000786700000, 0x0000000786700000, 0x0000000786800000|  0%| F|  |TAMS 0x0000000786700000, 0x0000000786700000| Untracked 
| 104|0x0000000786800000, 0x0000000786800000, 0x0000000786900000|  0%| F|  |TAMS 0x0000000786800000, 0x0000000786800000| Untracked 
| 105|0x0000000786900000, 0x0000000786900000, 0x0000000786a00000|  0%| F|  |TAMS 0x0000000786900000, 0x0000000786900000| Untracked 
| 106|0x0000000786a00000, 0x0000000786a00000, 0x0000000786b00000|  0%| F|  |TAMS 0x0000000786a00000, 0x0000000786a00000| Untracked 
| 107|0x0000000786b00000, 0x0000000786b00000, 0x0000000786c00000|  0%| F|  |TAMS 0x0000000786b00000, 0x0000000786b00000| Untracked 
| 108|0x0000000786c00000, 0x0000000786c00000, 0x0000000786d00000|  0%| F|  |TAMS 0x0000000786c00000, 0x0000000786c00000| Untracked 
| 109|0x0000000786d00000, 0x0000000786d00000, 0x0000000786e00000|  0%| F|  |TAMS 0x0000000786d00000, 0x0000000786d00000| Untracked 
| 110|0x0000000786e00000, 0x0000000786e00000, 0x0000000786f00000|  0%| F|  |TAMS 0x0000000786e00000, 0x0000000786e00000| Untracked 
| 111|0x0000000786f00000, 0x0000000786f00000, 0x0000000787000000|  0%| F|  |TAMS 0x0000000786f00000, 0x0000000786f00000| Untracked 
| 112|0x0000000787000000, 0x0000000787000000, 0x0000000787100000|  0%| F|  |TAMS 0x0000000787000000, 0x0000000787000000| Untracked 
| 113|0x0000000787100000, 0x0000000787100000, 0x0000000787200000|  0%| F|  |TAMS 0x0000000787100000, 0x0000000787100000| Untracked 
| 114|0x0000000787200000, 0x0000000787200000, 0x0000000787300000|  0%| F|  |TAMS 0x0000000787200000, 0x0000000787200000| Untracked 
| 115|0x0000000787300000, 0x0000000787300000, 0x0000000787400000|  0%| F|  |TAMS 0x0000000787300000, 0x0000000787300000| Untracked 
| 116|0x0000000787400000, 0x0000000787400000, 0x0000000787500000|  0%| F|  |TAMS 0x0000000787400000, 0x0000000787400000| Untracked 
| 117|0x0000000787500000, 0x0000000787500000, 0x0000000787600000|  0%| F|  |TAMS 0x0000000787500000, 0x0000000787500000| Untracked 
| 118|0x0000000787600000, 0x0000000787600000, 0x0000000787700000|  0%| F|  |TAMS 0x0000000787600000, 0x0000000787600000| Untracked 
| 119|0x0000000787700000, 0x0000000787800000, 0x0000000787800000|100%| E|  |TAMS 0x0000000787700000, 0x0000000787700000| Complete 
| 120|0x0000000787800000, 0x0000000787900000, 0x0000000787900000|100%| E|CS|TAMS 0x0000000787800000, 0x0000000787800000| Complete 
| 121|0x0000000787900000, 0x0000000787a00000, 0x0000000787a00000|100%| E|CS|TAMS 0x0000000787900000, 0x0000000787900000| Complete 
| 122|0x0000000787a00000, 0x0000000787b00000, 0x0000000787b00000|100%| E|CS|TAMS 0x0000000787a00000, 0x0000000787a00000| Complete 
| 123|0x0000000787b00000, 0x0000000787c00000, 0x0000000787c00000|100%| E|CS|TAMS 0x0000000787b00000, 0x0000000787b00000| Complete 
| 124|0x0000000787c00000, 0x0000000787d00000, 0x0000000787d00000|100%| E|CS|TAMS 0x0000000787c00000, 0x0000000787c00000| Complete 
| 125|0x0000000787d00000, 0x0000000787e00000, 0x0000000787e00000|100%| E|CS|TAMS 0x0000000787d00000, 0x0000000787d00000| Complete 
| 126|0x0000000787e00000, 0x0000000787f00000, 0x0000000787f00000|100%| E|CS|TAMS 0x0000000787e00000, 0x0000000787e00000| Complete 
| 127|0x0000000787f00000, 0x0000000788000000, 0x0000000788000000|100%| E|CS|TAMS 0x0000000787f00000, 0x0000000787f00000| Complete 
| 128|0x0000000788000000, 0x0000000788100000, 0x0000000788100000|100%| E|CS|TAMS 0x0000000788000000, 0x0000000788000000| Complete 
| 129|0x0000000788100000, 0x0000000788200000, 0x0000000788200000|100%| E|CS|TAMS 0x0000000788100000, 0x0000000788100000| Complete 
| 130|0x0000000788200000, 0x0000000788300000, 0x0000000788300000|100%| E|CS|TAMS 0x0000000788200000, 0x0000000788200000| Complete 
| 131|0x0000000788300000, 0x0000000788400000, 0x0000000788400000|100%| E|CS|TAMS 0x0000000788300000, 0x0000000788300000| Complete 
| 132|0x0000000788400000, 0x0000000788500000, 0x0000000788500000|100%| E|CS|TAMS 0x0000000788400000, 0x0000000788400000| Complete 
| 133|0x0000000788500000, 0x0000000788600000, 0x0000000788600000|100%| E|CS|TAMS 0x0000000788500000, 0x0000000788500000| Complete 
| 134|0x0000000788600000, 0x0000000788700000, 0x0000000788700000|100%| E|CS|TAMS 0x0000000788600000, 0x0000000788600000| Complete 
| 135|0x0000000788700000, 0x0000000788800000, 0x0000000788800000|100%| E|CS|TAMS 0x0000000788700000, 0x0000000788700000| Complete 
| 136|0x0000000788800000, 0x0000000788900000, 0x0000000788900000|100%| E|CS|TAMS 0x0000000788800000, 0x0000000788800000| Complete 
| 137|0x0000000788900000, 0x0000000788a00000, 0x0000000788a00000|100%| E|CS|TAMS 0x0000000788900000, 0x0000000788900000| Complete 
| 138|0x0000000788a00000, 0x0000000788b00000, 0x0000000788b00000|100%| E|CS|TAMS 0x0000000788a00000, 0x0000000788a00000| Complete 
| 139|0x0000000788b00000, 0x0000000788c00000, 0x0000000788c00000|100%| E|CS|TAMS 0x0000000788b00000, 0x0000000788b00000| Complete 
| 140|0x0000000788c00000, 0x0000000788d00000, 0x0000000788d00000|100%| E|CS|TAMS 0x0000000788c00000, 0x0000000788c00000| Complete 
| 141|0x0000000788d00000, 0x0000000788e00000, 0x0000000788e00000|100%| E|CS|TAMS 0x0000000788d00000, 0x0000000788d00000| Complete 
| 142|0x0000000788e00000, 0x0000000788f00000, 0x0000000788f00000|100%| E|CS|TAMS 0x0000000788e00000, 0x0000000788e00000| Complete 
| 143|0x0000000788f00000, 0x0000000789000000, 0x0000000789000000|100%| E|CS|TAMS 0x0000000788f00000, 0x0000000788f00000| Complete 
| 144|0x0000000789000000, 0x0000000789100000, 0x0000000789100000|100%| E|CS|TAMS 0x0000000789000000, 0x0000000789000000| Complete 
| 145|0x0000000789100000, 0x0000000789200000, 0x0000000789200000|100%| E|CS|TAMS 0x0000000789100000, 0x0000000789100000| Complete 
| 146|0x0000000789200000, 0x0000000789300000, 0x0000000789300000|100%| E|CS|TAMS 0x0000000789200000, 0x0000000789200000| Complete 
| 147|0x0000000789300000, 0x0000000789400000, 0x0000000789400000|100%| E|CS|TAMS 0x0000000789300000, 0x0000000789300000| Complete 
| 148|0x0000000789400000, 0x0000000789500000, 0x0000000789500000|100%| E|CS|TAMS 0x0000000789400000, 0x0000000789400000| Complete 
| 149|0x0000000789500000, 0x0000000789600000, 0x0000000789600000|100%| E|CS|TAMS 0x0000000789500000, 0x0000000789500000| Complete 
| 150|0x0000000789600000, 0x0000000789700000, 0x0000000789700000|100%| E|CS|TAMS 0x0000000789600000, 0x0000000789600000| Complete 
| 151|0x0000000789700000, 0x0000000789800000, 0x0000000789800000|100%| E|CS|TAMS 0x0000000789700000, 0x0000000789700000| Complete 
| 152|0x0000000789800000, 0x0000000789900000, 0x0000000789900000|100%| E|CS|TAMS 0x0000000789800000, 0x0000000789800000| Complete 
| 153|0x0000000789900000, 0x0000000789a00000, 0x0000000789a00000|100%| E|CS|TAMS 0x0000000789900000, 0x0000000789900000| Complete 

Card table byte_map: [0x00000001074f6000,0x00000001078f6000] _byte_map_base: 0x00000001038f6000

Marking Bits (Prev, Next): (CMBitMap*) 0x00007ffac2026a50, (CMBitMap*) 0x00007ffac2026a18
 Prev Bits: [0x0000000109cf6000, 0x000000010bcf6000)
 Next Bits: [0x0000000107cf6000, 0x0000000109cf6000)

Polling page: 0x000000010119a000

Metaspace:

Usage:
  Non-class:     41.51 MB capacity,    40.73 MB ( 98%) used,   674.61 KB (  2%) free+waste,   121.94 KB ( <1%) overhead. 
      Class:      6.38 MB capacity,     5.90 MB ( 93%) used,   429.70 KB (  7%) free+waste,    58.06 KB ( <1%) overhead. 
       Both:     47.89 MB capacity,    46.63 MB ( 97%) used,     1.08 MB (  2%) free+waste,   180.00 KB ( <1%) overhead. 

Virtual space:
  Non-class space:       42.00 MB reserved,      41.67 MB (>99%) committed 
      Class space:        1.00 GB reserved,       6.50 MB ( <1%) committed 
             Both:        1.04 GB reserved,      48.17 MB (  5%) committed 

Chunk freelists:
   Non-Class:  0 bytes
       Class:  0 bytes
        Both:  0 bytes

MaxMetaspaceSize: unlimited
CompressedClassSpaceSize: 1.00 GB
Initial GC threshold: 20.80 MB
Current GC threshold: 67.37 MB
CDS: off

CodeHeap 'non-profiled nmethods': size=120032Kb used=1747Kb max_used=1747Kb free=118284Kb
 bounds [0x0000000115580000, 0x00000001157f0000, 0x000000011cab8000]
CodeHeap 'profiled nmethods': size=120028Kb used=8799Kb max_used=8799Kb free=111228Kb
 bounds [0x000000010e049000, 0x000000010e8e9000, 0x0000000115580000]
CodeHeap 'non-nmethods': size=5700Kb used=2279Kb max_used=2320Kb free=3420Kb
 bounds [0x000000010dab8000, 0x000000010dd28000, 0x000000010e049000]
 total_blobs=5191 nmethods=4414 adapters=690
 compilation: enabled
              stopped_count=0, restarted_count=0
 full_count=0

Compilation events (20 events):
Event: 13.804 Thread 0x00007ffac2861800 4469  s    2       java.io.FileDescriptor::unregisterCleanup (20 bytes)
Event: 13.804 Thread 0x00007ffac2861800 nmethod 4469 0x000000010e8d5010 code [0x000000010e8d51c0, 0x000000010e8d54a0]
Event: 13.806 Thread 0x00007ffac2861800 4470  s!   2       java.io.FileDescriptor::closeAll (163 bytes)
Event: 13.808 Thread 0x00007ffac2861800 nmethod 4470 0x000000010e8d5590 code [0x000000010e8d57e0, 0x000000010e8d5f80]
Event: 13.809 Thread 0x00007ffac2861800 4471       2       org.gradle.internal.component.model.DefaultIvyArtifactName::<init> (34 bytes)
Event: 13.810 Thread 0x00007ffac2861800 nmethod 4471 0x000000010e8d6490 code [0x000000010e8d6660, 0x000000010e8d6900]
Event: 13.810 Thread 0x00007ffac2861800 4472       2       org.gradle.internal.component.model.DefaultIvyArtifactName::computeHashCode (71 bytes)
Event: 13.811 Thread 0x00007ffac2861800 nmethod 4472 0x000000010e8d6a10 code [0x000000010e8d6c00, 0x000000010e8d6e10]
Event: 13.812 Thread 0x00007ffac2861800 4473       2       java.util.Spliterators::spliterator (16 bytes)
Event: 13.815 Thread 0x00007ffac2861800 nmethod 4473 0x000000010e8d6f90 code [0x000000010e8d7160, 0x000000010e8d7390]
Event: 13.815 Thread 0x00007ffac2861800 4474       2       java.util.Spliterators$ArraySpliterator::<init> (10 bytes)
Event: 13.815 Thread 0x00007ffac2861800 nmethod 4474 0x000000010e8d7510 code [0x000000010e8d76c0, 0x000000010e8d7830]
Event: 13.819 Thread 0x00007ffac2861800 4475       2       jdk.internal.ref.PhantomCleanable::clear (12 bytes)
Event: 13.819 Thread 0x00007ffac2861800 nmethod 4475 0x000000010e8d7910 code [0x000000010e8d7ac0, 0x000000010e8d7c20]
Event: 13.819 Thread 0x00007ffac2861800 4476       2       java.util.Collections::singletonSpliterator (9 bytes)
Event: 13.820 Thread 0x00007ffac2861800 nmethod 4476 0x000000010e8d7d10 code [0x000000010e8d7ec0, 0x000000010e8d8050]
Event: 13.820 Thread 0x00007ffac2861800 4477       2       java.util.Collections$2::<init> (15 bytes)
Event: 13.820 Thread 0x00007ffac2861800 nmethod 4477 0x000000010e8d8110 code [0x000000010e8d82c0, 0x000000010e8d8410]
Event: 13.820 Thread 0x00007ffac2861800 4478       2       org.gradle.internal.component.external.model.maven.DefaultMavenModuleResolveMetadata::include (23 bytes)
Event: 13.820 Thread 0x00007ffac2861800 nmethod 4478 0x000000010e8d8490 code [0x000000010e8d8640, 0x000000010e8d87c0]

GC Heap History (14 events):
Event: 2.162 GC heap before
{Heap before GC invocations=0 (full 0):
 garbage-first heap   total 131072K, used 29696K [0x0000000780000000, 0x0000000800000000)
  region size 1024K, 24 young (24576K), 0 survivors (0K)
 Metaspace       used 10070K, capacity 10311K, committed 10624K, reserved 1058816K
  class space    used 1037K, capacity 1141K, committed 1152K, reserved 1048576K
}
Event: 2.171 GC heap after
{Heap after GC invocations=1 (full 0):
 garbage-first heap   total 131072K, used 9428K [0x0000000780000000, 0x0000000800000000)
  region size 1024K, 3 young (3072K), 3 survivors (3072K)
 Metaspace       used 10070K, capacity 10311K, committed 10624K, reserved 1058816K
  class space    used 1037K, capacity 1141K, committed 1152K, reserved 1048576K
}
Event: 5.690 GC heap before
{Heap before GC invocations=1 (full 0):
 garbage-first heap   total 131072K, used 85204K [0x0000000780000000, 0x0000000800000000)
  region size 1024K, 76 young (77824K), 3 survivors (3072K)
 Metaspace       used 18557K, capacity 18935K, committed 19328K, reserved 1067008K
  class space    used 2196K, capacity 2334K, committed 2432K, reserved 1048576K
}
Event: 5.741 GC heap after
{Heap after GC invocations=2 (full 0):
 garbage-first heap   total 131072K, used 15960K [0x0000000780000000, 0x0000000800000000)
  region size 1024K, 10 young (10240K), 10 survivors (10240K)
 Metaspace       used 18557K, capacity 18935K, committed 19328K, reserved 1067008K
  class space    used 2196K, capacity 2334K, committed 2432K, reserved 1048576K
}
Event: 6.256 GC heap before
{Heap before GC invocations=2 (full 0):
 garbage-first heap   total 131072K, used 35416K [0x0000000780000000, 0x0000000800000000)
  region size 1024K, 30 young (30720K), 10 survivors (10240K)
 Metaspace       used 20562K, capacity 20950K, committed 21296K, reserved 1069056K
  class space    used 2495K, capacity 2643K, committed 2688K, reserved 1048576K
}
Event: 6.296 GC heap after
{Heap after GC invocations=3 (full 0):
 garbage-first heap   total 131072K, used 17189K [0x0000000780000000, 0x0000000800000000)
  region size 1024K, 2 young (2048K), 2 survivors (2048K)
 Metaspace       used 20562K, capacity 20950K, committed 21296K, reserved 1069056K
  class space    used 2495K, capacity 2643K, committed 2688K, reserved 1048576K
}
Event: 8.285 GC heap before
{Heap before GC invocations=4 (full 0):
 garbage-first heap   total 131072K, used 78629K [0x0000000780000000, 0x0000000800000000)
  region size 1024K, 62 young (63488K), 2 survivors (2048K)
 Metaspace       used 26806K, capacity 27457K, committed 27696K, reserved 1073152K
  class space    used 3455K, capacity 3694K, committed 3712K, reserved 1048576K
}
Event: 8.293 GC heap after
{Heap after GC invocations=5 (full 0):
 garbage-first heap   total 131072K, used 19028K [0x0000000780000000, 0x0000000800000000)
  region size 1024K, 3 young (3072K), 3 survivors (3072K)
 Metaspace       used 26806K, capacity 27457K, committed 27696K, reserved 1073152K
  class space    used 3455K, capacity 3694K, committed 3712K, reserved 1048576K
}
Event: 10.070 GC heap before
{Heap before GC invocations=5 (full 0):
 garbage-first heap   total 131072K, used 74324K [0x0000000780000000, 0x0000000800000000)
  region size 1024K, 58 young (59392K), 3 survivors (3072K)
 Metaspace       used 34895K, capacity 35723K, committed 35920K, reserved 1081344K
  class space    used 4491K, capacity 4791K, committed 4864K, reserved 1048576K
}
Event: 10.089 GC heap after
{Heap after GC invocations=6 (full 0):
 garbage-first heap   total 131072K, used 22059K [0x0000000780000000, 0x0000000800000000)
  region size 1024K, 6 young (6144K), 6 survivors (6144K)
 Metaspace       used 34895K, capacity 35723K, committed 35920K, reserved 1081344K
  class space    used 4491K, capacity 4791K, committed 4864K, reserved 1048576K
}
Event: 11.746 GC heap before
{Heap before GC invocations=7 (full 0):
 garbage-first heap   total 131072K, used 89643K [0x0000000780000000, 0x0000000800000000)
  region size 1024K, 70 young (71680K), 6 survivors (6144K)
 Metaspace       used 40176K, capacity 41175K, committed 41392K, reserved 1085440K
  class space    used 5051K, capacity 5368K, committed 5376K, reserved 1048576K
}
Event: 11.768 GC heap after
{Heap after GC invocations=8 (full 0):
 garbage-first heap   total 131072K, used 27779K [0x0000000780000000, 0x0000000800000000)
  region size 1024K, 9 young (9216K), 9 survivors (9216K)
 Metaspace       used 40176K, capacity 41175K, committed 41392K, reserved 1085440K
  class space    used 5051K, capacity 5368K, committed 5376K, reserved 1048576K
}
Event: 12.822 GC heap before
{Heap before GC invocations=9 (full 0):
 garbage-first heap   total 131072K, used 92291K [0x0000000780000000, 0x0000000800000000)
  region size 1024K, 72 young (73728K), 9 survivors (9216K)
 Metaspace       used 45301K, capacity 46474K, committed 46640K, reserved 1089536K
  class space    used 5734K, capacity 6166K, committed 6272K, reserved 1048576K
}
Event: 12.834 GC heap after
{Heap after GC invocations=10 (full 0):
 garbage-first heap   total 157696K, used 30451K [0x0000000780000000, 0x0000000800000000)
  region size 1024K, 4 young (4096K), 4 survivors (4096K)
 Metaspace       used 45301K, capacity 46474K, committed 46640K, reserved 1089536K
  class space    used 5734K, capacity 6166K, committed 6272K, reserved 1048576K
}

Deoptimization events (20 events):
Event: 13.215 Thread 0x00007ffac12d1000 DEOPT PACKING pc=0x000000010e5e8d29 sp=0x000070000af2a340
Event: 13.215 Thread 0x00007ffac12d1000 DEOPT UNPACKING pc=0x000000010db0264a sp=0x000070000af298a8 mode 0
Event: 13.343 Thread 0x00007ffac12d1000 DEOPT PACKING pc=0x000000010e3e6120 sp=0x000070000af2b090
Event: 13.343 Thread 0x00007ffac12d1000 DEOPT UNPACKING pc=0x000000010db0264a sp=0x000070000af2a5c8 mode 0
Event: 13.374 Thread 0x00007ffac12d1000 DEOPT PACKING pc=0x000000010e3e6120 sp=0x000070000af2ad30
Event: 13.374 Thread 0x00007ffac12d1000 DEOPT UNPACKING pc=0x000000010db0264a sp=0x000070000af2a268 mode 0
Event: 13.406 Thread 0x00007ffac12d1000 DEOPT PACKING pc=0x000000010e3e6120 sp=0x000070000af2b100
Event: 13.406 Thread 0x00007ffac12d1000 DEOPT UNPACKING pc=0x000000010db0264a sp=0x000070000af2a638 mode 0
Event: 13.472 Thread 0x00007ffac12d1000 DEOPT PACKING pc=0x000000010e3e6120 sp=0x000070000af2b100
Event: 13.472 Thread 0x00007ffac12d1000 DEOPT UNPACKING pc=0x000000010db0264a sp=0x000070000af2a638 mode 0
Event: 13.506 Thread 0x00007ffac12d1000 DEOPT PACKING pc=0x000000010e3e6120 sp=0x000070000af2b090
Event: 13.506 Thread 0x00007ffac12d1000 DEOPT UNPACKING pc=0x000000010db0264a sp=0x000070000af2a5c8 mode 0
Event: 13.545 Thread 0x00007ffac12d1000 DEOPT PACKING pc=0x000000010e3e6120 sp=0x000070000af2b100
Event: 13.545 Thread 0x00007ffac12d1000 DEOPT UNPACKING pc=0x000000010db0264a sp=0x000070000af2a638 mode 0
Event: 13.584 Thread 0x00007ffac12d1000 DEOPT PACKING pc=0x000000010e3e6120 sp=0x000070000af2ad30
Event: 13.584 Thread 0x00007ffac12d1000 DEOPT UNPACKING pc=0x000000010db0264a sp=0x000070000af2a268 mode 0
Event: 13.644 Thread 0x00007ffac12d1000 DEOPT PACKING pc=0x000000010e3e6120 sp=0x000070000af2ad30
Event: 13.644 Thread 0x00007ffac12d1000 DEOPT UNPACKING pc=0x000000010db0264a sp=0x000070000af2a268 mode 0
Event: 13.795 Thread 0x00007ffac12d1000 DEOPT PACKING pc=0x000000010e3e6120 sp=0x000070000af2b110
Event: 13.795 Thread 0x00007ffac12d1000 DEOPT UNPACKING pc=0x000000010db0264a sp=0x000070000af2a658 mode 0

Classes redefined (0 events):
No events

Internal exceptions (20 events):
Event: 12.489 Thread 0x00007ffac12d1000 Exception <a 'java/lang/ClassNotFoundException'{0x0000000785977970}: build_4yuayth8qlzcijtx5qtsnihpqBeanInfo> (0x0000000785977970) thrown at [src/hotspot/share/classfile/systemDictionary.cpp, line 230]
Event: 12.490 Thread 0x00007ffac12d1000 Exception <a 'java/lang/ClassNotFoundException'{0x000000078598e908}: org/gradle/api/internal/project/ProjectScriptBeanInfo> (0x000000078598e908) thrown at [src/hotspot/share/classfile/systemDictionary.cpp, line 230]
Event: 12.490 Thread 0x00007ffac12d1000 Exception <a 'java/lang/ClassNotFoundException'{0x00000007859a5a08}: org/gradle/api/internal/project/ProjectScriptCustomizer> (0x00000007859a5a08) thrown at [src/hotspot/share/classfile/systemDictionary.cpp, line 230]
Event: 12.491 Thread 0x00007ffac12d1000 Exception <a 'java/lang/ClassNotFoundException'{0x00000007859c0c88}: build_4yuayth8qlzcijtx5qtsnihpqCustomizer> (0x00000007859c0c88) thrown at [src/hotspot/share/classfile/systemDictionary.cpp, line 230]
Event: 12.504 Thread 0x00007ffac12d1000 Exception <a 'java/lang/ClassNotFoundException'{0x0000000785854468}: org/gradle/plugin/use/internal/PluginRequestCollector$PluginDependenciesSpecImplBeanInfo> (0x0000000785854468) thrown at [src/hotspot/share/classfile/systemDictionary.cpp, line 230]
Event: 12.504 Thread 0x00007ffac12d1000 Exception <a 'java/lang/ClassNotFoundException'{0x00000007858835c8}: org/gradle/plugin/use/internal/PluginRequestCollector$PluginDependenciesSpecImplCustomizer> (0x00000007858835c8) thrown at [src/hotspot/share/classfile/systemDictionary.cpp, line 230]
Event: 12.510 Thread 0x00007ffac12d1000 Exception <a 'java/lang/ClassNotFoundException'{0x00000007858eb5c8}: org/gradle/plugin/use/internal/PluginRequestCollector$PluginDependencySpecImplBeanInfo> (0x00000007858eb5c8) thrown at [src/hotspot/share/classfile/systemDictionary.cpp, line 230]
Event: 12.511 Thread 0x00007ffac12d1000 Exception <a 'java/lang/ClassNotFoundException'{0x0000000785719bc0}: org/gradle/plugin/use/internal/PluginRequestCollector$PluginDependencySpecImplCustomizer> (0x0000000785719bc0) thrown at [src/hotspot/share/classfile/systemDictionary.cpp, line 230]
Event: 12.877 Thread 0x00007ffac12d1000 Exception <a 'java/lang/NoSuchMethodError'{0x00000007897d2290}: 'int java.lang.invoke.DirectMethodHandle$Holder.invokeInterface(java.lang.Object, java.lang.Object)'> (0x00000007897d2290) thrown at [src/hotspot/share/interpreter/linkResolver.cpp, line 773]
Event: 12.877 Thread 0x00007ffac12d1000 Exception <a 'java/lang/IncompatibleClassChangeError'{0x00000007897d5d70}: Found class java.lang.Object, but interface was expected> (0x00000007897d5d70) thrown at [src/hotspot/share/interpreter/linkResolver.cpp, line 839]
Event: 13.007 Thread 0x00007ffac12d1000 Exception <a 'java/lang/NoSuchMethodError'{0x0000000788e5f350}: 'int java.lang.invoke.DirectMethodHandle$Holder.invokeStaticInit(java.lang.Object)'> (0x0000000788e5f350) thrown at [src/hotspot/share/interpreter/linkResolver.cpp, line 773]
Event: 13.058 Thread 0x00007ffac12d1000 Exception <a 'java/lang/NoSuchMethodError'{0x0000000788b4b468}: 'void java.lang.invoke.DirectMethodHandle$Holder.invokeStatic(java.lang.Object, java.lang.Object, java.lang.Object, int, java.lang.Object)'> (0x0000000788b4b468) thrown at [src/hotspot/share/interpreter/linkResolver.cpp, line 773]
Event: 13.178 Thread 0x00007ffac12d1000 Implicit null exception at 0x00000001156c9b1b to 0x00000001156c9c84
Event: 13.210 Thread 0x00007ffac12d1000 Exception <a 'java/lang/NoSuchMethodError'{0x0000000788431078}: 'java.lang.Object java.lang.invoke.DelegatingMethodHandle$Holder.reinvoke_L(java.lang.Object, java.lang.Object, java.lang.Object, java.lang.Object, java.lang.Object, java.lang.Object, java.lang.Object, java.lang.Object, java.lang.Object, java.lang.Object, java.lang.Object, java.lang.Object, java.lang.Object, java.lang.Object, java.lang.Object, java.lang.Object, java.lang.Object, java.lang.Object, java.lang.Object, java.lang.Object)'> (0x000000
Event: 13.211 Thread 0x00007ffac12d1000 Exception <a 'java/lang/NoSuchMethodError'{0x000000078843cb18}: 'java.lang.Object java.lang.invoke.DirectMethodHandle$Holder.invokeSpecial(java.lang.Object, java.lang.Object, java.lang.Object, java.lang.Object, java.lang.Object, java.lang.Object, java.lang.Object, java.lang.Object, java.lang.Object, java.lang.Object, java.lang.Object, java.lang.Object, java.lang.Object, java.lang.Object, java.lang.Object, java.lang.Object, java.lang.Object, java.lang.Object, java.lang.Object, java.lang.Object)'> (0x0000000
Event: 13.211 Thread 0x00007ffac12d1000 Exception <a 'java/lang/NoSuchMethodError'{0x0000000788442a58}: 'java.lang.Object java.lang.invoke.Invokers$Holder.invoker(java.lang.Object, java.lang.Object, java.lang.Object, java.lang.Object, java.lang.Object, java.lang.Object, java.lang.Object, java.lang.Object, java.lang.Object, java.lang.Object, java.lang.Object, java.lang.Object, java.lang.Object, java.lang.Object, java.lang.Object, java.lang.Object, java.lang.Object, java.lang.Object, java.lang.Object, java.lang.Object)'> (0x0000000788442a58) throw
Event: 13.212 Thread 0x00007ffac12d1000 Exception <a 'java/lang/NoSuchMethodError'{0x0000000788449b68}: 'java.lang.Object java.lang.invoke.DelegatingMethodHandle$Holder.delegate(java.lang.Object, java.lang.Object, java.lang.Object, java.lang.Object, java.lang.Object, java.lang.Object, java.lang.Object, java.lang.Object, java.lang.Object, java.lang.Object, java.lang.Object, java.lang.Object, java.lang.Object, java.lang.Object, java.lang.Object, java.lang.Object, java.lang.Object, java.lang.Object, java.lang.Object, java.lang.Object)'> (0x00000007
Event: 13.219 Thread 0x00007ffac12d1000 Exception <a 'java/lang/NoSuchMethodError'{0x00000007884912e8}: 'java.lang.Object java.lang.invoke.DirectMethodHandle$Holder.invokeStatic(java.lang.Object, java.lang.Object, java.lang.Object, java.lang.Object, java.lang.Object, java.lang.Object, java.lang.Object, java.lang.Object, java.lang.Object, java.lang.Object, java.lang.Object, java.lang.Object, java.lang.Object, java.lang.Object, java.lang.Object)'> (0x00000007884912e8) thrown at [src/hotspot/share/interpreter/linkResolver.cpp, line 773]
Event: 13.221 Thread 0x00007ffac12d1000 Exception <a 'java/lang/NoSuchMethodError'{0x00000007884a17f0}: 'java.lang.Object java.lang.invoke.DirectMethodHandle$Holder.invokeStatic(java.lang.Object, java.lang.Object, java.lang.Object, java.lang.Object, java.lang.Object, java.lang.Object, java.lang.Object, java.lang.Object, java.lang.Object, java.lang.Object, java.lang.Object, java.lang.Object, java.lang.Object, java.lang.Object, java.lang.Object, java.lang.Object)'> (0x00000007884a17f0) thrown at [src/hotspot/share/interpreter/linkResolver.cpp, lin
Event: 13.223 Thread 0x00007ffac12d1000 Exception <a 'java/lang/NoSuchMethodError'{0x00000007884b1c80}: 'java.lang.Object java.lang.invoke.DelegatingMethodHandle$Holder.reinvoke_L(java.lang.Object, java.lang.Object, java.lang.Object, java.lang.Object, java.lang.Object, java.lang.Object, java.lang.Object, java.lang.Object, java.lang.Object, java.lang.Object, java.lang.Object, java.lang.Object, java.lang.Object, java.lang.Object, java.lang.Object, java.lang.Object, java.lang.Object, java.lang.Object, java.lang.Object)'> (0x00000007884b1c80) thrown

Events (20 events):
Event: 13.726 loading class org/gradle/api/internal/artifacts/ivyservice/resolveengine/excludes/specs/ExcludeSpec
Event: 13.726 loading class org/gradle/api/internal/artifacts/ivyservice/resolveengine/excludes/specs/ExcludeSpec done
Event: 13.726 loading class org/gradle/api/internal/artifacts/ivyservice/resolveengine/excludes/specs/ExcludeSpec
Event: 13.726 loading class org/gradle/api/internal/artifacts/ivyservice/resolveengine/excludes/specs/ExcludeSpec done
Event: 13.728 loading class org/gradle/api/internal/artifacts/ivyservice/resolveengine/excludes/specs/GroupExclude
Event: 13.728 loading class org/gradle/api/internal/artifacts/ivyservice/resolveengine/excludes/specs/GroupExclude done
Event: 13.729 loading class org/gradle/api/internal/artifacts/ivyservice/resolveengine/excludes/specs/ModuleExclude
Event: 13.729 loading class org/gradle/api/internal/artifacts/ivyservice/resolveengine/excludes/specs/ModuleExclude done
Event: 13.730 loading class org/gradle/api/internal/artifacts/ivyservice/resolveengine/excludes/specs/ModuleIdSetExclude
Event: 13.730 loading class org/gradle/api/internal/artifacts/ivyservice/resolveengine/excludes/specs/ModuleIdSetExclude done
Event: 13.732 loading class org/gradle/api/artifacts/ModuleIdentifier
Event: 13.732 loading class org/gradle/api/artifacts/ModuleIdentifier done
Event: 13.732 loading class org/gradle/api/internal/artifacts/ivyservice/resolveengine/excludes/specs/ModuleIdExclude
Event: 13.732 loading class org/gradle/api/internal/artifacts/ivyservice/resolveengine/excludes/specs/ModuleIdExclude done
Event: 13.732 loading class org/gradle/api/internal/artifacts/ivyservice/resolveengine/excludes/simple/DefaultModuleIdSetExclude
Event: 13.732 loading class org/gradle/api/internal/artifacts/ivyservice/resolveengine/excludes/simple/DefaultModuleIdSetExclude done
Event: 13.734 loading class org/gradle/api/internal/artifacts/ivyservice/resolveengine/excludes/factories/ExcludeFactory
Event: 13.734 loading class org/gradle/api/internal/artifacts/ivyservice/resolveengine/excludes/factories/ExcludeFactory done
Event: 13.750 loading class org/gradle/api/internal/artifacts/ivyservice/resolveengine/excludes/simple/DefaultExcludeEverything
Event: 13.750 loading class org/gradle/api/internal/artifacts/ivyservice/resolveengine/excludes/simple/DefaultExcludeEverything done


Dynamic libraries:
0x00007fff38763000 	/System/Library/Frameworks/Cocoa.framework/Versions/A/Cocoa
0x00007fff45d78000 	/System/Library/Frameworks/Security.framework/Versions/A/Security
0x00007fff376c9000 	/System/Library/Frameworks/ApplicationServices.framework/Versions/A/ApplicationServices
0x000000010119d000 	/Applications/Android Studio.app/Contents/jbr/Contents/Home/lib/jli/libjli.dylib
0x00007fff6f6d0000 	/usr/lib/libSystem.B.dylib
0x00007fff368bb000 	/System/Library/Frameworks/AppKit.framework/Versions/C/AppKit
0x00007fff39095000 	/System/Library/Frameworks/CoreData.framework/Versions/A/CoreData
0x00007fff3bca9000 	/System/Library/Frameworks/Foundation.framework/Versions/C/Foundation
0x00007fff69a7b000 	/System/Library/PrivateFrameworks/UIFoundation.framework/Versions/A/UIFoundation
0x00007fff65291000 	/System/Library/PrivateFrameworks/RemoteViewServices.framework/Versions/A/RemoteViewServices
0x00007fff6c240000 	/System/Library/PrivateFrameworks/XCTTargetBootstrap.framework/Versions/A/XCTTargetBootstrap
0x00007fff39491000 	/System/Library/Frameworks/CoreDisplay.framework/Versions/A/CoreDisplay
0x00007fff3eb68000 	/System/Library/Frameworks/Metal.framework/Versions/A/Metal
0x00007fff53429000 	/System/Library/PrivateFrameworks/DesktopServicesPriv.framework/Versions/A/DesktopServicesPriv
0x00007fff708a4000 	/usr/lib/liblangid.dylib
0x00007fff526be000 	/System/Library/PrivateFrameworks/CoreSVG.framework/Versions/A/CoreSVG
0x00007fff67c6b000 	/System/Library/PrivateFrameworks/SkyLight.framework/Versions/A/SkyLight
0x00007fff39a46000 	/System/Library/Frameworks/CoreGraphics.framework/Versions/A/CoreGraphics
0x00007fff3522a000 	/System/Library/Frameworks/Accelerate.framework/Versions/A/Accelerate
0x00007fff71b8d000 	/usr/lib/libxml2.2.dylib
0x00007fff5e3b5000 	/System/Library/PrivateFrameworks/IconServices.framework/Versions/A/IconServices
0x00007fff3c488000 	/System/Library/Frameworks/IOSurface.framework/Versions/A/IOSurface
0x00007fff6f1fa000 	/usr/lib/libDiagnosticMessagesClient.dylib
0x00007fff71c9c000 	/usr/lib/libz.1.dylib
0x00007fff53283000 	/System/Library/PrivateFrameworks/DFRFoundation.framework/Versions/A/DFRFoundation
0x00007fff70633000 	/usr/lib/libicucore.A.dylib
0x00007fff379fb000 	/System/Library/Frameworks/AudioToolbox.framework/Versions/A/AudioToolbox
0x00007fff37ade000 	/System/Library/Frameworks/AudioUnit.framework/Versions/A/AudioUnit
0x00007fff6f968000 	/usr/lib/libauto.dylib
0x00007fff53325000 	/System/Library/PrivateFrameworks/DataDetectorsCore.framework/Versions/A/DataDetectorsCore
0x00007fff38284000 	/System/Library/Frameworks/Carbon.framework/Versions/A/Frameworks/HIToolbox.framework/Versions/A/HIToolbox
0x00007fff44f71000 	/System/Library/Frameworks/QuartzCore.framework/Versions/A/QuartzCore
0x00007fff385c3000 	/System/Library/Frameworks/Carbon.framework/Versions/A/Frameworks/SpeechRecognition.framework/Versions/A/SpeechRecognition
0x00007fff52d97000 	/System/Library/PrivateFrameworks/CoreUI.framework/Versions/A/CoreUI
0x00007fff38b52000 	/System/Library/Frameworks/CoreAudio.framework/Versions/A/CoreAudio
0x00007fff3b967000 	/System/Library/Frameworks/DiskArbitration.framework/Versions/A/DiskArbitration
0x00007fff6026a000 	/System/Library/PrivateFrameworks/MultitouchSupport.framework/Versions/A/MultitouchSupport
0x00007fff704f8000 	/usr/lib/libenergytrace.dylib
0x00007fff3c3e2000 	/System/Library/Frameworks/IOKit.framework/Versions/A/IOKit
0x00007fff3a9d1000 	/System/Library/Frameworks/CoreServices.framework/Versions/A/CoreServices
0x00007fff62424000 	/System/Library/PrivateFrameworks/PerformanceAnalysis.framework/Versions/A/PerformanceAnalysis
0x00007fff43fa4000 	/System/Library/Frameworks/OpenGL.framework/Versions/A/OpenGL
0x00007fff715c9000 	/usr/lib/libobjc.A.dylib
0x00007fff38771000 	/System/Library/Frameworks/ColorSync.framework/Versions/A/ColorSync
0x00007fff395c4000 	/System/Library/Frameworks/CoreFoundation.framework/Versions/A/CoreFoundation
0x00007fff3a0ec000 	/System/Library/Frameworks/CoreImage.framework/Versions/A/CoreImage
0x00007fff3b445000 	/System/Library/Frameworks/CoreText.framework/Versions/A/CoreText
0x00007fff3c518000 	/System/Library/Frameworks/ImageIO.framework/Versions/A/ImageIO
0x00007fff6fa4c000 	/usr/lib/libc++.1.dylib
0x00007fff6fac8000 	/usr/lib/libcompression.dylib
0x00007fff6f53e000 	/usr/lib/libMobileGestalt.dylib
0x00007fff697e5000 	/System/Library/PrivateFrameworks/TextureIO.framework/Versions/A/TextureIO
0x00007fff6f835000 	/usr/lib/libate.dylib
0x00007fff5e5be000 	/System/Library/PrivateFrameworks/InternationalSupport.framework/Versions/A/InternationalSupport
0x00007fff7255d000 	/usr/lib/system/libcache.dylib
0x00007fff72563000 	/usr/lib/system/libcommonCrypto.dylib
0x00007fff7256f000 	/usr/lib/system/libcompiler_rt.dylib
0x00007fff72577000 	/usr/lib/system/libcopyfile.dylib
0x00007fff72581000 	/usr/lib/system/libcorecrypto.dylib
0x00007fff72720000 	/usr/lib/system/libdispatch.dylib
0x00007fff72761000 	/usr/lib/system/libdyld.dylib
0x00007fff72798000 	/usr/lib/system/libkeymgr.dylib
0x00007fff727a6000 	/usr/lib/system/liblaunch.dylib
0x00007fff727a7000 	/usr/lib/system/libmacho.dylib
0x00007fff727ad000 	/usr/lib/system/libquarantine.dylib
0x00007fff727b0000 	/usr/lib/system/libremovefile.dylib
0x00007fff727b2000 	/usr/lib/system/libsystem_asl.dylib
0x00007fff727ca000 	/usr/lib/system/libsystem_blocks.dylib
0x00007fff727cb000 	/usr/lib/system/libsystem_c.dylib
0x00007fff72853000 	/usr/lib/system/libsystem_configuration.dylib
0x00007fff72857000 	/usr/lib/system/libsystem_coreservices.dylib
0x00007fff7285b000 	/usr/lib/system/libsystem_darwin.dylib
0x00007fff72864000 	/usr/lib/system/libsystem_dnssd.dylib
0x00007fff7286c000 	/usr/lib/system/libsystem_featureflags.dylib
0x00007fff7286e000 	/usr/lib/system/libsystem_info.dylib
0x00007fff728e9000 	/usr/lib/system/libsystem_m.dylib
0x00007fff72935000 	/usr/lib/system/libsystem_malloc.dylib
0x00007fff7295d000 	/usr/lib/system/libsystem_networkextension.dylib
0x00007fff7296b000 	/usr/lib/system/libsystem_notify.dylib
0x00007fff72989000 	/usr/lib/system/libsystem_sandbox.dylib
0x00007fff7298e000 	/usr/lib/system/libsystem_secinit.dylib
0x00007fff728bc000 	/usr/lib/system/libsystem_kernel.dylib
0x00007fff72975000 	/usr/lib/system/libsystem_platform.dylib
0x00007fff7297e000 	/usr/lib/system/libsystem_pthread.dylib
0x00007fff72991000 	/usr/lib/system/libsystem_symptoms.dylib
0x00007fff72999000 	/usr/lib/system/libsystem_trace.dylib
0x00007fff729b1000 	/usr/lib/system/libunwind.dylib
0x00007fff729b7000 	/usr/lib/system/libxpc.dylib
0x00007fff6fa9f000 	/usr/lib/libc++abi.dylib
0x00007fff708a6000 	/usr/lib/liblzma.5.dylib
0x00007fff70521000 	/usr/lib/libfakelink.dylib
0x00007fff6f7c2000 	/usr/lib/libarchive.2.dylib
0x00007fff46e2b000 	/System/Library/Frameworks/SystemConfiguration.framework/Versions/A/SystemConfiguration
0x00007fff6f12d000 	/usr/lib/libCRFSuite.dylib
0x00007fff37e75000 	/System/Library/Frameworks/CFNetwork.framework/Versions/A/CFNetwork
0x00007fff6fa2e000 	/usr/lib/libbsm.0.dylib
0x00007fff72799000 	/usr/lib/system/libkxld.dylib
0x00007fff4cbe5000 	/System/Library/PrivateFrameworks/AppleFSCompression.framework/Versions/A/AppleFSCompression
0x00007fff6fdba000 	/usr/lib/libcoretls.dylib
0x00007fff6fdd1000 	/usr/lib/libcoretls_cfhelpers.dylib
0x00007fff7160e000 	/usr/lib/libpam.2.dylib
0x00007fff71743000 	/usr/lib/libsqlite3.dylib
0x00007fff71b7a000 	/usr/lib/libxar.1.dylib
0x00007fff6fa3f000 	/usr/lib/libbz2.1.0.dylib
0x00007fff70542000 	/usr/lib/libiconv.2.dylib
0x00007fff6fab5000 	/usr/lib/libcharset.1.dylib
0x00007fff710ac000 	/usr/lib/libnetwork.dylib
0x00007fff71615000 	/usr/lib/libpcap.A.dylib
0x00007fff6f777000 	/usr/lib/libapple_nghttp2.dylib
0x00007fff3ad88000 	/System/Library/Frameworks/CoreServices.framework/Versions/A/Frameworks/FSEvents.framework/Versions/A/FSEvents
0x00007fff3aa58000 	/System/Library/Frameworks/CoreServices.framework/Versions/A/Frameworks/CarbonCore.framework/Versions/A/CarbonCore
0x00007fff3afcd000 	/System/Library/Frameworks/CoreServices.framework/Versions/A/Frameworks/Metadata.framework/Versions/A/Metadata
0x00007fff3b066000 	/System/Library/Frameworks/CoreServices.framework/Versions/A/Frameworks/OSServices.framework/Versions/A/OSServices
0x00007fff3b094000 	/System/Library/Frameworks/CoreServices.framework/Versions/A/Frameworks/SearchKit.framework/Versions/A/SearchKit
0x00007fff3a9d2000 	/System/Library/Frameworks/CoreServices.framework/Versions/A/Frameworks/AE.framework/Versions/A/AE
0x00007fff3ad91000 	/System/Library/Frameworks/CoreServices.framework/Versions/A/Frameworks/LaunchServices.framework/Versions/A/LaunchServices
0x00007fff3ad3a000 	/System/Library/Frameworks/CoreServices.framework/Versions/A/Frameworks/DictionaryServices.framework/Versions/A/DictionaryServices
0x00007fff3b0fc000 	/System/Library/Frameworks/CoreServices.framework/Versions/A/Frameworks/SharedFileList.framework/Versions/A/SharedFileList
0x00007fff3fdc3000 	/System/Library/Frameworks/NetFS.framework/Versions/A/NetFS
0x00007fff6079a000 	/System/Library/PrivateFrameworks/NetAuth.framework/Versions/A/NetAuth
0x00007fff6c60d000 	/System/Library/PrivateFrameworks/login.framework/Versions/A/Frameworks/loginsupport.framework/Versions/A/loginsupport
0x00007fff692b0000 	/System/Library/PrivateFrameworks/TCC.framework/Versions/A/TCC
0x00007fff5181b000 	/System/Library/PrivateFrameworks/CoreNLP.framework/Versions/A/CoreNLP
0x00007fff5fe25000 	/System/Library/PrivateFrameworks/MetadataUtilities.framework/Versions/A/MetadataUtilities
0x00007fff7097e000 	/usr/lib/libmecabra.dylib
0x00007fff708d6000 	/usr/lib/libmecab.dylib
0x00007fff70532000 	/usr/lib/libgermantok.dylib
0x00007fff6f75e000 	/usr/lib/libThaiTokenizer.dylib
0x00007fff6f164000 	/usr/lib/libChineseTokenizer.dylib
0x00007fff35243000 	/System/Library/Frameworks/Accelerate.framework/Versions/A/Frameworks/vImage.framework/Versions/A/vImage
0x00007fff36711000 	/System/Library/Frameworks/Accelerate.framework/Versions/A/Frameworks/vecLib.framework/Versions/A/vecLib
0x00007fff36592000 	/System/Library/Frameworks/Accelerate.framework/Versions/A/Frameworks/vecLib.framework/Versions/A/libvMisc.dylib
0x00007fff363ff000 	/System/Library/Frameworks/Accelerate.framework/Versions/A/Frameworks/vecLib.framework/Versions/A/libvDSP.dylib
0x00007fff35adf000 	/System/Library/Frameworks/Accelerate.framework/Versions/A/Frameworks/vecLib.framework/Versions/A/libBLAS.dylib
0x00007fff35fb7000 	/System/Library/Frameworks/Accelerate.framework/Versions/A/Frameworks/vecLib.framework/Versions/A/libLAPACK.dylib
0x00007fff3635f000 	/System/Library/Frameworks/Accelerate.framework/Versions/A/Frameworks/vecLib.framework/Versions/A/libLinearAlgebra.dylib
0x00007fff363ec000 	/System/Library/Frameworks/Accelerate.framework/Versions/A/Frameworks/vecLib.framework/Versions/A/libSparseBLAS.dylib
0x00007fff36375000 	/System/Library/Frameworks/Accelerate.framework/Versions/A/Frameworks/vecLib.framework/Versions/A/libQuadrature.dylib
0x00007fff35c75000 	/System/Library/Frameworks/Accelerate.framework/Versions/A/Frameworks/vecLib.framework/Versions/A/libBNNS.dylib
0x00007fff3637b000 	/System/Library/Frameworks/Accelerate.framework/Versions/A/Frameworks/vecLib.framework/Versions/A/libSparse.dylib
0x00007fff5e999000 	/System/Library/PrivateFrameworks/LanguageModeling.framework/Versions/A/LanguageModeling
0x00007fff511ca000 	/System/Library/PrivateFrameworks/CoreEmoji.framework/Versions/A/CoreEmoji
0x00007fff5eab7000 	/System/Library/PrivateFrameworks/LinguisticData.framework/Versions/A/LinguisticData
0x00007fff5ea68000 	/System/Library/PrivateFrameworks/Lexicon.framework/Versions/A/Lexicon
0x00007fff6fab6000 	/usr/lib/libcmph.dylib
0x00007fff429b2000 	/System/Library/Frameworks/OpenDirectory.framework/Versions/A/Frameworks/CFOpenDirectory.framework/Versions/A/CFOpenDirectory
0x00007fff429cf000 	/System/Library/Frameworks/OpenDirectory.framework/Versions/A/OpenDirectory
0x00007fff4ae15000 	/System/Library/PrivateFrameworks/APFS.framework/Versions/A/APFS
0x00007fff460c4000 	/System/Library/Frameworks/SecurityFoundation.framework/Versions/A/SecurityFoundation
0x00007fff71b76000 	/usr/lib/libutil.dylib
0x00007fff52716000 	/System/Library/PrivateFrameworks/CoreServicesStore.framework/Versions/A/CoreServicesStore
0x00007fff4617b000 	/System/Library/Frameworks/ServiceManagement.framework/Versions/A/ServiceManagement
0x00007fff4e3b7000 	/System/Library/PrivateFrameworks/BackgroundTaskManagement.framework/Versions/A/BackgroundTaskManagement
0x00007fff71c73000 	/usr/lib/libxslt.1.dylib
0x00007fff4d259000 	/System/Library/PrivateFrameworks/AppleSystemInfo.framework/Versions/A/AppleSystemInfo
0x00007fff3c737000 	/System/Library/Frameworks/ImageIO.framework/Versions/A/Resources/libJPEG.dylib
0x00007fff3c9f6000 	/System/Library/Frameworks/ImageIO.framework/Versions/A/Resources/libTIFF.dylib
0x00007fff3c9d9000 	/System/Library/Frameworks/ImageIO.framework/Versions/A/Resources/libPng.dylib
0x00007fff3c679000 	/System/Library/Frameworks/ImageIO.framework/Versions/A/Resources/libGIF.dylib
0x00007fff3c67d000 	/System/Library/Frameworks/ImageIO.framework/Versions/A/Resources/libJP2.dylib
0x00007fff3c9f4000 	/System/Library/Frameworks/ImageIO.framework/Versions/A/Resources/libRadiance.dylib
0x00007fff704f9000 	/usr/lib/libexpat.1.dylib
0x00007fff4cd40000 	/System/Library/PrivateFrameworks/AppleJPEG.framework/Versions/A/AppleJPEG
0x00007fff55a15000 	/System/Library/PrivateFrameworks/FontServices.framework/libFontParser.dylib
0x00007fff6b75f000 	/System/Library/PrivateFrameworks/WatchdogClient.framework/Versions/A/WatchdogClient
0x00007fff5e001000 	/System/Library/PrivateFrameworks/IOAccelerator.framework/Versions/A/IOAccelerator
0x00007fff3ef03000 	/System/Library/Frameworks/MetalPerformanceShaders.framework/Versions/A/MetalPerformanceShaders
0x00007fff5a791000 	/System/Library/PrivateFrameworks/GPUWrangler.framework/Versions/A/GPUWrangler
0x00007fff5e016000 	/System/Library/PrivateFrameworks/IOPresentment.framework/Versions/A/IOPresentment
0x00007fff53296000 	/System/Library/PrivateFrameworks/DSExternalDisplay.framework/Versions/A/DSExternalDisplay
0x00007fff43343000 	/System/Library/Frameworks/OpenGL.framework/Versions/A/Libraries/libCoreFSCache.dylib
0x00007fff3ec4f000 	/System/Library/Frameworks/MetalPerformanceShaders.framework/Frameworks/MPSCore.framework/Versions/A/MPSCore
0x00007fff3ec8d000 	/System/Library/Frameworks/MetalPerformanceShaders.framework/Frameworks/MPSImage.framework/Versions/A/MPSImage
0x00007fff3ed54000 	/System/Library/Frameworks/MetalPerformanceShaders.framework/Frameworks/MPSNeuralNetwork.framework/Versions/A/MPSNeuralNetwork
0x00007fff3ed18000 	/System/Library/Frameworks/MetalPerformanceShaders.framework/Frameworks/MPSMatrix.framework/Versions/A/MPSMatrix
0x00007fff3eeb3000 	/System/Library/Frameworks/MetalPerformanceShaders.framework/Frameworks/MPSRayIntersector.framework/Versions/A/MPSRayIntersector
0x00007fff3ed3e000 	/System/Library/Frameworks/MetalPerformanceShaders.framework/Frameworks/MPSNDArray.framework/Versions/A/MPSNDArray
0x00007fff5fe72000 	/System/Library/PrivateFrameworks/MetalTools.framework/Versions/A/MetalTools
0x00007fff4bfef000 	/System/Library/PrivateFrameworks/AggregateDictionary.framework/Versions/A/AggregateDictionary
0x00007fff50c11000 	/System/Library/PrivateFrameworks/CoreAnalytics.framework/Versions/A/CoreAnalytics
0x00007fff4d177000 	/System/Library/PrivateFrameworks/AppleSauce.framework/Versions/A/AppleSauce
0x00007fff6f420000 	/usr/lib/libIOReport.dylib
0x00007fff3b5fe000 	/System/Library/Frameworks/CoreVideo.framework/Versions/A/CoreVideo
0x00007fff5bc0a000 	/System/Library/PrivateFrameworks/GraphVisualizer.framework/Versions/A/GraphVisualizer
0x00007fff54f5b000 	/System/Library/PrivateFrameworks/FaceCore.framework/Versions/A/FaceCore
0x00007fff42959000 	/System/Library/Frameworks/OpenCL.framework/Versions/A/OpenCL
0x00007fff6f242000 	/usr/lib/libFosl_dynamic.dylib
0x00007fff611bc000 	/System/Library/PrivateFrameworks/OTSVG.framework/Versions/A/OTSVG
0x00007fff377ce000 	/System/Library/Frameworks/ApplicationServices.framework/Versions/A/Frameworks/ATS.framework/Versions/A/Resources/libFontRegistry.dylib
0x00007fff55be5000 	/System/Library/PrivateFrameworks/FontServices.framework/libhvf.dylib
0x00007fff4334e000 	/System/Library/Frameworks/OpenGL.framework/Versions/A/Libraries/libGFXShared.dylib
0x00007fff4352c000 	/System/Library/Frameworks/OpenGL.framework/Versions/A/Libraries/libGLU.dylib
0x00007fff43357000 	/System/Library/Frameworks/OpenGL.framework/Versions/A/Libraries/libGL.dylib
0x00007fff43362000 	/System/Library/Frameworks/OpenGL.framework/Versions/A/Libraries/libGLImage.dylib
0x00007fff43340000 	/System/Library/Frameworks/OpenGL.framework/Versions/A/Libraries/libCVMSPluginSupport.dylib
0x00007fff43349000 	/System/Library/Frameworks/OpenGL.framework/Versions/A/Libraries/libCoreVMClient.dylib
0x00007fff70f4d000 	/usr/lib/libncurses.5.4.dylib
0x00007fff376ca000 	/System/Library/Frameworks/ApplicationServices.framework/Versions/A/Frameworks/ATS.framework/Versions/A/ATS
0x00007fff37897000 	/System/Library/Frameworks/ApplicationServices.framework/Versions/A/Frameworks/ColorSyncLegacy.framework/Versions/A/ColorSyncLegacy
0x00007fff37935000 	/System/Library/Frameworks/ApplicationServices.framework/Versions/A/Frameworks/HIServices.framework/Versions/A/HIServices
0x00007fff3798d000 	/System/Library/Frameworks/ApplicationServices.framework/Versions/A/Frameworks/LangAnalysis.framework/Versions/A/LangAnalysis
0x00007fff3799c000 	/System/Library/Frameworks/ApplicationServices.framework/Versions/A/Frameworks/PrintCore.framework/Versions/A/PrintCore
0x00007fff379e2000 	/System/Library/Frameworks/ApplicationServices.framework/Versions/A/Frameworks/QD.framework/Versions/A/QD
0x00007fff379ed000 	/System/Library/Frameworks/ApplicationServices.framework/Versions/A/Frameworks/SpeechSynthesis.framework/Versions/A/SpeechSynthesis
0x00007fff37867000 	/System/Library/Frameworks/ApplicationServices.framework/Versions/A/Frameworks/ATSUI.framework/Versions/A/ATSUI
0x00007fff7038f000 	/usr/lib/libcups.2.dylib
0x00007fff3df9e000 	/System/Library/Frameworks/Kerberos.framework/Versions/A/Kerberos
0x00007fff3c0db000 	/System/Library/Frameworks/GSS.framework/Versions/A/GSS
0x00007fff716cf000 	/usr/lib/libresolv.9.dylib
0x00007fff5bdb7000 	/System/Library/PrivateFrameworks/Heimdal.framework/Versions/A/Heimdal
0x00007fff3dfb1000 	/System/Library/Frameworks/Kerberos.framework/Versions/A/Libraries/libHeimdalProxy.dylib
0x00007fff70538000 	/usr/lib/libheimdal-asn1.dylib
0x00007fff500a9000 	/System/Library/PrivateFrameworks/CommonAuth.framework/Versions/A/CommonAuth
0x00007fff4d2f6000 	/System/Library/PrivateFrameworks/AssertionServices.framework/Versions/A/AssertionServices
0x00007fff4de99000 	/System/Library/PrivateFrameworks/AudioToolboxCore.framework/Versions/A/AudioToolboxCore
0x00007fff6c2bd000 	/System/Library/PrivateFrameworks/caulk.framework/Versions/A/caulk
0x00007fff4e463000 	/System/Library/PrivateFrameworks/BaseBoard.framework/Versions/A/BaseBoard
0x00007fff6541f000 	/System/Library/PrivateFrameworks/RunningBoardServices.framework/Versions/A/RunningBoardServices
0x00007fff62430000 	/System/Library/PrivateFrameworks/PersistentConnection.framework/Versions/A/PersistentConnection
0x00007fff64e18000 	/System/Library/PrivateFrameworks/ProtocolBuffer.framework/Versions/A/ProtocolBuffer
0x00007fff500cd000 	/System/Library/PrivateFrameworks/CommonUtilities.framework/Versions/A/CommonUtilities
0x00007fff4e5f1000 	/System/Library/PrivateFrameworks/Bom.framework/Versions/A/Bom
0x00007fff6f0f3000 	/usr/lib/libAudioToolboxUtility.dylib
0x00007fff4e3c1000 	/System/Library/PrivateFrameworks/Backup.framework/Versions/A/Backup
0x00007fff531b7000 	/System/Library/PrivateFrameworks/CrashReporterSupport.framework/Versions/A/CrashReporterSupport
0x00007fff6672f000 	/System/Library/PrivateFrameworks/Sharing.framework/Versions/A/Sharing
0x00007fff4c903000 	/System/Library/PrivateFrameworks/Apple80211.framework/Versions/A/Apple80211
0x00007fff4e0de000 	/System/Library/PrivateFrameworks/AuthKit.framework/Versions/A/AuthKit
0x00007fff52ec4000 	/System/Library/PrivateFrameworks/CoreUtils.framework/Versions/A/CoreUtils
0x00007fff3b643000 	/System/Library/Frameworks/CoreWLAN.framework/Versions/A/CoreWLAN
0x00007fff3c268000 	/System/Library/Frameworks/IOBluetooth.framework/Versions/A/IOBluetooth
0x00007fff5ffe9000 	/System/Library/PrivateFrameworks/MobileKeyBag.framework/Versions/A/MobileKeyBag
0x00007fff51cb3000 	/System/Library/PrivateFrameworks/CorePhoneNumbers.framework/Versions/A/CorePhoneNumbers
0x00007fff4ccf3000 	/System/Library/PrivateFrameworks/AppleIDAuthSupport.framework/Versions/A/AppleIDAuthSupport
0x00007fff3fdd0000 	/System/Library/Frameworks/Network.framework/Versions/A/Network
0x00007fff5e845000 	/System/Library/PrivateFrameworks/KeychainCircle.framework/Versions/A/KeychainCircle
0x00007fff3905c000 	/System/Library/Frameworks/CoreBluetooth.framework/Versions/A/CoreBluetooth
0x00007fff687ae000 	/System/Library/PrivateFrameworks/SpeechRecognitionCore.framework/Versions/A/SpeechRecognitionCore
0x0000000102200000 	/Applications/Android Studio.app/Contents/jbr/Contents/Home/lib/server/libjvm.dylib
0x00000001011d5000 	/Applications/Android Studio.app/Contents/jbr/Contents/Home/lib/libverify.dylib
0x000000010339c000 	/Applications/Android Studio.app/Contents/jbr/Contents/Home/lib/libjava.dylib
0x00000001011e9000 	/Applications/Android Studio.app/Contents/jbr/Contents/Home/lib/libjimage.dylib
0x0000000103420000 	/Applications/Android Studio.app/Contents/jbr/Contents/Home/lib/libzip.dylib
0x000000010c58b000 	/Applications/Android Studio.app/Contents/jbr/Contents/Home/lib/libnio.dylib
0x000000010c5a7000 	/Applications/Android Studio.app/Contents/jbr/Contents/Home/lib/libnet.dylib
0x000000010c5cb000 	/Users/alauddinansari/.gradle/native/e1d6ef7f7dcc3fd88c89a11ec53ec762bb8ba0a96d01ffa2cd45eb1d1d8dd5c5/osx-amd64/libnative-platform.dylib
0x000000010c5d2000 	/Users/alauddinansari/.gradle/native/5664cfc778a61ccfe75a443a1ab52a65af34e5dc3c78e0209fed803814484fcb/osx-amd64/libnative-platform-file-events.dylib
0x000000010ca3f000 	/Applications/Android Studio.app/Contents/jbr/Contents/Home/lib/libmanagement.dylib
0x000000010ca53000 	/Applications/Android Studio.app/Contents/jbr/Contents/Home/lib/libmanagement_ext.dylib
0x000000010cc63000 	/Applications/Android Studio.app/Contents/jbr/Contents/Home/lib/libextnet.dylib


VM Arguments:
jvm_args: --add-opens=java.base/java.util=ALL-UNNAMED --add-opens=java.base/java.lang=ALL-UNNAMED --add-opens=java.base/java.lang.invoke=ALL-UNNAMED --add-opens=java.base/java.util=ALL-UNNAMED --add-opens=java.prefs/java.util.prefs=ALL-UNNAMED --add-opens=java.prefs/java.util.prefs=ALL-UNNAMED --add-opens=java.base/java.nio.charset=ALL-UNNAMED --add-opens=java.base/java.net=ALL-UNNAMED --add-opens=java.base/java.util.concurrent.atomic=ALL-UNNAMED -Xmx2048m -Dfile.encoding=UTF-8 -Duser.country=IN -Duser.language=en -Duser.variant 
java_command: org.gradle.launcher.daemon.bootstrap.GradleDaemon 7.3.3
java_class_path (initial): /Users/alauddinansari/.gradle/wrapper/dists/gradle-7.3.3-bin/6a41zxkdtcxs8rphpq6y0069z/gradle-7.3.3/lib/gradle-launcher-7.3.3.jar
Launcher Type: SUN_STANDARD

[Global flags]
     intx CICompilerCount                          = 4                                         {product} {ergonomic}
     uint ConcGCThreads                            = 2                                         {product} {ergonomic}
     uint G1ConcRefinementThreads                  = 8                                         {product} {ergonomic}
   size_t G1HeapRegionSize                         = 1048576                                   {product} {ergonomic}
    uintx GCDrainStackTargetSize                   = 64                                        {product} {ergonomic}
   size_t InitialHeapSize                          = 134217728                                 {product} {ergonomic}
   size_t MarkStackSize                            = 4194304                                   {product} {ergonomic}
   size_t MaxHeapSize                              = 2147483648                                {product} {command line}
   size_t MaxNewSize                               = 1287651328                                {product} {ergonomic}
   size_t MinHeapDeltaBytes                        = 1048576                                   {product} {ergonomic}
    uintx NonNMethodCodeHeapSize                   = 5836300                                {pd product} {ergonomic}
    uintx NonProfiledCodeHeapSize                  = 122910970                              {pd product} {ergonomic}
    uintx ProfiledCodeHeapSize                     = 122910970                              {pd product} {ergonomic}
    uintx ReservedCodeCacheSize                    = 251658240                              {pd product} {ergonomic}
     bool SegmentedCodeCache                       = true                                      {product} {ergonomic}
     bool UseCompressedClassPointers               = true                                 {lp64_product} {ergonomic}
     bool UseCompressedOops                        = true                                 {lp64_product} {ergonomic}
     bool UseG1GC                                  = true                                      {product} {ergonomic}

Logging:
Log output configuration:
 #0: stdout all=warning uptime,level,tags
 #1: stderr all=off uptime,level,tags

Environment Variables:
PATH=/usr/local/bin:/usr/bin:/bin:/usr/sbin:/sbin:/Library/Apple/usr/bin
SHELL=/bin/zsh
LC_CTYPE=en_IN.UTF-8

Signal Handlers:
SIGSEGV: [libjvm.dylib+0x7d0a90], sa_mask[0]=11111111011111110111111111111111, sa_flags=SA_ONSTACK|SA_RESTART|SA_SIGINFO
SIGBUS: [libjvm.dylib+0x7d0a90], sa_mask[0]=11111111011111110111111111111111, sa_flags=SA_RESTART|SA_SIGINFO
SIGFPE: [libjvm.dylib+0x7d0a90], sa_mask[0]=11111111011111110111111111111111, sa_flags=SA_RESTART|SA_SIGINFO
SIGPIPE: [libjvm.dylib+0x633f66], sa_mask[0]=11111111011111110111111111111111, sa_flags=SA_RESTART|SA_SIGINFO
SIGXFSZ: [libjvm.dylib+0x633f66], sa_mask[0]=11111111011111110111111111111111, sa_flags=SA_RESTART|SA_SIGINFO
SIGILL: [libjvm.dylib+0x7d0a90], sa_mask[0]=11111111011111110111111111111111, sa_flags=SA_RESTART|SA_SIGINFO
SIGUSR2: [libjvm.dylib+0x634544], sa_mask[0]=00100000000000000000000000000000, sa_flags=SA_RESTART|SA_SIGINFO
SIGHUP: [libjvm.dylib+0x633089], sa_mask[0]=11111111011111110111111111111111, sa_flags=SA_RESTART|SA_SIGINFO
SIGINT: [libjvm.dylib+0x633089], sa_mask[0]=11111111011111110111111111111111, sa_flags=SA_RESTART|SA_SIGINFO
SIGTERM: [libjvm.dylib+0x633089], sa_mask[0]=11111111011111110111111111111111, sa_flags=SA_RESTART|SA_SIGINFO
SIGQUIT: [libjvm.dylib+0x633089], sa_mask[0]=11111111011111110111111111111111, sa_flags=SA_RESTART|SA_SIGINFO


---------------  S Y S T E M  ---------------

OS:uname:Darwin 19.6.0 Darwin Kernel Version 19.6.0: Tue Jun 21 21:18:39 PDT 2022; root:xnu-6153.141.66~1/RELEASE_X86_64 x86_64
OS uptime: 1 days 4:27 hours
rlimit (soft/hard): STACK 8192k/65532k , CORE 0k/infinity , NPROC 1392/2088 , NOFILE 10240/infinity , AS infinity/infinity , CPU infinity/infinity , DATA infinity/infinity , FSIZE infinity/infinity , MEMLOCK infinity/infinity , RSS infinity/infinity
load average:7.84 5.38 3.63

CPU:total 8 (initial active 8) (4 cores per cpu, 2 threads per core) family 6 model 58 stepping 9 microcode 0x21, cmov, cx8, fxsr, mmx, sse, sse2, sse3, ssse3, sse4.1, sse4.2, popcnt, avx, aes, clmul, erms, ht, tsc, tscinvbit, tscinv

Memory: 4k page, physical 8388608k(22796k free), swap 2097152k(593408k free)

vm_info: OpenJDK 64-Bit Server VM (11.0.15+0-b2043.56-8887301) for bsd-amd64 JRE (11.0.15+0-b2043.56-8887301), built on Jul 29 2022 15:23:02 by "androidbuild" with gcc Android (7284624, based on r416183b) Clang 12.0.5 (https://android.googlesource.com/toolchain/llvm-project c935d99d7cf2016289302412d708641d52d2f7ee)

END.
